<?xml version="1.0" encoding="UTF-8"?>
<testsuites>
  <testsuite name="smk_expt-ds.mean" timestamp="2026-04-18T03:38:42Z" hostname="runnervmeorf1" tests="33" skipped="3" failures="0" errors="0" time="33.046">
    <testcase time="10.786" classname="smk_expt_ds.mean" name="mean_values_combine_"/>
    <testcase time="0.262" classname="smk_expt_ds.mean" name="mean_values_split_"/>
    <testcase time="0.246" classname="smk_expt_ds.mean" name="mean_values_both_"/>
    <testcase time="0.00499999999999901" classname="smk_expt_ds.mean" name="mean_values_combine_">
      <skipped message="Reason: empty test ('test-smk_expt-ds.mean.R:44:1')"/>
    </testcase>
    <testcase time="0.0340000000000007" classname="smk_expt_ds.mean" name="mean_values_split_">
      <skipped message="Reason: empty test ('test-smk_expt-ds.mean.R:51:1')"/>
    </testcase>
    <testcase time="0.0389999999999997" classname="smk_expt_ds.mean" name="mean_values_both_">
      <skipped message="Reason: empty test ('test-smk_expt-ds.mean.R:58:1')"/>
    </testcase>
    <testcase time="0.23" classname="smk_expt_ds.mean" name="mean_values_combine_"/>
    <testcase time="0.219999999999999" classname="smk_expt_ds.mean" name="mean_values_split_"/>
    <testcase time="0.223000000000001" classname="smk_expt_ds.mean" name="mean_values_both_"/>
    <testcase time="0.218999999999999" classname="smk_expt_ds.mean" name="mean_values_combine_"/>
    <testcase time="0.172000000000001" classname="smk_expt_ds.mean" name="mean_values_split_"/>
    <testcase time="0.171999999999999" classname="smk_expt_ds.mean" name="mean_values_both_"/>
    <testcase time="0.215000000000002" classname="smk_expt_ds.mean" name="mean_values_combine_"/>
    <testcase time="0.173999999999999" classname="smk_expt_ds.mean" name="mean_values_split_"/>
    <testcase time="0.215999999999999" classname="smk_expt_ds.mean" name="mean_values_both_"/>
    <testcase time="1.136" classname="smk_expt_ds.mean" name="mean_values_combine_"/>
    <testcase time="1.12" classname="smk_expt_ds.mean" name="mean_values_split_"/>
    <testcase time="1.121" classname="smk_expt_ds.mean" name="mean_values_both_"/>
    <testcase time="1.11" classname="smk_expt_ds.mean" name="mean_values_combine_"/>
    <testcase time="1.102" classname="smk_expt_ds.mean" name="mean_values_split_"/>
    <testcase time="1.064" classname="smk_expt_ds.mean" name="mean_values_both_"/>
    <testcase time="1.084" classname="smk_expt_ds.mean" name="mean_values_combine_"/>
    <testcase time="1.138" classname="smk_expt_ds.mean" name="mean_values_split_"/>
    <testcase time="1.102" classname="smk_expt_ds.mean" name="mean_values_both_"/>
    <testcase time="1.06" classname="smk_expt_ds.mean" name="mean_values_combine_"/>
    <testcase time="1.056" classname="smk_expt_ds.mean" name="mean_values_split_"/>
    <testcase time="1.241" classname="smk_expt_ds.mean" name="mean_values_both_"/>
    <testcase time="1.226" classname="smk_expt_ds.mean" name="mean_values_combine_"/>
    <testcase time="0.991999999999997" classname="smk_expt_ds.mean" name="mean_values_split_"/>
    <testcase time="1.13" classname="smk_expt_ds.mean" name="mean_values_both_"/>
    <testcase time="1.049" classname="smk_expt_ds.mean" name="mean_values_combine_"/>
    <testcase time="1.074" classname="smk_expt_ds.mean" name="mean_values_split_"/>
    <testcase time="1.028" classname="smk_expt_ds.mean" name="mean_values_both_"/>
  </testsuite>
  <testsuite name="smk_expt-ds.ranksSecure" timestamp="2026-04-18T03:39:15Z" hostname="runnervmeorf1" tests="20" skipped="0" failures="0" errors="0" time="47.953">
    <testcase time="6.637" classname="smk_expt_ds.ranksSecure" name="setup"/>
    <testcase time="0.00200000000000244" classname="smk_expt_ds.ranksSecure" name="setup"/>
    <testcase time="0.00200000000000244" classname="smk_expt_ds.ranksSecure" name="setup"/>
    <testcase time="0.899000000000001" classname="smk_expt_ds.ranksSecure" name="continous_without_NAs_all_positive"/>
    <testcase time="0.415999999999997" classname="smk_expt_ds.ranksSecure" name="continous_without_NAs_all_positive"/>
    <testcase time="0.00200000000000244" classname="smk_expt_ds.ranksSecure" name="continous_without_NAs_all_positive"/>
    <testcase time="0.000999999999997669" classname="smk_expt_ds.ranksSecure" name="continous_without_NAs_all_positive"/>
    <testcase time="0.00200000000000244" classname="smk_expt_ds.ranksSecure" name="continous_without_NAs_all_positive"/>
    <testcase time="10.342" classname="smk_expt_ds.ranksSecure" name="continous_without_NAs_all_positive"/>
    <testcase time="0.890999999999998" classname="smk_expt_ds.ranksSecure" name="continous_without_NAs_with_negative"/>
    <testcase time="0.435000000000002" classname="smk_expt_ds.ranksSecure" name="continous_without_NAs_with_negative"/>
    <testcase time="0.000999999999997669" classname="smk_expt_ds.ranksSecure" name="continous_without_NAs_with_negative"/>
    <testcase time="0.00200000000000244" classname="smk_expt_ds.ranksSecure" name="continous_without_NAs_with_negative"/>
    <testcase time="0.000999999999997669" classname="smk_expt_ds.ranksSecure" name="continous_without_NAs_with_negative"/>
    <testcase time="9.32100000000001" classname="smk_expt_ds.ranksSecure" name="continous_without_NAs_with_negative"/>
    <testcase time="9.276" classname="smk_expt_ds.ranksSecure" name="continous_with_NAs_all_positive"/>
    <testcase time="9.52500000000001" classname="smk_expt_ds.ranksSecure" name="continous_with_NAs_with_negative"/>
    <testcase time="0.194999999999993" classname="smk_expt_ds.ranksSecure" name="setup"/>
    <testcase time="0.00199999999999534" classname="smk_expt_ds.ranksSecure" name="setup"/>
    <testcase time="0.00100000000000477" classname="smk_expt_ds.ranksSecure" name="setup"/>
  </testsuite>
</testsuites>
