<?xml version="1.0" encoding="UTF-8"?>
<testsuites>
  <testsuite name="smk_dgr-ds.asCharacter" timestamp="2026-09-26T05:59:07Z" hostname="runnervmtr4k5" tests="0" skipped="0" failures="0" errors="0" time="0"/>
  <testsuite name="ds.asCharacter::smk_dgr::setup" timestamp="2026-09-26T05:59:07Z" hostname="runnervmtr4k5" tests="3" skipped="0" failures="0" errors="0" time="14.494">
    <testcase time="14.459" classname="ds.asCharacter_smk_dgr_setup" name="setup"/>
    <testcase time="0.0249999999999986" classname="ds.asCharacter_smk_dgr_setup" name="setup"/>
    <testcase time="0.0100000000000016" classname="ds.asCharacter_smk_dgr_setup" name="setup"/>
  </testsuite>
  <testsuite name="ds.asCharacter::smk_dgr::simple test" timestamp="2026-09-26T05:59:21Z" hostname="runnervmtr4k5" tests="3" skipped="0" failures="0" errors="0" time="1.04">
    <testcase time="1.036" classname="ds.asCharacter_smk_dgr_simple_test" name="simple_test"/>
    <testcase time="0.00199999999999889" classname="ds.asCharacter_smk_dgr_simple_test" name="simple_test"/>
    <testcase time="0.00199999999999889" classname="ds.asCharacter_smk_dgr_simple_test" name="simple_test"/>
  </testsuite>
  <testsuite name="ds.asCharacter::smk_dgr::stutdown" timestamp="2026-09-26T05:59:22Z" hostname="runnervmtr4k5" tests="3" skipped="0" failures="0" errors="0" time="0.223">
    <testcase time="0.220000000000002" classname="ds.asCharacter_smk_dgr_stutdown" name="setup"/>
    <testcase time="0.00199999999999889" classname="ds.asCharacter_smk_dgr_stutdown" name="setup"/>
    <testcase time="0.00100000000000122" classname="ds.asCharacter_smk_dgr_stutdown" name="setup"/>
  </testsuite>
  <testsuite name="ds.asCharacter::smk_dgr::done" timestamp="2026-09-26T05:59:23Z" hostname="runnervmtr4k5" tests="0" skipped="0" failures="0" errors="0" time="0"/>
  <testsuite name="smk_dgr-ds.listClientsideFunctions" timestamp="2026-09-26T05:59:23Z" hostname="runnervmtr4k5" tests="0" skipped="0" failures="0" errors="0" time="0"/>
  <testsuite name="ds.listClientsideFunctions::smk_dgr::setup" timestamp="2026-09-26T05:59:23Z" hostname="runnervmtr4k5" tests="3" skipped="0" failures="0" errors="0" time="8.459">
    <testcase time="8.455" classname="ds.listClientsideFunctions_smk_dgr_setup" name="setup"/>
    <testcase time="0.00199999999999889" classname="ds.listClientsideFunctions_smk_dgr_setup" name="setup"/>
    <testcase time="0.00200000000000244" classname="ds.listClientsideFunctions_smk_dgr_setup" name="setup"/>
  </testsuite>
  <testsuite name="ds.listClientsideFunctions::smk_dgr::check results" timestamp="2026-09-26T05:59:31Z" hostname="runnervmtr4k5" tests="9" skipped="0" failures="0" errors="0" time="0.027">
    <testcase time="0.00600000000000023" classname="ds.listClientsideFunctions_smk_dgr_check_results" name="check_results"/>
    <testcase time="0.00300000000000011" classname="ds.listClientsideFunctions_smk_dgr_check_results" name="check_results"/>
    <testcase time="0.00199999999999889" classname="ds.listClientsideFunctions_smk_dgr_check_results" name="check_results"/>
    <testcase time="0.00300000000000011" classname="ds.listClientsideFunctions_smk_dgr_check_results" name="check_results"/>
    <testcase time="0.00300000000000011" classname="ds.listClientsideFunctions_smk_dgr_check_results" name="check_results"/>
    <testcase time="0.00199999999999889" classname="ds.listClientsideFunctions_smk_dgr_check_results" name="check_results"/>
    <testcase time="0.00300000000000011" classname="ds.listClientsideFunctions_smk_dgr_check_results" name="check_results"/>
    <testcase time="0.00199999999999889" classname="ds.listClientsideFunctions_smk_dgr_check_results" name="check_results"/>
    <testcase time="0.00300000000000011" classname="ds.listClientsideFunctions_smk_dgr_check_results" name="check_results"/>
  </testsuite>
  <testsuite name="ds.listClientsideFunctions::smk_dgr::shutdown" timestamp="2026-09-26T05:59:31Z" hostname="runnervmtr4k5" tests="3" skipped="0" failures="0" errors="0" time="0.163">
    <testcase time="0.16" classname="ds.listClientsideFunctions_smk_dgr_shutdown" name="shutdown"/>
    <testcase time="0.00100000000000122" classname="ds.listClientsideFunctions_smk_dgr_shutdown" name="shutdown"/>
    <testcase time="0.00199999999999889" classname="ds.listClientsideFunctions_smk_dgr_shutdown" name="shutdown"/>
  </testsuite>
  <testsuite name="ds.listClientsideFunctions::smk_dgr::done" timestamp="2026-09-26T05:59:31Z" hostname="runnervmtr4k5" tests="0" skipped="0" failures="0" errors="0" time="0"/>
  <testsuite name="smk_dgr-ds.listServersideFunctions" timestamp="2026-09-26T05:59:31Z" hostname="runnervmtr4k5" tests="0" skipped="0" failures="0" errors="0" time="0"/>
  <testsuite name="ds.listServersideFunctions::smk_dgr::setup" timestamp="2026-09-26T05:59:31Z" hostname="runnervmtr4k5" tests="3" skipped="0" failures="0" errors="0" time="8.301">
    <testcase time="8.298" classname="ds.listServersideFunctions_smk_dgr_setup" name="setup"/>
    <testcase time="0.00200000000000244" classname="ds.listServersideFunctions_smk_dgr_setup" name="setup"/>
    <testcase time="0.000999999999997669" classname="ds.listServersideFunctions_smk_dgr_setup" name="setup"/>
  </testsuite>
  <testsuite name="ds.listServersideFunctions::smk_dgr::check results" timestamp="2026-09-26T05:59:39Z" hostname="runnervmtr4k5" tests="31" skipped="0" failures="27" errors="0" time="0.893">
    <testcase time="0.262" classname="ds.listServersideFunctions_smk_dgr_check_results" name="check_results"/>
    <testcase time="0.00200000000000244" classname="ds.listServersideFunctions_smk_dgr_check_results" name="check_results"/>
    <testcase time="0.000999999999997669" classname="ds.listServersideFunctions_smk_dgr_check_results" name="check_results"/>
    <testcase time="0.000999999999997669" classname="ds.listServersideFunctions_smk_dgr_check_results" name="check_results"/>
    <testcase time="0.0739999999999981" classname="ds.listServersideFunctions_smk_dgr_check_results" name="check_results">
      <failure type="failure" message="Expected `func.name %in% sim1.aggregate.res$name` to be TRUE. ('test-smk_dgr-ds.listServersideFunctions.R:60:5')">Expected `func.name %in% sim1.aggregate.res$name` to be TRUE.
Differences:
`actual`:   FALSE
`expected`: TRUE 

DANGERc2sMATDFDS</failure>
    </testcase>
    <testcase time="0.0350000000000037" classname="ds.listServersideFunctions_smk_dgr_check_results" name="check_results">
      <failure type="failure" message="Expected `func.name %in% sim1.aggregate.res$name` to be TRUE. ('test-smk_dgr-ds.listServersideFunctions.R:60:5')">Expected `func.name %in% sim1.aggregate.res$name` to be TRUE.
Differences:
`actual`:   FALSE
`expected`: TRUE 

DANGERlistcodeDS</failure>
    </testcase>
    <testcase time="0.0300000000000011" classname="ds.listServersideFunctions_smk_dgr_check_results" name="check_results">
      <failure type="failure" message="Expected `func.name %in% sim1.aggregate.res$name` to be TRUE. ('test-smk_dgr-ds.listServersideFunctions.R:60:5')">Expected `func.name %in% sim1.aggregate.res$name` to be TRUE.
Differences:
`actual`:   FALSE
`expected`: TRUE 

DANGERdfEXTRACTDS</failure>
    </testcase>
    <testcase time="0.0330000000000013" classname="ds.listServersideFunctions_smk_dgr_check_results" name="check_results">
      <failure type="failure" message="Expected `func.name %in% sim1.aggregate.res$name` to be TRUE. ('test-smk_dgr-ds.listServersideFunctions.R:60:5')">Expected `func.name %in% sim1.aggregate.res$name` to be TRUE.
Differences:
`actual`:   FALSE
`expected`: TRUE 

DANGERpassPARSERDS</failure>
    </testcase>
    <testcase time="0.019999999999996" classname="ds.listServersideFunctions_smk_dgr_check_results" name="check_results">
      <failure type="failure" message="Expected `func.name %in% sim1.aggregate.res$name` to be TRUE. ('test-smk_dgr-ds.listServersideFunctions.R:60:5')">Expected `func.name %in% sim1.aggregate.res$name` to be TRUE.
Differences:
`actual`:   FALSE
`expected`: TRUE 

DANGERprintDS</failure>
    </testcase>
    <testcase time="0.0189999999999984" classname="ds.listServersideFunctions_smk_dgr_check_results" name="check_results">
      <failure type="failure" message="Expected `func.name %in% sim1.aggregate.res$name` to be TRUE. ('test-smk_dgr-ds.listServersideFunctions.R:60:5')">Expected `func.name %in% sim1.aggregate.res$name` to be TRUE.
Differences:
`actual`:   FALSE
`expected`: TRUE 

DANGERplotDS</failure>
    </testcase>
    <testcase time="0.0190000000000055" classname="ds.listServersideFunctions_smk_dgr_check_results" name="check_results">
      <failure type="failure" message="Expected `func.name %in% sim1.aggregate.res$name` to be TRUE. ('test-smk_dgr-ds.listServersideFunctions.R:60:5')">Expected `func.name %in% sim1.aggregate.res$name` to be TRUE.
Differences:
`actual`:   FALSE
`expected`: TRUE 

DANGERsearchDS</failure>
    </testcase>
    <testcase time="0.019999999999996" classname="ds.listServersideFunctions_smk_dgr_check_results" name="check_results">
      <failure type="failure" message="Expected `func.name %in% sim1.aggregate.res$name` to be TRUE. ('test-smk_dgr-ds.listServersideFunctions.R:60:5')">Expected `func.name %in% sim1.aggregate.res$name` to be TRUE.
Differences:
`actual`:   FALSE
`expected`: TRUE 

DANGERseedEXTRACTDS</failure>
    </testcase>
    <testcase time="0.0200000000000031" classname="ds.listServersideFunctions_smk_dgr_check_results" name="check_results">
      <failure type="failure" message="Expected `func.name %in% sim1.aggregate.res$name` to be TRUE. ('test-smk_dgr-ds.listServersideFunctions.R:60:5')">Expected `func.name %in% sim1.aggregate.res$name` to be TRUE.
Differences:
`actual`:   FALSE
`expected`: TRUE 

DANGERvarsEXTRACTDS</failure>
    </testcase>
    <testcase time="0.0189999999999984" classname="ds.listServersideFunctions_smk_dgr_check_results" name="check_results">
      <failure type="failure" message="Expected `func.name %in% sim2.aggregate.res$name` to be TRUE. ('test-smk_dgr-ds.listServersideFunctions.R:64:5')">Expected `func.name %in% sim2.aggregate.res$name` to be TRUE.
Differences:
`actual`:   FALSE
`expected`: TRUE 

DANGERc2sMATDFDS</failure>
    </testcase>
    <testcase time="0.0200000000000031" classname="ds.listServersideFunctions_smk_dgr_check_results" name="check_results">
      <failure type="failure" message="Expected `func.name %in% sim2.aggregate.res$name` to be TRUE. ('test-smk_dgr-ds.listServersideFunctions.R:64:5')">Expected `func.name %in% sim2.aggregate.res$name` to be TRUE.
Differences:
`actual`:   FALSE
`expected`: TRUE 

DANGERlistcodeDS</failure>
    </testcase>
    <testcase time="0.0189999999999984" classname="ds.listServersideFunctions_smk_dgr_check_results" name="check_results">
      <failure type="failure" message="Expected `func.name %in% sim2.aggregate.res$name` to be TRUE. ('test-smk_dgr-ds.listServersideFunctions.R:64:5')">Expected `func.name %in% sim2.aggregate.res$name` to be TRUE.
Differences:
`actual`:   FALSE
`expected`: TRUE 

DANGERdfEXTRACTDS</failure>
    </testcase>
    <testcase time="0.019999999999996" classname="ds.listServersideFunctions_smk_dgr_check_results" name="check_results">
      <failure type="failure" message="Expected `func.name %in% sim2.aggregate.res$name` to be TRUE. ('test-smk_dgr-ds.listServersideFunctions.R:64:5')">Expected `func.name %in% sim2.aggregate.res$name` to be TRUE.
Differences:
`actual`:   FALSE
`expected`: TRUE 

DANGERpassPARSERDS</failure>
    </testcase>
    <testcase time="0.0190000000000055" classname="ds.listServersideFunctions_smk_dgr_check_results" name="check_results">
      <failure type="failure" message="Expected `func.name %in% sim2.aggregate.res$name` to be TRUE. ('test-smk_dgr-ds.listServersideFunctions.R:64:5')">Expected `func.name %in% sim2.aggregate.res$name` to be TRUE.
Differences:
`actual`:   FALSE
`expected`: TRUE 

DANGERprintDS</failure>
    </testcase>
    <testcase time="0.0239999999999938" classname="ds.listServersideFunctions_smk_dgr_check_results" name="check_results">
      <failure type="failure" message="Expected `func.name %in% sim2.aggregate.res$name` to be TRUE. ('test-smk_dgr-ds.listServersideFunctions.R:64:5')">Expected `func.name %in% sim2.aggregate.res$name` to be TRUE.
Differences:
`actual`:   FALSE
`expected`: TRUE 

DANGERplotDS</failure>
    </testcase>
    <testcase time="0.0200000000000031" classname="ds.listServersideFunctions_smk_dgr_check_results" name="check_results">
      <failure type="failure" message="Expected `func.name %in% sim2.aggregate.res$name` to be TRUE. ('test-smk_dgr-ds.listServersideFunctions.R:64:5')">Expected `func.name %in% sim2.aggregate.res$name` to be TRUE.
Differences:
`actual`:   FALSE
`expected`: TRUE 

DANGERsearchDS</failure>
    </testcase>
    <testcase time="0.0189999999999984" classname="ds.listServersideFunctions_smk_dgr_check_results" name="check_results">
      <failure type="failure" message="Expected `func.name %in% sim2.aggregate.res$name` to be TRUE. ('test-smk_dgr-ds.listServersideFunctions.R:64:5')">Expected `func.name %in% sim2.aggregate.res$name` to be TRUE.
Differences:
`actual`:   FALSE
`expected`: TRUE 

DANGERseedEXTRACTDS</failure>
    </testcase>
    <testcase time="0.0189999999999984" classname="ds.listServersideFunctions_smk_dgr_check_results" name="check_results">
      <failure type="failure" message="Expected `func.name %in% sim2.aggregate.res$name` to be TRUE. ('test-smk_dgr-ds.listServersideFunctions.R:64:5')">Expected `func.name %in% sim2.aggregate.res$name` to be TRUE.
Differences:
`actual`:   FALSE
`expected`: TRUE 

DANGERvarsEXTRACTDS</failure>
    </testcase>
    <testcase time="0.0190000000000055" classname="ds.listServersideFunctions_smk_dgr_check_results" name="check_results">
      <failure type="failure" message="Expected `func.name %in% sim3.aggregate.res$name` to be TRUE. ('test-smk_dgr-ds.listServersideFunctions.R:68:5')">Expected `func.name %in% sim3.aggregate.res$name` to be TRUE.
Differences:
`actual`:   FALSE
`expected`: TRUE 

DANGERc2sMATDFDS</failure>
    </testcase>
    <testcase time="0.019999999999996" classname="ds.listServersideFunctions_smk_dgr_check_results" name="check_results">
      <failure type="failure" message="Expected `func.name %in% sim3.aggregate.res$name` to be TRUE. ('test-smk_dgr-ds.listServersideFunctions.R:68:5')">Expected `func.name %in% sim3.aggregate.res$name` to be TRUE.
Differences:
`actual`:   FALSE
`expected`: TRUE 

DANGERlistcodeDS</failure>
    </testcase>
    <testcase time="0.0189999999999984" classname="ds.listServersideFunctions_smk_dgr_check_results" name="check_results">
      <failure type="failure" message="Expected `func.name %in% sim3.aggregate.res$name` to be TRUE. ('test-smk_dgr-ds.listServersideFunctions.R:68:5')">Expected `func.name %in% sim3.aggregate.res$name` to be TRUE.
Differences:
`actual`:   FALSE
`expected`: TRUE 

DANGERdfEXTRACTDS</failure>
    </testcase>
    <testcase time="0.0190000000000055" classname="ds.listServersideFunctions_smk_dgr_check_results" name="check_results">
      <failure type="failure" message="Expected `func.name %in% sim3.aggregate.res$name` to be TRUE. ('test-smk_dgr-ds.listServersideFunctions.R:68:5')">Expected `func.name %in% sim3.aggregate.res$name` to be TRUE.
Differences:
`actual`:   FALSE
`expected`: TRUE 

DANGERpassPARSERDS</failure>
    </testcase>
    <testcase time="0.0189999999999984" classname="ds.listServersideFunctions_smk_dgr_check_results" name="check_results">
      <failure type="failure" message="Expected `func.name %in% sim3.aggregate.res$name` to be TRUE. ('test-smk_dgr-ds.listServersideFunctions.R:68:5')">Expected `func.name %in% sim3.aggregate.res$name` to be TRUE.
Differences:
`actual`:   FALSE
`expected`: TRUE 

DANGERprintDS</failure>
    </testcase>
    <testcase time="0.019999999999996" classname="ds.listServersideFunctions_smk_dgr_check_results" name="check_results">
      <failure type="failure" message="Expected `func.name %in% sim3.aggregate.res$name` to be TRUE. ('test-smk_dgr-ds.listServersideFunctions.R:68:5')">Expected `func.name %in% sim3.aggregate.res$name` to be TRUE.
Differences:
`actual`:   FALSE
`expected`: TRUE 

DANGERplotDS</failure>
    </testcase>
    <testcase time="0.0190000000000055" classname="ds.listServersideFunctions_smk_dgr_check_results" name="check_results">
      <failure type="failure" message="Expected `func.name %in% sim3.aggregate.res$name` to be TRUE. ('test-smk_dgr-ds.listServersideFunctions.R:68:5')">Expected `func.name %in% sim3.aggregate.res$name` to be TRUE.
Differences:
`actual`:   FALSE
`expected`: TRUE 

DANGERsearchDS</failure>
    </testcase>
    <testcase time="0.0240000000000009" classname="ds.listServersideFunctions_smk_dgr_check_results" name="check_results">
      <failure type="failure" message="Expected `func.name %in% sim3.aggregate.res$name` to be TRUE. ('test-smk_dgr-ds.listServersideFunctions.R:68:5')">Expected `func.name %in% sim3.aggregate.res$name` to be TRUE.
Differences:
`actual`:   FALSE
`expected`: TRUE 

DANGERseedEXTRACTDS</failure>
    </testcase>
    <testcase time="0.0189999999999984" classname="ds.listServersideFunctions_smk_dgr_check_results" name="check_results">
      <failure type="failure" message="Expected `func.name %in% sim3.aggregate.res$name` to be TRUE. ('test-smk_dgr-ds.listServersideFunctions.R:68:5')">Expected `func.name %in% sim3.aggregate.res$name` to be TRUE.
Differences:
`actual`:   FALSE
`expected`: TRUE 

DANGERvarsEXTRACTDS</failure>
    </testcase>
  </testsuite>
  <testsuite name="ds.listServersideFunctions::smk_dgr::shtudown" timestamp="2026-09-26T05:59:40Z" hostname="runnervmtr4k5" tests="3" skipped="0" failures="0" errors="0" time="0.463">
    <testcase time="0.460000000000001" classname="ds.listServersideFunctions_smk_dgr_shtudown" name="shutdown"/>
    <testcase time="0.00199999999999534" classname="ds.listServersideFunctions_smk_dgr_shtudown" name="shutdown"/>
    <testcase time="0.00100000000000477" classname="ds.listServersideFunctions_smk_dgr_shtudown" name="shutdown"/>
  </testsuite>
  <testsuite name="ds.listServersideFunctions::smk_dgr::done" timestamp="2026-09-26T05:59:41Z" hostname="runnervmtr4k5" tests="0" skipped="0" failures="0" errors="0" time="0"/>
  <testsuite name="smk_dgr-ds.recodeValues-factor_missing" timestamp="2026-09-26T05:59:41Z" hostname="runnervmtr4k5" tests="0" skipped="0" failures="0" errors="0" time="0"/>
  <testsuite name="ds.recodeValues::smk_dgr::factor_missing::setup" timestamp="2026-09-26T05:59:41Z" hostname="runnervmtr4k5" tests="3" skipped="0" failures="0" errors="0" time="8.361">
    <testcase time="8.35599999999999" classname="ds.recodeValues_smk_dgr_factor_missing_setup" name="setup"/>
    <testcase time="0.00200000000000244" classname="ds.recodeValues_smk_dgr_factor_missing_setup" name="setup"/>
    <testcase time="0.00300000000000011" classname="ds.recodeValues_smk_dgr_factor_missing_setup" name="setup"/>
  </testsuite>
  <testsuite name="ds.recodeValues::smk_dgr::factor_missing::simple missing factor 1" timestamp="2026-09-26T05:59:49Z" hostname="runnervmtr4k5" tests="4" skipped="0" failures="0" errors="1" time="1.841">
    <testcase time="0.910000000000004" classname="ds.recodeValues_smk_dgr_factor_missing_simple_missing_factor_1" name="simple_missing_factor_1"/>
    <testcase time="0.00199999999999534" classname="ds.recodeValues_smk_dgr_factor_missing_simple_missing_factor_1" name="simple_missing_factor_1"/>
    <testcase time="0.00100000000000477" classname="ds.recodeValues_smk_dgr_factor_missing_simple_missing_factor_1" name="simple_missing_factor_1"/>
    <testcase time="0.927999999999997" classname="ds.recodeValues_smk_dgr_factor_missing_simple_missing_factor_1" name="simple_missing_factor_1">
      <error type="error" message="Error: There are some DataSHIELD errors, list them with datashield.errors() ('test-smk_dgr-ds.recodeValues-factor_missing.R:36:5')">Error: There are some DataSHIELD errors, list them with datashield.errors()
Backtrace:
    x
 1. \-dsDangerClient::ds.DANGERdfEXTRACT("odf_1") at test-smk_dgr-ds.recodeValues-factor_missing.R:36:5
 2.   \-DSI::datashield.aggregate(datasources, calltext)
 3.     \-DSI:::.handle_errors(errors.print)
 4.       \-DSI:::.checkLastErrors()
 5.         \-cli::cli_abort(...)
 6.           \-rlang::abort(...)</error>
    </testcase>
  </testsuite>
  <testsuite name="ds.recodeValues::smk_dgr::factor_missing::simple missing factor 2" timestamp="2026-09-26T05:59:51Z" hostname="runnervmtr4k5" tests="4" skipped="0" failures="0" errors="1" time="1.632">
    <testcase time="0.805" classname="ds.recodeValues_smk_dgr_factor_missing_simple_missing_factor_2" name="simple_missing_factor_2"/>
    <testcase time="0.000999999999997669" classname="ds.recodeValues_smk_dgr_factor_missing_simple_missing_factor_2" name="simple_missing_factor_2"/>
    <testcase time="0.00200000000000244" classname="ds.recodeValues_smk_dgr_factor_missing_simple_missing_factor_2" name="simple_missing_factor_2"/>
    <testcase time="0.823999999999998" classname="ds.recodeValues_smk_dgr_factor_missing_simple_missing_factor_2" name="simple_missing_factor_2">
      <error type="error" message="Error: There are some DataSHIELD errors, list them with datashield.errors() ('test-smk_dgr-ds.recodeValues-factor_missing.R:121:5')">Error: There are some DataSHIELD errors, list them with datashield.errors()
Backtrace:
    x
 1. \-dsDangerClient::ds.DANGERdfEXTRACT("odf_2") at test-smk_dgr-ds.recodeValues-factor_missing.R:121:5
 2.   \-DSI::datashield.aggregate(datasources, calltext)
 3.     \-DSI:::.handle_errors(errors.print)
 4.       \-DSI:::.checkLastErrors()
 5.         \-cli::cli_abort(...)
 6.           \-rlang::abort(...)</error>
    </testcase>
  </testsuite>
  <testsuite name="ds.recodeValues::smk_dgr::factor_missing::simple missing factor 3" timestamp="2026-09-26T05:59:52Z" hostname="runnervmtr4k5" tests="4" skipped="0" failures="0" errors="1" time="1.846">
    <testcase time="0.916000000000004" classname="ds.recodeValues_smk_dgr_factor_missing_simple_missing_factor_3" name="simple_missing_factor_3"/>
    <testcase time="0.00199999999999534" classname="ds.recodeValues_smk_dgr_factor_missing_simple_missing_factor_3" name="simple_missing_factor_3"/>
    <testcase time="0.00100000000000477" classname="ds.recodeValues_smk_dgr_factor_missing_simple_missing_factor_3" name="simple_missing_factor_3"/>
    <testcase time="0.927" classname="ds.recodeValues_smk_dgr_factor_missing_simple_missing_factor_3" name="simple_missing_factor_3">
      <error type="error" message="Error: There are some DataSHIELD errors, list them with datashield.errors() ('test-smk_dgr-ds.recodeValues-factor_missing.R:188:5')">Error: There are some DataSHIELD errors, list them with datashield.errors()
Backtrace:
    x
 1. \-dsDangerClient::ds.DANGERdfEXTRACT("odf_3") at test-smk_dgr-ds.recodeValues-factor_missing.R:188:5
 2.   \-DSI::datashield.aggregate(datasources, calltext)
 3.     \-DSI:::.handle_errors(errors.print)
 4.       \-DSI:::.checkLastErrors()
 5.         \-cli::cli_abort(...)
 6.           \-rlang::abort(...)</error>
    </testcase>
  </testsuite>
  <testsuite name="ds.recodeValues::smk_dgr::factor_missing::shutdown" timestamp="2026-09-26T05:59:54Z" hostname="runnervmtr4k5" tests="3" skipped="0" failures="3" errors="0" time="0.266">
    <testcase time="0.226999999999997" classname="ds.recodeValues_smk_dgr_factor_missing_shutdown" name="shutdown">
      <failure type="failure" message="Expected `study.current.variables$objects.found` to have the same values as `expected.variables`. ('test-smk_dgr-ds.recodeValues-factor_missing.R:258:5')">Expected `study.current.variables$objects.found` to have the same values as `expected.variables`.
Actual: "D", "odf_1", "odf_2", "odf_3", "PM_BMI_CATEGORICAL"
Expected: "D", "PM_BMI_CATEGORICAL", "odf_1", "ndf_1", "odf_2", "ndf_2", "odf_3", "ndf_3"
Absent: "ndf_1", "ndf_2", "ndf_3"
Backtrace:
    x
 1. \-global ds_expect_variables(...) at test-smk_dgr-ds.recodeValues-factor_missing.R:258:5
 2.   \-testthat::expect_setequal(...)</failure>
    </testcase>
    <testcase time="0.0200000000000031" classname="ds.recodeValues_smk_dgr_factor_missing_shutdown" name="shutdown">
      <failure type="failure" message="Expected `study.current.variables$objects.found` to have the same values as `expected.variables`. ('test-smk_dgr-ds.recodeValues-factor_missing.R:258:5')">Expected `study.current.variables$objects.found` to have the same values as `expected.variables`.
Actual: "D", "odf_1", "odf_2", "odf_3", "PM_BMI_CATEGORICAL"
Expected: "D", "PM_BMI_CATEGORICAL", "odf_1", "ndf_1", "odf_2", "ndf_2", "odf_3", "ndf_3"
Absent: "ndf_1", "ndf_2", "ndf_3"
Backtrace:
    x
 1. \-global ds_expect_variables(...) at test-smk_dgr-ds.recodeValues-factor_missing.R:258:5
 2.   \-testthat::expect_setequal(...)</failure>
    </testcase>
    <testcase time="0.0189999999999984" classname="ds.recodeValues_smk_dgr_factor_missing_shutdown" name="shutdown">
      <failure type="failure" message="Expected `study.current.variables$objects.found` to have the same values as `expected.variables`. ('test-smk_dgr-ds.recodeValues-factor_missing.R:258:5')">Expected `study.current.variables$objects.found` to have the same values as `expected.variables`.
Actual: "D", "odf_1", "odf_2", "odf_3", "PM_BMI_CATEGORICAL"
Expected: "D", "PM_BMI_CATEGORICAL", "odf_1", "ndf_1", "odf_2", "ndf_2", "odf_3", "ndf_3"
Absent: "ndf_1", "ndf_2", "ndf_3"
Backtrace:
    x
 1. \-global ds_expect_variables(...) at test-smk_dgr-ds.recodeValues-factor_missing.R:258:5
 2.   \-testthat::expect_setequal(...)</failure>
    </testcase>
  </testsuite>
  <testsuite name="ds.recodeValues::smk_dgr::factor_missing::done" timestamp="2026-09-26T05:59:55Z" hostname="runnervmtr4k5" tests="0" skipped="0" failures="0" errors="0" time="0"/>
  <testsuite name="smk_dgr-ds.recodeValues-factor" timestamp="2026-09-26T05:59:55Z" hostname="runnervmtr4k5" tests="0" skipped="0" failures="0" errors="0" time="0"/>
  <testsuite name="ds.recodeValues::smk_dgr::factor::setup" timestamp="2026-09-26T05:59:55Z" hostname="runnervmtr4k5" tests="3" skipped="0" failures="0" errors="0" time="8.397">
    <testcase time="8.394" classname="ds.recodeValues_smk_dgr_factor_setup" name="setup"/>
    <testcase time="0.00100000000000477" classname="ds.recodeValues_smk_dgr_factor_setup" name="setup"/>
    <testcase time="0.00199999999999534" classname="ds.recodeValues_smk_dgr_factor_setup" name="setup"/>
  </testsuite>
  <testsuite name="ds.recodeValues::smk_dgr::factor::simple factor 1" timestamp="2026-09-26T06:00:03Z" hostname="runnervmtr4k5" tests="4" skipped="0" failures="0" errors="1" time="1.688">
    <testcase time="0.880000000000003" classname="ds.recodeValues_smk_dgr_factor_simple_factor_1" name="simple_factor_1"/>
    <testcase time="0.00200000000000244" classname="ds.recodeValues_smk_dgr_factor_simple_factor_1" name="simple_factor_1"/>
    <testcase time="0.00199999999999534" classname="ds.recodeValues_smk_dgr_factor_simple_factor_1" name="simple_factor_1"/>
    <testcase time="0.804000000000002" classname="ds.recodeValues_smk_dgr_factor_simple_factor_1" name="simple_factor_1">
      <error type="error" message="Error: There are some DataSHIELD errors, list them with datashield.errors() ('test-smk_dgr-ds.recodeValues-factor.R:36:5')">Error: There are some DataSHIELD errors, list them with datashield.errors()
Backtrace:
    x
 1. \-dsDangerClient::ds.DANGERdfEXTRACT("odf_1") at test-smk_dgr-ds.recodeValues-factor.R:36:5
 2.   \-DSI::datashield.aggregate(datasources, calltext)
 3.     \-DSI:::.handle_errors(errors.print)
 4.       \-DSI:::.checkLastErrors()
 5.         \-cli::cli_abort(...)
 6.           \-rlang::abort(...)</error>
    </testcase>
  </testsuite>
  <testsuite name="ds.recodeValues::smk_dgr::factor::simple factor 2" timestamp="2026-09-26T06:00:05Z" hostname="runnervmtr4k5" tests="4" skipped="0" failures="0" errors="1" time="1.671">
    <testcase time="0.814" classname="ds.recodeValues_smk_dgr_factor_simple_factor_2" name="simple_factor_2"/>
    <testcase time="0.00200000000000244" classname="ds.recodeValues_smk_dgr_factor_simple_factor_2" name="simple_factor_2"/>
    <testcase time="0.00199999999999534" classname="ds.recodeValues_smk_dgr_factor_simple_factor_2" name="simple_factor_2"/>
    <testcase time="0.853000000000002" classname="ds.recodeValues_smk_dgr_factor_simple_factor_2" name="simple_factor_2">
      <error type="error" message="Error: There are some DataSHIELD errors, list them with datashield.errors() ('test-smk_dgr-ds.recodeValues-factor.R:91:5')">Error: There are some DataSHIELD errors, list them with datashield.errors()
Backtrace:
    x
 1. \-dsDangerClient::ds.DANGERdfEXTRACT("odf_2") at test-smk_dgr-ds.recodeValues-factor.R:91:5
 2.   \-DSI::datashield.aggregate(datasources, calltext)
 3.     \-DSI:::.handle_errors(errors.print)
 4.       \-DSI:::.checkLastErrors()
 5.         \-cli::cli_abort(...)
 6.           \-rlang::abort(...)</error>
    </testcase>
  </testsuite>
  <testsuite name="ds.recodeValues::smk_dgr::factor::simple factor 3" timestamp="2026-09-26T06:00:06Z" hostname="runnervmtr4k5" tests="4" skipped="0" failures="0" errors="1" time="1.847">
    <testcase time="0.889000000000003" classname="ds.recodeValues_smk_dgr_factor_simple_factor_3" name="simple_factor_3"/>
    <testcase time="0.00199999999999534" classname="ds.recodeValues_smk_dgr_factor_simple_factor_3" name="simple_factor_3"/>
    <testcase time="0.00100000000000477" classname="ds.recodeValues_smk_dgr_factor_simple_factor_3" name="simple_factor_3"/>
    <testcase time="0.954999999999998" classname="ds.recodeValues_smk_dgr_factor_simple_factor_3" name="simple_factor_3">
      <error type="error" message="Error: There are some DataSHIELD errors, list them with datashield.errors() ('test-smk_dgr-ds.recodeValues-factor.R:146:5')">Error: There are some DataSHIELD errors, list them with datashield.errors()
Backtrace:
    x
 1. \-dsDangerClient::ds.DANGERdfEXTRACT("odf_3") at test-smk_dgr-ds.recodeValues-factor.R:146:5
 2.   \-DSI::datashield.aggregate(datasources, calltext)
 3.     \-DSI:::.handle_errors(errors.print)
 4.       \-DSI:::.checkLastErrors()
 5.         \-cli::cli_abort(...)
 6.           \-rlang::abort(...)</error>
    </testcase>
  </testsuite>
  <testsuite name="ds.recodeValues::smk_dgr::factor::simple factor 4" timestamp="2026-09-26T06:00:08Z" hostname="runnervmtr4k5" tests="4" skipped="0" failures="0" errors="1" time="1.718">
    <testcase time="0.814999999999998" classname="ds.recodeValues_smk_dgr_factor_simple_factor_4" name="simple_factor_4"/>
    <testcase time="0.00199999999999534" classname="ds.recodeValues_smk_dgr_factor_simple_factor_4" name="simple_factor_4"/>
    <testcase time="0.00100000000000477" classname="ds.recodeValues_smk_dgr_factor_simple_factor_4" name="simple_factor_4"/>
    <testcase time="0.900000000000006" classname="ds.recodeValues_smk_dgr_factor_simple_factor_4" name="simple_factor_4">
      <error type="error" message="Error: There are some DataSHIELD errors, list them with datashield.errors() ('test-smk_dgr-ds.recodeValues-factor.R:207:5')">Error: There are some DataSHIELD errors, list them with datashield.errors()
Backtrace:
    x
 1. \-dsDangerClient::ds.DANGERdfEXTRACT("odf_4") at test-smk_dgr-ds.recodeValues-factor.R:207:5
 2.   \-DSI::datashield.aggregate(datasources, calltext)
 3.     \-DSI:::.handle_errors(errors.print)
 4.       \-DSI:::.checkLastErrors()
 5.         \-cli::cli_abort(...)
 6.           \-rlang::abort(...)</error>
    </testcase>
  </testsuite>
  <testsuite name="ds.recodeValues::smk_dgr::factor::shutdown" timestamp="2026-09-26T06:00:10Z" hostname="runnervmtr4k5" tests="3" skipped="0" failures="3" errors="0" time="0.255">
    <testcase time="0.216999999999999" classname="ds.recodeValues_smk_dgr_factor_shutdown" name="shutdown">
      <failure type="failure" message="Expected `study.current.variables$objects.found` to have the same values as `expected.variables`. ('test-smk_dgr-ds.recodeValues-factor.R:265:5')">Expected `study.current.variables$objects.found` to have the same values as `expected.variables`.
Actual: "D", "GENDER", "odf_1", "odf_2", "odf_3", "odf_4"
Expected: "D", "GENDER", "odf_1", "ndf_1", "odf_2", "ndf_2", "odf_3", "ndf_3", "odf_4", "ndf_4"
Absent: "ndf_1", "ndf_2", "ndf_3", "ndf_4"
Backtrace:
    x
 1. \-global ds_expect_variables(...) at test-smk_dgr-ds.recodeValues-factor.R:265:5
 2.   \-testthat::expect_setequal(...)</failure>
    </testcase>
    <testcase time="0.0189999999999912" classname="ds.recodeValues_smk_dgr_factor_shutdown" name="shutdown">
      <failure type="failure" message="Expected `study.current.variables$objects.found` to have the same values as `expected.variables`. ('test-smk_dgr-ds.recodeValues-factor.R:265:5')">Expected `study.current.variables$objects.found` to have the same values as `expected.variables`.
Actual: "D", "GENDER", "odf_1", "odf_2", "odf_3", "odf_4"
Expected: "D", "GENDER", "odf_1", "ndf_1", "odf_2", "ndf_2", "odf_3", "ndf_3", "odf_4", "ndf_4"
Absent: "ndf_1", "ndf_2", "ndf_3", "ndf_4"
Backtrace:
    x
 1. \-global ds_expect_variables(...) at test-smk_dgr-ds.recodeValues-factor.R:265:5
 2.   \-testthat::expect_setequal(...)</failure>
    </testcase>
    <testcase time="0.0190000000000055" classname="ds.recodeValues_smk_dgr_factor_shutdown" name="shutdown">
      <failure type="failure" message="Expected `study.current.variables$objects.found` to have the same values as `expected.variables`. ('test-smk_dgr-ds.recodeValues-factor.R:265:5')">Expected `study.current.variables$objects.found` to have the same values as `expected.variables`.
Actual: "D", "GENDER", "odf_1", "odf_2", "odf_3", "odf_4"
Expected: "D", "GENDER", "odf_1", "ndf_1", "odf_2", "ndf_2", "odf_3", "ndf_3", "odf_4", "ndf_4"
Absent: "ndf_1", "ndf_2", "ndf_3", "ndf_4"
Backtrace:
    x
 1. \-global ds_expect_variables(...) at test-smk_dgr-ds.recodeValues-factor.R:265:5
 2.   \-testthat::expect_setequal(...)</failure>
    </testcase>
  </testsuite>
  <testsuite name="ds.recodeValues::smk_dgr::factor::done" timestamp="2026-09-26T06:00:10Z" hostname="runnervmtr4k5" tests="0" skipped="0" failures="0" errors="0" time="0"/>
  <testsuite name="smk_dgr-ds.recodeValues" timestamp="2026-09-26T06:00:10Z" hostname="runnervmtr4k5" tests="0" skipped="0" failures="0" errors="0" time="0"/>
  <testsuite name="ds.recodeValues::smk_dgr::setup" timestamp="2026-09-26T06:00:10Z" hostname="runnervmtr4k5" tests="3" skipped="0" failures="0" errors="0" time="8.337">
    <testcase time="8.334" classname="ds.recodeValues_smk_dgr_setup" name="setup"/>
    <testcase time="0.00199999999999534" classname="ds.recodeValues_smk_dgr_setup" name="setup"/>
    <testcase time="0.00100000000000477" classname="ds.recodeValues_smk_dgr_setup" name="setup"/>
  </testsuite>
  <testsuite name="ds.recodeValues::smk_dgr::simple numeric" timestamp="2026-09-26T06:00:18Z" hostname="runnervmtr4k5" tests="4" skipped="0" failures="0" errors="1" time="1.583">
    <testcase time="0.814999999999998" classname="ds.recodeValues_smk_dgr_simple_numeric" name="simple_test"/>
    <testcase time="0.00100000000000477" classname="ds.recodeValues_smk_dgr_simple_numeric" name="simple_test"/>
    <testcase time="0.00199999999999534" classname="ds.recodeValues_smk_dgr_simple_numeric" name="simple_test"/>
    <testcase time="0.765000000000001" classname="ds.recodeValues_smk_dgr_simple_numeric" name="simple_test">
      <error type="error" message="Error: There are some DataSHIELD errors, list them with datashield.errors() ('test-smk_dgr-ds.recodeValues.R:36:5')">Error: There are some DataSHIELD errors, list them with datashield.errors()
Backtrace:
    x
 1. \-dsDangerClient::ds.DANGERdfEXTRACT("odf") at test-smk_dgr-ds.recodeValues.R:36:5
 2.   \-DSI::datashield.aggregate(datasources, calltext)
 3.     \-DSI:::.handle_errors(errors.print)
 4.       \-DSI:::.checkLastErrors()
 5.         \-cli::cli_abort(...)
 6.           \-rlang::abort(...)</error>
    </testcase>
  </testsuite>
  <testsuite name="ds.recodeValues::smk_dgr::shutdown" timestamp="2026-09-26T06:00:20Z" hostname="runnervmtr4k5" tests="3" skipped="0" failures="3" errors="0" time="0.253">
    <testcase time="0.215000000000003" classname="ds.recodeValues_smk_dgr_shutdown" name="shutdown">
      <failure type="failure" message="Expected `study.current.variables$objects.found` to have the same values as `expected.variables`. ('test-smk_dgr-ds.recodeValues.R:94:5')">Expected `study.current.variables$objects.found` to have the same values as `expected.variables`.
Actual: "D", "odf", "time.id"
Expected: "D", "time.id", "odf", "ndf"
Absent: "ndf"
Backtrace:
    x
 1. \-global ds_expect_variables(c("D", "time.id", "odf", "ndf")) at test-smk_dgr-ds.recodeValues.R:94:5
 2.   \-testthat::expect_setequal(...)</failure>
    </testcase>
    <testcase time="0.0189999999999912" classname="ds.recodeValues_smk_dgr_shutdown" name="shutdown">
      <failure type="failure" message="Expected `study.current.variables$objects.found` to have the same values as `expected.variables`. ('test-smk_dgr-ds.recodeValues.R:94:5')">Expected `study.current.variables$objects.found` to have the same values as `expected.variables`.
Actual: "D", "odf", "time.id"
Expected: "D", "time.id", "odf", "ndf"
Absent: "ndf"
Backtrace:
    x
 1. \-global ds_expect_variables(c("D", "time.id", "odf", "ndf")) at test-smk_dgr-ds.recodeValues.R:94:5
 2.   \-testthat::expect_setequal(...)</failure>
    </testcase>
    <testcase time="0.0190000000000055" classname="ds.recodeValues_smk_dgr_shutdown" name="shutdown">
      <failure type="failure" message="Expected `study.current.variables$objects.found` to have the same values as `expected.variables`. ('test-smk_dgr-ds.recodeValues.R:94:5')">Expected `study.current.variables$objects.found` to have the same values as `expected.variables`.
Actual: "D", "odf", "time.id"
Expected: "D", "time.id", "odf", "ndf"
Absent: "ndf"
Backtrace:
    x
 1. \-global ds_expect_variables(c("D", "time.id", "odf", "ndf")) at test-smk_dgr-ds.recodeValues.R:94:5
 2.   \-testthat::expect_setequal(...)</failure>
    </testcase>
  </testsuite>
  <testsuite name="ds.recodeValues::smk_dgr::done" timestamp="2026-09-26T06:00:21Z" hostname="runnervmtr4k5" tests="0" skipped="0" failures="0" errors="0" time="0"/>
</testsuites>
