<?xml version="1.0" encoding="UTF-8"?>
<testsuites>
  <testsuite name="math-ds.mean" timestamp="2026-08-22T02:52:50Z" hostname="runnervm76f27" tests="0" skipped="0" failures="0" errors="0" time="0"/>
  <testsuite name="ds.mean::math::residual::multiple" timestamp="2026-08-22T02:52:50Z" hostname="runnervm76f27" tests="32" skipped="0" failures="0" errors="0" time="20.01">
    <testcase time="14.097" classname="ds.mean_math_residual_multiple" name="residual_deviation_tends_to_0"/>
    <testcase time="0.498000000000001" classname="ds.mean_math_residual_multiple" name="residual_deviation_tends_to_0"/>
    <testcase time="0.399000000000001" classname="ds.mean_math_residual_multiple" name="residual_deviation_tends_to_0"/>
    <testcase time="0.366" classname="ds.mean_math_residual_multiple" name="residual_deviation_tends_to_0"/>
    <testcase time="0.346" classname="ds.mean_math_residual_multiple" name="residual_deviation_tends_to_0"/>
    <testcase time="0.421999999999997" classname="ds.mean_math_residual_multiple" name="residual_deviation_tends_to_0"/>
    <testcase time="0.409000000000002" classname="ds.mean_math_residual_multiple" name="residual_deviation_tends_to_0"/>
    <testcase time="0.391999999999999" classname="ds.mean_math_residual_multiple" name="residual_deviation_tends_to_0"/>
    <testcase time="0.413" classname="ds.mean_math_residual_multiple" name="residual_deviation_tends_to_0"/>
    <testcase time="0.000999999999997669" classname="ds.mean_math_residual_multiple" name="residual_deviation_tends_to_0"/>
    <testcase time="0.00100000000000122" classname="ds.mean_math_residual_multiple" name="residual_deviation_tends_to_0"/>
    <testcase time="0.390000000000001" classname="ds.mean_math_residual_multiple" name="residual_deviation_tends_to_0"/>
    <testcase time="0.00100000000000122" classname="ds.mean_math_residual_multiple" name="residual_deviation_tends_to_0"/>
    <testcase time="0.00199999999999889" classname="ds.mean_math_residual_multiple" name="residual_deviation_tends_to_0"/>
    <testcase time="0.407" classname="ds.mean_math_residual_multiple" name="residual_deviation_tends_to_0"/>
    <testcase time="0.00100000000000122" classname="ds.mean_math_residual_multiple" name="residual_deviation_tends_to_0"/>
    <testcase time="0.00199999999999889" classname="ds.mean_math_residual_multiple" name="residual_deviation_tends_to_0"/>
    <testcase time="0.318999999999999" classname="ds.mean_math_residual_multiple" name="residual_deviation_tends_to_0"/>
    <testcase time="0.00100000000000122" classname="ds.mean_math_residual_multiple" name="residual_deviation_tends_to_0"/>
    <testcase time="0.00199999999999889" classname="ds.mean_math_residual_multiple" name="residual_deviation_tends_to_0"/>
    <testcase time="0.408000000000001" classname="ds.mean_math_residual_multiple" name="residual_deviation_tends_to_0"/>
    <testcase time="0.000999999999997669" classname="ds.mean_math_residual_multiple" name="residual_deviation_tends_to_0"/>
    <testcase time="0.00200000000000244" classname="ds.mean_math_residual_multiple" name="residual_deviation_tends_to_0"/>
    <testcase time="0.317999999999998" classname="ds.mean_math_residual_multiple" name="residual_deviation_tends_to_0"/>
    <testcase time="0.00100000000000122" classname="ds.mean_math_residual_multiple" name="residual_deviation_tends_to_0"/>
    <testcase time="0.00199999999999889" classname="ds.mean_math_residual_multiple" name="residual_deviation_tends_to_0"/>
    <testcase time="0.402000000000001" classname="ds.mean_math_residual_multiple" name="residual_deviation_tends_to_0"/>
    <testcase time="0.00100000000000122" classname="ds.mean_math_residual_multiple" name="residual_deviation_tends_to_0"/>
    <testcase time="0.00199999999999889" classname="ds.mean_math_residual_multiple" name="residual_deviation_tends_to_0"/>
    <testcase time="0.401" classname="ds.mean_math_residual_multiple" name="residual_deviation_tends_to_0"/>
    <testcase time="0.00199999999999889" classname="ds.mean_math_residual_multiple" name="residual_deviation_tends_to_0"/>
    <testcase time="0.00100000000000122" classname="ds.mean_math_residual_multiple" name="residual_deviation_tends_to_0"/>
  </testsuite>
  <testsuite name="ds.mean::math::residual::multiple" timestamp="2026-08-22T02:53:10Z" hostname="runnervm76f27" tests="32" skipped="0" failures="0" errors="0" time="14.245">
    <testcase time="8.783" classname="ds.mean_math_residual_multiple" name="residual_deviation_tends_to_0"/>
    <testcase time="0.361000000000001" classname="ds.mean_math_residual_multiple" name="residual_deviation_tends_to_0"/>
    <testcase time="0.398999999999997" classname="ds.mean_math_residual_multiple" name="residual_deviation_tends_to_0"/>
    <testcase time="0.405000000000001" classname="ds.mean_math_residual_multiple" name="residual_deviation_tends_to_0"/>
    <testcase time="0.387" classname="ds.mean_math_residual_multiple" name="residual_deviation_tends_to_0"/>
    <testcase time="0.386000000000003" classname="ds.mean_math_residual_multiple" name="residual_deviation_tends_to_0"/>
    <testcase time="0.267999999999994" classname="ds.mean_math_residual_multiple" name="residual_deviation_tends_to_0"/>
    <testcase time="0.376000000000005" classname="ds.mean_math_residual_multiple" name="residual_deviation_tends_to_0"/>
    <testcase time="0.390999999999998" classname="ds.mean_math_residual_multiple" name="residual_deviation_tends_to_0"/>
    <testcase time="0.000999999999997669" classname="ds.mean_math_residual_multiple" name="residual_deviation_tends_to_0"/>
    <testcase time="0.00100000000000477" classname="ds.mean_math_residual_multiple" name="residual_deviation_tends_to_0"/>
    <testcase time="0.352999999999994" classname="ds.mean_math_residual_multiple" name="residual_deviation_tends_to_0"/>
    <testcase time="0.00200000000000244" classname="ds.mean_math_residual_multiple" name="residual_deviation_tends_to_0"/>
    <testcase time="0.000999999999997669" classname="ds.mean_math_residual_multiple" name="residual_deviation_tends_to_0"/>
    <testcase time="0.342000000000006" classname="ds.mean_math_residual_multiple" name="residual_deviation_tends_to_0"/>
    <testcase time="0.000999999999997669" classname="ds.mean_math_residual_multiple" name="residual_deviation_tends_to_0"/>
    <testcase time="0.000999999999997669" classname="ds.mean_math_residual_multiple" name="residual_deviation_tends_to_0"/>
    <testcase time="0.312000000000005" classname="ds.mean_math_residual_multiple" name="residual_deviation_tends_to_0"/>
    <testcase time="0.000999999999997669" classname="ds.mean_math_residual_multiple" name="residual_deviation_tends_to_0"/>
    <testcase time="0.000999999999997669" classname="ds.mean_math_residual_multiple" name="residual_deviation_tends_to_0"/>
    <testcase time="0.384" classname="ds.mean_math_residual_multiple" name="residual_deviation_tends_to_0"/>
    <testcase time="0.00100000000000477" classname="ds.mean_math_residual_multiple" name="residual_deviation_tends_to_0"/>
    <testcase time="0.000999999999997669" classname="ds.mean_math_residual_multiple" name="residual_deviation_tends_to_0"/>
    <testcase time="0.390999999999998" classname="ds.mean_math_residual_multiple" name="residual_deviation_tends_to_0"/>
    <testcase time="0.00200000000000244" classname="ds.mean_math_residual_multiple" name="residual_deviation_tends_to_0"/>
    <testcase time="0.00199999999999534" classname="ds.mean_math_residual_multiple" name="residual_deviation_tends_to_0"/>
    <testcase time="0.312000000000005" classname="ds.mean_math_residual_multiple" name="residual_deviation_tends_to_0"/>
    <testcase time="0.00199999999999534" classname="ds.mean_math_residual_multiple" name="residual_deviation_tends_to_0"/>
    <testcase time="0.00100000000000477" classname="ds.mean_math_residual_multiple" name="residual_deviation_tends_to_0"/>
    <testcase time="0.373999999999995" classname="ds.mean_math_residual_multiple" name="residual_deviation_tends_to_0"/>
    <testcase time="0.00200000000000244" classname="ds.mean_math_residual_multiple" name="residual_deviation_tends_to_0"/>
    <testcase time="0.000999999999997669" classname="ds.mean_math_residual_multiple" name="residual_deviation_tends_to_0"/>
  </testsuite>
  <testsuite name="ds.mean::math::location_parameter::single" timestamp="2026-08-22T02:53:24Z" hostname="runnervm76f27" tests="8" skipped="0" failures="0" errors="0" time="7.033">
    <testcase time="3.808" classname="ds.mean_math_location_parameter_single" name="mean_X_a_mean_X_a"/>
    <testcase time="0.478000000000002" classname="ds.mean_math_location_parameter_single" name="mean_X_a_mean_X_a"/>
    <testcase time="0.481000000000002" classname="ds.mean_math_location_parameter_single" name="mean_X_a_mean_X_a"/>
    <testcase time="0.436" classname="ds.mean_math_location_parameter_single" name="mean_X_a_mean_X_a"/>
    <testcase time="0.463999999999999" classname="ds.mean_math_location_parameter_single" name="mean_X_a_mean_X_a"/>
    <testcase time="0.426000000000002" classname="ds.mean_math_location_parameter_single" name="mean_X_a_mean_X_a"/>
    <testcase time="0.478999999999999" classname="ds.mean_math_location_parameter_single" name="mean_X_a_mean_X_a"/>
    <testcase time="0.460999999999999" classname="ds.mean_math_location_parameter_single" name="mean_X_a_mean_X_a"/>
  </testsuite>
  <testsuite name="ds.mean::math::location_parameter::multiple" timestamp="2026-08-22T02:53:31Z" hostname="runnervm76f27" tests="8" skipped="0" failures="0" errors="0" time="18.966">
    <testcase time="9.529" classname="ds.mean_math_location_parameter_multiple" name="mean_X_a_mean_X_a"/>
    <testcase time="1.341" classname="ds.mean_math_location_parameter_multiple" name="mean_X_a_mean_X_a"/>
    <testcase time="1.357" classname="ds.mean_math_location_parameter_multiple" name="mean_X_a_mean_X_a"/>
    <testcase time="1.339" classname="ds.mean_math_location_parameter_multiple" name="mean_X_a_mean_X_a"/>
    <testcase time="1.334" classname="ds.mean_math_location_parameter_multiple" name="mean_X_a_mean_X_a"/>
    <testcase time="1.35299999999999" classname="ds.mean_math_location_parameter_multiple" name="mean_X_a_mean_X_a"/>
    <testcase time="1.338" classname="ds.mean_math_location_parameter_multiple" name="mean_X_a_mean_X_a"/>
    <testcase time="1.375" classname="ds.mean_math_location_parameter_multiple" name="mean_X_a_mean_X_a"/>
  </testsuite>
  <testsuite name="ds.mean::math::scale::multiple" timestamp="2026-08-22T02:53:50Z" hostname="runnervm76f27" tests="8" skipped="0" failures="0" errors="0" time="18.98">
    <testcase time="9.52" classname="ds.mean_math_scale_multiple" name="mean_X_a_mean_X_a"/>
    <testcase time="1.333" classname="ds.mean_math_scale_multiple" name="mean_X_a_mean_X_a"/>
    <testcase time="1.379" classname="ds.mean_math_scale_multiple" name="mean_X_a_mean_X_a"/>
    <testcase time="1.383" classname="ds.mean_math_scale_multiple" name="mean_X_a_mean_X_a"/>
    <testcase time="1.34699999999999" classname="ds.mean_math_scale_multiple" name="mean_X_a_mean_X_a"/>
    <testcase time="1.364" classname="ds.mean_math_scale_multiple" name="mean_X_a_mean_X_a"/>
    <testcase time="1.32300000000001" classname="ds.mean_math_scale_multiple" name="mean_X_a_mean_X_a"/>
    <testcase time="1.33099999999999" classname="ds.mean_math_scale_multiple" name="mean_X_a_mean_X_a"/>
  </testsuite>
  <testsuite name="ds.mean::math::scale::single" timestamp="2026-08-22T02:54:09Z" hostname="runnervm76f27" tests="8" skipped="0" failures="0" errors="0" time="6.926">
    <testcase time="3.741" classname="ds.mean_math_scale_single" name="mean_X_a_mean_X_a"/>
    <testcase time="0.460999999999999" classname="ds.mean_math_scale_single" name="mean_X_a_mean_X_a"/>
    <testcase time="0.459000000000003" classname="ds.mean_math_scale_single" name="mean_X_a_mean_X_a"/>
    <testcase time="0.420000000000002" classname="ds.mean_math_scale_single" name="mean_X_a_mean_X_a"/>
    <testcase time="0.457000000000008" classname="ds.mean_math_scale_single" name="mean_X_a_mean_X_a"/>
    <testcase time="0.470999999999989" classname="ds.mean_math_scale_single" name="mean_X_a_mean_X_a"/>
    <testcase time="0.460999999999999" classname="ds.mean_math_scale_single" name="mean_X_a_mean_X_a"/>
    <testcase time="0.456000000000003" classname="ds.mean_math_scale_single" name="mean_X_a_mean_X_a"/>
  </testsuite>
  <testsuite name="math-ds.var" timestamp="2026-08-22T02:54:16Z" hostname="runnervm76f27" tests="0" skipped="0" failures="0" errors="0" time="0"/>
  <testsuite name="ds.var::math::positive_result::multiple" timestamp="2026-08-22T02:54:16Z" hostname="runnervm76f27" tests="32" skipped="0" failures="0" errors="0" time="16.426">
    <testcase time="8.65000000000001" classname="ds.var_math_positive_result_multiple" name="variance_0"/>
    <testcase time="0.492999999999995" classname="ds.var_math_positive_result_multiple" name="variance_0"/>
    <testcase time="0.534999999999997" classname="ds.var_math_positive_result_multiple" name="variance_0"/>
    <testcase time="0.537000000000006" classname="ds.var_math_positive_result_multiple" name="variance_0"/>
    <testcase time="0.484999999999999" classname="ds.var_math_positive_result_multiple" name="variance_0"/>
    <testcase time="0.525999999999996" classname="ds.var_math_positive_result_multiple" name="variance_0"/>
    <testcase time="0.52600000000001" classname="ds.var_math_positive_result_multiple" name="variance_0"/>
    <testcase time="0.47999999999999" classname="ds.var_math_positive_result_multiple" name="variance_0"/>
    <testcase time="0.538000000000011" classname="ds.var_math_positive_result_multiple" name="variance_0"/>
    <testcase time="0.00300000000000011" classname="ds.var_math_positive_result_multiple" name="variance_0"/>
    <testcase time="0.00199999999999534" classname="ds.var_math_positive_result_multiple" name="variance_0"/>
    <testcase time="0.536000000000001" classname="ds.var_math_positive_result_multiple" name="variance_0"/>
    <testcase time="0.00300000000000011" classname="ds.var_math_positive_result_multiple" name="variance_0"/>
    <testcase time="0.00199999999999534" classname="ds.var_math_positive_result_multiple" name="variance_0"/>
    <testcase time="0.480000000000004" classname="ds.var_math_positive_result_multiple" name="variance_0"/>
    <testcase time="0.00300000000000011" classname="ds.var_math_positive_result_multiple" name="variance_0"/>
    <testcase time="0.00199999999999534" classname="ds.var_math_positive_result_multiple" name="variance_0"/>
    <testcase time="0.525000000000006" classname="ds.var_math_positive_result_multiple" name="variance_0"/>
    <testcase time="0.00300000000000011" classname="ds.var_math_positive_result_multiple" name="variance_0"/>
    <testcase time="0.00300000000000011" classname="ds.var_math_positive_result_multiple" name="variance_0"/>
    <testcase time="0.543999999999997" classname="ds.var_math_positive_result_multiple" name="variance_0"/>
    <testcase time="0.00300000000000011" classname="ds.var_math_positive_result_multiple" name="variance_0"/>
    <testcase time="0.00199999999999534" classname="ds.var_math_positive_result_multiple" name="variance_0"/>
    <testcase time="0.484000000000009" classname="ds.var_math_positive_result_multiple" name="variance_0"/>
    <testcase time="0.00300000000000011" classname="ds.var_math_positive_result_multiple" name="variance_0"/>
    <testcase time="0.00199999999999534" classname="ds.var_math_positive_result_multiple" name="variance_0"/>
    <testcase time="0.522000000000006" classname="ds.var_math_positive_result_multiple" name="variance_0"/>
    <testcase time="0.00300000000000011" classname="ds.var_math_positive_result_multiple" name="variance_0"/>
    <testcase time="0.00199999999999534" classname="ds.var_math_positive_result_multiple" name="variance_0"/>
    <testcase time="0.524000000000001" classname="ds.var_math_positive_result_multiple" name="variance_0"/>
    <testcase time="0.00199999999999534" classname="ds.var_math_positive_result_multiple" name="variance_0"/>
    <testcase time="0.00300000000000011" classname="ds.var_math_positive_result_multiple" name="variance_0"/>
  </testsuite>
  <testsuite name="ds.var::math::positive_result::single" timestamp="2026-08-22T02:54:33Z" hostname="runnervm76f27" tests="32" skipped="0" failures="0" errors="0" time="6.266">
    <testcase time="3.44200000000001" classname="ds.var_math_positive_result_single" name="variance_0"/>
    <testcase time="0.178999999999988" classname="ds.var_math_positive_result_single" name="variance_0"/>
    <testcase time="0.182000000000002" classname="ds.var_math_positive_result_single" name="variance_0"/>
    <testcase time="0.179000000000002" classname="ds.var_math_positive_result_single" name="variance_0"/>
    <testcase time="0.182000000000002" classname="ds.var_math_positive_result_single" name="variance_0"/>
    <testcase time="0.183999999999997" classname="ds.var_math_positive_result_single" name="variance_0"/>
    <testcase time="0.185000000000002" classname="ds.var_math_positive_result_single" name="variance_0"/>
    <testcase time="0.140999999999991" classname="ds.var_math_positive_result_single" name="variance_0"/>
    <testcase time="0.194000000000003" classname="ds.var_math_positive_result_single" name="variance_0"/>
    <testcase time="0.00300000000000011" classname="ds.var_math_positive_result_single" name="variance_0"/>
    <testcase time="0.00199999999999534" classname="ds.var_math_positive_result_single" name="variance_0"/>
    <testcase time="0.191000000000003" classname="ds.var_math_positive_result_single" name="variance_0"/>
    <testcase time="0.00200000000000955" classname="ds.var_math_positive_result_single" name="variance_0"/>
    <testcase time="0.00300000000000011" classname="ds.var_math_positive_result_single" name="variance_0"/>
    <testcase time="0.182999999999993" classname="ds.var_math_positive_result_single" name="variance_0"/>
    <testcase time="0.00300000000000011" classname="ds.var_math_positive_result_single" name="variance_0"/>
    <testcase time="0.00199999999999534" classname="ds.var_math_positive_result_single" name="variance_0"/>
    <testcase time="0.188000000000002" classname="ds.var_math_positive_result_single" name="variance_0"/>
    <testcase time="0.00300000000000011" classname="ds.var_math_positive_result_single" name="variance_0"/>
    <testcase time="0.00300000000000011" classname="ds.var_math_positive_result_single" name="variance_0"/>
    <testcase time="0.183999999999997" classname="ds.var_math_positive_result_single" name="variance_0"/>
    <testcase time="0.00300000000000011" classname="ds.var_math_positive_result_single" name="variance_0"/>
    <testcase time="0.00200000000000955" classname="ds.var_math_positive_result_single" name="variance_0"/>
    <testcase time="0.24799999999999" classname="ds.var_math_positive_result_single" name="variance_0"/>
    <testcase time="0.00300000000000011" classname="ds.var_math_positive_result_single" name="variance_0"/>
    <testcase time="0.00200000000000955" classname="ds.var_math_positive_result_single" name="variance_0"/>
    <testcase time="0.183999999999997" classname="ds.var_math_positive_result_single" name="variance_0"/>
    <testcase time="0.00199999999999534" classname="ds.var_math_positive_result_single" name="variance_0"/>
    <testcase time="0.00300000000000011" classname="ds.var_math_positive_result_single" name="variance_0"/>
    <testcase time="0.179000000000002" classname="ds.var_math_positive_result_single" name="variance_0"/>
    <testcase time="0.00300000000000011" classname="ds.var_math_positive_result_single" name="variance_0"/>
    <testcase time="0.00199999999999534" classname="ds.var_math_positive_result_single" name="variance_0"/>
  </testsuite>
  <testsuite name="ds.var::math::square_root_std::single" timestamp="2026-08-22T02:54:39Z" hostname="runnervm76f27" tests="8" skipped="0" failures="0" errors="0" time="4.095">
    <testcase time="3.32300000000001" classname="ds.var_math_square_root_std_single" name="variance_is_to_the_power_of_2_of_the_standard_deviation"/>
    <testcase time="0.0750000000000028" classname="ds.var_math_square_root_std_single" name="variance_is_to_the_power_of_2_of_the_standard_deviation"/>
    <testcase time="0.114999999999995" classname="ds.var_math_square_root_std_single" name="variance_is_to_the_power_of_2_of_the_standard_deviation"/>
    <testcase time="0.117999999999995" classname="ds.var_math_square_root_std_single" name="variance_is_to_the_power_of_2_of_the_standard_deviation"/>
    <testcase time="0.116" classname="ds.var_math_square_root_std_single" name="variance_is_to_the_power_of_2_of_the_standard_deviation"/>
    <testcase time="0.116" classname="ds.var_math_square_root_std_single" name="variance_is_to_the_power_of_2_of_the_standard_deviation"/>
    <testcase time="0.117000000000004" classname="ds.var_math_square_root_std_single" name="variance_is_to_the_power_of_2_of_the_standard_deviation"/>
    <testcase time="0.114999999999995" classname="ds.var_math_square_root_std_single" name="variance_is_to_the_power_of_2_of_the_standard_deviation"/>
  </testsuite>
  <testsuite name="ds.var::math::square_root_std::multiple" timestamp="2026-08-22T02:54:43Z" hostname="runnervm76f27" tests="32" skipped="0" failures="0" errors="0" time="13.426">
    <testcase time="8.5" classname="ds.var_math_square_root_std_multiple" name="variance_is_to_the_power_of_2_of_the_standard_deviation"/>
    <testcase time="0.259" classname="ds.var_math_square_root_std_multiple" name="variance_is_to_the_power_of_2_of_the_standard_deviation"/>
    <testcase time="0.339000000000013" classname="ds.var_math_square_root_std_multiple" name="variance_is_to_the_power_of_2_of_the_standard_deviation"/>
    <testcase time="0.343999999999994" classname="ds.var_math_square_root_std_multiple" name="variance_is_to_the_power_of_2_of_the_standard_deviation"/>
    <testcase time="0.341999999999999" classname="ds.var_math_square_root_std_multiple" name="variance_is_to_the_power_of_2_of_the_standard_deviation"/>
    <testcase time="0.293000000000006" classname="ds.var_math_square_root_std_multiple" name="variance_is_to_the_power_of_2_of_the_standard_deviation"/>
    <testcase time="0.330999999999989" classname="ds.var_math_square_root_std_multiple" name="variance_is_to_the_power_of_2_of_the_standard_deviation"/>
    <testcase time="0.329000000000008" classname="ds.var_math_square_root_std_multiple" name="variance_is_to_the_power_of_2_of_the_standard_deviation"/>
    <testcase time="0.340999999999994" classname="ds.var_math_square_root_std_multiple" name="variance_is_to_the_power_of_2_of_the_standard_deviation"/>
    <testcase time="0.00200000000000955" classname="ds.var_math_square_root_std_multiple" name="variance_is_to_the_power_of_2_of_the_standard_deviation"/>
    <testcase time="0.000999999999990564" classname="ds.var_math_square_root_std_multiple" name="variance_is_to_the_power_of_2_of_the_standard_deviation"/>
    <testcase time="0.341000000000008" classname="ds.var_math_square_root_std_multiple" name="variance_is_to_the_power_of_2_of_the_standard_deviation"/>
    <testcase time="0.00199999999999534" classname="ds.var_math_square_root_std_multiple" name="variance_is_to_the_power_of_2_of_the_standard_deviation"/>
    <testcase time="0.00100000000000477" classname="ds.var_math_square_root_std_multiple" name="variance_is_to_the_power_of_2_of_the_standard_deviation"/>
    <testcase time="0.333999999999989" classname="ds.var_math_square_root_std_multiple" name="variance_is_to_the_power_of_2_of_the_standard_deviation"/>
    <testcase time="0.00100000000000477" classname="ds.var_math_square_root_std_multiple" name="variance_is_to_the_power_of_2_of_the_standard_deviation"/>
    <testcase time="0.00199999999999534" classname="ds.var_math_square_root_std_multiple" name="variance_is_to_the_power_of_2_of_the_standard_deviation"/>
    <testcase time="0.289000000000001" classname="ds.var_math_square_root_std_multiple" name="variance_is_to_the_power_of_2_of_the_standard_deviation"/>
    <testcase time="0.00100000000000477" classname="ds.var_math_square_root_std_multiple" name="variance_is_to_the_power_of_2_of_the_standard_deviation"/>
    <testcase time="0.00100000000000477" classname="ds.var_math_square_root_std_multiple" name="variance_is_to_the_power_of_2_of_the_standard_deviation"/>
    <testcase time="0.352999999999994" classname="ds.var_math_square_root_std_multiple" name="variance_is_to_the_power_of_2_of_the_standard_deviation"/>
    <testcase time="0.00199999999999534" classname="ds.var_math_square_root_std_multiple" name="variance_is_to_the_power_of_2_of_the_standard_deviation"/>
    <testcase time="0.00200000000000955" classname="ds.var_math_square_root_std_multiple" name="variance_is_to_the_power_of_2_of_the_standard_deviation"/>
    <testcase time="0.331000000000003" classname="ds.var_math_square_root_std_multiple" name="variance_is_to_the_power_of_2_of_the_standard_deviation"/>
    <testcase time="0.00199999999999534" classname="ds.var_math_square_root_std_multiple" name="variance_is_to_the_power_of_2_of_the_standard_deviation"/>
    <testcase time="0.00100000000000477" classname="ds.var_math_square_root_std_multiple" name="variance_is_to_the_power_of_2_of_the_standard_deviation"/>
    <testcase time="0.337999999999994" classname="ds.var_math_square_root_std_multiple" name="variance_is_to_the_power_of_2_of_the_standard_deviation"/>
    <testcase time="0.00100000000000477" classname="ds.var_math_square_root_std_multiple" name="variance_is_to_the_power_of_2_of_the_standard_deviation"/>
    <testcase time="0.00199999999998113" classname="ds.var_math_square_root_std_multiple" name="variance_is_to_the_power_of_2_of_the_standard_deviation"/>
    <testcase time="0.338000000000022" classname="ds.var_math_square_root_std_multiple" name="variance_is_to_the_power_of_2_of_the_standard_deviation"/>
    <testcase time="0.00100000000000477" classname="ds.var_math_square_root_std_multiple" name="variance_is_to_the_power_of_2_of_the_standard_deviation"/>
    <testcase time="0.00199999999998113" classname="ds.var_math_square_root_std_multiple" name="variance_is_to_the_power_of_2_of_the_standard_deviation"/>
  </testsuite>
  <testsuite name="ds.var::math::location::parameter::single" timestamp="2026-08-22T02:54:56Z" hostname="runnervm76f27" tests="8" skipped="0" failures="0" errors="0" time="7.682">
    <testcase time="3.827" classname="ds.var_math_location_parameter_single" name="var_X_a_Var_X_"/>
    <testcase time="0.568000000000012" classname="ds.var_math_location_parameter_single" name="var_X_a_Var_X_"/>
    <testcase time="0.569999999999993" classname="ds.var_math_location_parameter_single" name="var_X_a_Var_X_"/>
    <testcase time="0.49799999999999" classname="ds.var_math_location_parameter_single" name="var_X_a_Var_X_"/>
    <testcase time="0.570000000000022" classname="ds.var_math_location_parameter_single" name="var_X_a_Var_X_"/>
    <testcase time="0.554999999999978" classname="ds.var_math_location_parameter_single" name="var_X_a_Var_X_"/>
    <testcase time="0.525000000000006" classname="ds.var_math_location_parameter_single" name="var_X_a_Var_X_"/>
    <testcase time="0.569000000000017" classname="ds.var_math_location_parameter_single" name="var_X_a_Var_X_"/>
  </testsuite>
  <testsuite name="ds.var::math::location::parameter::multiple" timestamp="2026-08-22T02:55:04Z" hostname="runnervm76f27" tests="8" skipped="0" failures="0" errors="0" time="21.634">
    <testcase time="10.01" classname="ds.var_math_location_parameter_multiple" name="var_X_a_Var_X_"/>
    <testcase time="1.64699999999999" classname="ds.var_math_location_parameter_multiple" name="var_X_a_Var_X_"/>
    <testcase time="1.684" classname="ds.var_math_location_parameter_multiple" name="var_X_a_Var_X_"/>
    <testcase time="1.64600000000002" classname="ds.var_math_location_parameter_multiple" name="var_X_a_Var_X_"/>
    <testcase time="1.649" classname="ds.var_math_location_parameter_multiple" name="var_X_a_Var_X_"/>
    <testcase time="1.70099999999999" classname="ds.var_math_location_parameter_multiple" name="var_X_a_Var_X_"/>
    <testcase time="1.60900000000001" classname="ds.var_math_location_parameter_multiple" name="var_X_a_Var_X_"/>
    <testcase time="1.68799999999999" classname="ds.var_math_location_parameter_multiple" name="var_X_a_Var_X_"/>
  </testsuite>
  <testsuite name="ds.var::math::scale::single" timestamp="2026-08-22T02:55:26Z" hostname="runnervm76f27" tests="8" skipped="0" failures="0" errors="0" time="7.945">
    <testcase time="3.90000000000001" classname="ds.var_math_scale_single" name="var_aX_a_2Var_X_"/>
    <testcase time="0.568999999999988" classname="ds.var_math_scale_single" name="var_aX_a_2Var_X_"/>
    <testcase time="0.575000000000017" classname="ds.var_math_scale_single" name="var_aX_a_2Var_X_"/>
    <testcase time="0.58499999999998" classname="ds.var_math_scale_single" name="var_aX_a_2Var_X_"/>
    <testcase time="0.573000000000008" classname="ds.var_math_scale_single" name="var_aX_a_2Var_X_"/>
    <testcase time="0.579000000000008" classname="ds.var_math_scale_single" name="var_aX_a_2Var_X_"/>
    <testcase time="0.587999999999994" classname="ds.var_math_scale_single" name="var_aX_a_2Var_X_"/>
    <testcase time="0.575999999999993" classname="ds.var_math_scale_single" name="var_aX_a_2Var_X_"/>
  </testsuite>
  <testsuite name="ds.var::math::scale::multiple" timestamp="2026-08-22T02:55:34Z" hostname="runnervm76f27" tests="8" skipped="0" failures="0" errors="0" time="21.435">
    <testcase time="9.745" classname="ds.var_math_scale_multiple" name="var_aX_a_2Var_X_"/>
    <testcase time="1.70699999999999" classname="ds.var_math_scale_multiple" name="var_aX_a_2Var_X_"/>
    <testcase time="1.63400000000001" classname="ds.var_math_scale_multiple" name="var_aX_a_2Var_X_"/>
    <testcase time="1.69" classname="ds.var_math_scale_multiple" name="var_aX_a_2Var_X_"/>
    <testcase time="1.76499999999999" classname="ds.var_math_scale_multiple" name="var_aX_a_2Var_X_"/>
    <testcase time="1.69400000000002" classname="ds.var_math_scale_multiple" name="var_aX_a_2Var_X_"/>
    <testcase time="1.56199999999998" classname="ds.var_math_scale_multiple" name="var_aX_a_2Var_X_"/>
    <testcase time="1.63800000000001" classname="ds.var_math_scale_multiple" name="var_aX_a_2Var_X_"/>
  </testsuite>
</testsuites>
