<?xml version="1.0" encoding="UTF-8"?>
<testsuites>
  <testsuite name="perf-conndisconn" timestamp="2026-07-18T04:29:22Z" hostname="runnervm3jd5f" tests="0" skipped="0" failures="0" errors="0" time="0"/>
  <testsuite name="conndisconn::perf::setup" timestamp="2026-07-18T04:29:22Z" hostname="runnervm3jd5f" tests="0" skipped="0" failures="0" errors="0" time="0"/>
  <testsuite name="conndisconn::perf::simple0" timestamp="2026-07-18T04:29:34Z" hostname="runnervm3jd5f" tests="2" skipped="0" failures="0" errors="0" time="135.895">
    <testcase time="135.878" classname="conndisconn_perf_simple0" name="simple_connect_disconnect_performance"/>
    <testcase time="0.0169999999999959" classname="conndisconn_perf_simple0" name="simple_connect_disconnect_performance"/>
  </testsuite>
  <testsuite name="conndisconn::perf::shutdown" timestamp="2026-07-18T04:31:38Z" hostname="runnervm3jd5f" tests="0" skipped="0" failures="0" errors="0" time="0"/>
  <testsuite name="conndisconn::perf::done" timestamp="2026-07-18T04:31:38Z" hostname="runnervm3jd5f" tests="0" skipped="0" failures="0" errors="0" time="0"/>
  <testsuite name="perf-ds.abs" timestamp="2026-07-18T04:31:38Z" hostname="runnervm3jd5f" tests="0" skipped="0" failures="0" errors="0" time="0"/>
  <testsuite name="ds.abs::perf::setup" timestamp="2026-07-18T04:31:38Z" hostname="runnervm3jd5f" tests="0" skipped="0" failures="0" errors="0" time="0"/>
  <testsuite name="ds.abs::perf:0" timestamp="2026-07-18T04:31:47Z" hostname="runnervm3jd5f" tests="2" skipped="0" failures="0" errors="0" time="39.523">
    <testcase time="39.521" classname="ds.abs_perf_0" name="combine_performance"/>
    <testcase time="0.00199999999998113" classname="ds.abs_perf_0" name="combine_performance"/>
  </testsuite>
  <testsuite name="ds.abs::perf::shutdown" timestamp="2026-07-18T04:32:18Z" hostname="runnervm3jd5f" tests="0" skipped="0" failures="0" errors="0" time="0"/>
  <testsuite name="ds.abs::perf::done" timestamp="2026-07-18T04:32:18Z" hostname="runnervm3jd5f" tests="0" skipped="0" failures="0" errors="0" time="0"/>
  <testsuite name="perf-ds.asInteger" timestamp="2026-07-18T04:32:18Z" hostname="runnervm3jd5f" tests="0" skipped="0" failures="0" errors="0" time="0"/>
  <testsuite name="ds.asInteger::perf::setup" timestamp="2026-07-18T04:32:18Z" hostname="runnervm3jd5f" tests="0" skipped="0" failures="0" errors="0" time="0"/>
  <testsuite name="ds.asInteger::perf:0" timestamp="2026-07-18T04:32:26Z" hostname="runnervm3jd5f" tests="2" skipped="0" failures="0" errors="0" time="39.282">
    <testcase time="39.28" classname="ds.asInteger_perf_0" name="combine_performance"/>
    <testcase time="0.00200000000000955" classname="ds.asInteger_perf_0" name="combine_performance"/>
  </testsuite>
  <testsuite name="ds.asInteger::perf::shutdown" timestamp="2026-07-18T04:32:57Z" hostname="runnervm3jd5f" tests="0" skipped="0" failures="0" errors="0" time="0"/>
  <testsuite name="ds.asInteger::perf::done" timestamp="2026-07-18T04:32:57Z" hostname="runnervm3jd5f" tests="0" skipped="0" failures="0" errors="0" time="0"/>
  <testsuite name="perf-ds.asList" timestamp="2026-07-18T04:32:57Z" hostname="runnervm3jd5f" tests="0" skipped="0" failures="0" errors="0" time="0"/>
  <testsuite name="ds.asList::perf::setup" timestamp="2026-07-18T04:32:57Z" hostname="runnervm3jd5f" tests="0" skipped="0" failures="0" errors="0" time="0"/>
  <testsuite name="ds.asList::perf:0" timestamp="2026-07-18T04:33:06Z" hostname="runnervm3jd5f" tests="2" skipped="0" failures="0" errors="0" time="39.023">
    <testcase time="39.021" classname="ds.asList_perf_0" name="combine_performance"/>
    <testcase time="0.00200000000000955" classname="ds.asList_perf_0" name="combine_performance"/>
  </testsuite>
  <testsuite name="ds.asList::perf::shutdown" timestamp="2026-07-18T04:33:36Z" hostname="runnervm3jd5f" tests="0" skipped="0" failures="0" errors="0" time="0"/>
  <testsuite name="ds.asList::perf::done" timestamp="2026-07-18T04:33:36Z" hostname="runnervm3jd5f" tests="0" skipped="0" failures="0" errors="0" time="0"/>
  <testsuite name="perf-ds.asNumeric" timestamp="2026-07-18T04:33:36Z" hostname="runnervm3jd5f" tests="0" skipped="0" failures="0" errors="0" time="0"/>
  <testsuite name="ds.asNumeric::perf::setup" timestamp="2026-07-18T04:33:36Z" hostname="runnervm3jd5f" tests="0" skipped="0" failures="0" errors="0" time="0"/>
  <testsuite name="ds.asNumeric::perf:0" timestamp="2026-07-18T04:33:44Z" hostname="runnervm3jd5f" tests="2" skipped="0" failures="0" errors="0" time="39.351">
    <testcase time="39.349" classname="ds.asNumeric_perf_0" name="combine_performance"/>
    <testcase time="0.00200000000000955" classname="ds.asNumeric_perf_0" name="combine_performance"/>
  </testsuite>
  <testsuite name="ds.asNumeric::perf::shutdown" timestamp="2026-07-18T04:34:15Z" hostname="runnervm3jd5f" tests="0" skipped="0" failures="0" errors="0" time="0"/>
  <testsuite name="ds.asNumeric::perf::done" timestamp="2026-07-18T04:34:15Z" hostname="runnervm3jd5f" tests="0" skipped="0" failures="0" errors="0" time="0"/>
  <testsuite name="perf-ds.assign" timestamp="2026-07-18T04:34:15Z" hostname="runnervm3jd5f" tests="0" skipped="0" failures="0" errors="0" time="0"/>
  <testsuite name="ds.assign::perf::setup" timestamp="2026-07-18T04:34:15Z" hostname="runnervm3jd5f" tests="0" skipped="0" failures="0" errors="0" time="0"/>
  <testsuite name="ds.assign::perf::0" timestamp="2026-07-18T04:34:24Z" hostname="runnervm3jd5f" tests="2" skipped="0" failures="0" errors="0" time="39.331">
    <testcase time="39.329" classname="ds.assign_perf_0" name="performance"/>
    <testcase time="0.00200000000000955" classname="ds.assign_perf_0" name="performance"/>
  </testsuite>
  <testsuite name="ds.assign::perf::shutdown" timestamp="2026-07-18T04:34:55Z" hostname="runnervm3jd5f" tests="0" skipped="0" failures="0" errors="0" time="0"/>
  <testsuite name="ds.assign::perf::done" timestamp="2026-07-18T04:34:55Z" hostname="runnervm3jd5f" tests="0" skipped="0" failures="0" errors="0" time="0"/>
  <testsuite name="perf-ds.class" timestamp="2026-07-18T04:34:55Z" hostname="runnervm3jd5f" tests="0" skipped="0" failures="0" errors="0" time="0"/>
  <testsuite name="ds.class::perf::setup" timestamp="2026-07-18T04:34:55Z" hostname="runnervm3jd5f" tests="0" skipped="0" failures="0" errors="0" time="0"/>
  <testsuite name="ds.class::perf::combine:0" timestamp="2026-07-18T04:35:03Z" hostname="runnervm3jd5f" tests="2" skipped="0" failures="0" errors="0" time="38.727">
    <testcase time="38.726" classname="ds.class_perf_combine_0" name="combine_performance"/>
    <testcase time="0.0010000000000332" classname="ds.class_perf_combine_0" name="combine_performance"/>
  </testsuite>
  <testsuite name="ds.class::perf::shutdown" timestamp="2026-07-18T04:35:33Z" hostname="runnervm3jd5f" tests="0" skipped="0" failures="0" errors="0" time="0"/>
  <testsuite name="ds.class::perf::done" timestamp="2026-07-18T04:35:33Z" hostname="runnervm3jd5f" tests="0" skipped="0" failures="0" errors="0" time="0"/>
  <testsuite name="perf-ds.colnames" timestamp="2026-07-18T04:35:34Z" hostname="runnervm3jd5f" tests="0" skipped="0" failures="0" errors="0" time="0"/>
  <testsuite name="ds.colnames::perf::setup" timestamp="2026-07-18T04:35:34Z" hostname="runnervm3jd5f" tests="0" skipped="0" failures="0" errors="0" time="0"/>
  <testsuite name="ds.colnames::perf:0" timestamp="2026-07-18T04:35:42Z" hostname="runnervm3jd5f" tests="2" skipped="0" failures="0" errors="0" time="38.933">
    <testcase time="38.932" classname="ds.colnames_perf_0" name="combine_performance"/>
    <testcase time="0.0010000000000332" classname="ds.colnames_perf_0" name="combine_performance"/>
  </testsuite>
  <testsuite name="ds.colnames::perf::shutdown" timestamp="2026-07-18T04:36:12Z" hostname="runnervm3jd5f" tests="0" skipped="0" failures="0" errors="0" time="0"/>
  <testsuite name="ds.colnames::perf::done" timestamp="2026-07-18T04:36:12Z" hostname="runnervm3jd5f" tests="0" skipped="0" failures="0" errors="0" time="0"/>
  <testsuite name="perf-ds.exists" timestamp="2026-07-18T04:36:12Z" hostname="runnervm3jd5f" tests="0" skipped="0" failures="0" errors="0" time="0"/>
  <testsuite name="ds.exists::perf::setup" timestamp="2026-07-18T04:36:12Z" hostname="runnervm3jd5f" tests="0" skipped="0" failures="0" errors="0" time="0"/>
  <testsuite name="ds.exists::perf::combine:0" timestamp="2026-07-18T04:36:21Z" hostname="runnervm3jd5f" tests="2" skipped="0" failures="0" errors="0" time="38.723">
    <testcase time="38.722" classname="ds.exists_perf_combine_0" name="combine_performance"/>
    <testcase time="0.0010000000000332" classname="ds.exists_perf_combine_0" name="combine_performance"/>
  </testsuite>
  <testsuite name="ds.exists::perf::shutdown" timestamp="2026-07-18T04:36:51Z" hostname="runnervm3jd5f" tests="0" skipped="0" failures="0" errors="0" time="0"/>
  <testsuite name="ds.exists::perf::done" timestamp="2026-07-18T04:36:51Z" hostname="runnervm3jd5f" tests="0" skipped="0" failures="0" errors="0" time="0"/>
  <testsuite name="perf-ds.length" timestamp="2026-07-18T04:36:51Z" hostname="runnervm3jd5f" tests="0" skipped="0" failures="0" errors="0" time="0"/>
  <testsuite name="ds.length::perf::setup" timestamp="2026-07-18T04:36:51Z" hostname="runnervm3jd5f" tests="0" skipped="0" failures="0" errors="0" time="0"/>
  <testsuite name="ds.length::perf::combine:0" timestamp="2026-07-18T04:36:59Z" hostname="runnervm3jd5f" tests="2" skipped="0" failures="0" errors="0" time="38.629">
    <testcase time="38.628" classname="ds.length_perf_combine_0" name="combine_performance"/>
    <testcase time="0.000999999999976353" classname="ds.length_perf_combine_0" name="combine_performance"/>
  </testsuite>
  <testsuite name="ds.length::perf::shutdown" timestamp="2026-07-18T04:37:30Z" hostname="runnervm3jd5f" tests="0" skipped="0" failures="0" errors="0" time="0"/>
  <testsuite name="ds.length::perf::done" timestamp="2026-07-18T04:37:30Z" hostname="runnervm3jd5f" tests="0" skipped="0" failures="0" errors="0" time="0"/>
  <testsuite name="perf-ds.mean" timestamp="2026-07-18T04:37:30Z" hostname="runnervm3jd5f" tests="0" skipped="0" failures="0" errors="0" time="0"/>
  <testsuite name="ds.mean::perf::setup" timestamp="2026-07-18T04:37:30Z" hostname="runnervm3jd5f" tests="0" skipped="0" failures="0" errors="0" time="0"/>
  <testsuite name="ds.mean::perf::combine:0" timestamp="2026-07-18T04:37:38Z" hostname="runnervm3jd5f" tests="2" skipped="0" failures="0" errors="0" time="38.701">
    <testcase time="38.7" classname="ds.mean_perf_combine_0" name="combine_performance"/>
    <testcase time="0.000999999999976353" classname="ds.mean_perf_combine_0" name="combine_performance"/>
  </testsuite>
  <testsuite name="ds.mean::perf::split:0" timestamp="2026-07-18T04:38:08Z" hostname="runnervm3jd5f" tests="2" skipped="0" failures="0" errors="0" time="30.145">
    <testcase time="30.143" classname="ds.mean_perf_split_0" name="split_performance"/>
    <testcase time="0.00199999999995271" classname="ds.mean_perf_split_0" name="split_performance"/>
  </testsuite>
  <testsuite name="ds.mean::perf::shutdown" timestamp="2026-07-18T04:38:38Z" hostname="runnervm3jd5f" tests="0" skipped="0" failures="0" errors="0" time="0"/>
  <testsuite name="ds.mean::perf::done" timestamp="2026-07-18T04:38:39Z" hostname="runnervm3jd5f" tests="0" skipped="0" failures="0" errors="0" time="0"/>
  <testsuite name="perf-void" timestamp="2026-07-18T04:38:39Z" hostname="runnervm3jd5f" tests="0" skipped="0" failures="0" errors="0" time="0"/>
  <testsuite name="void::perf::void::setup" timestamp="2026-07-18T04:38:39Z" hostname="runnervm3jd5f" tests="0" skipped="0" failures="0" errors="0" time="0"/>
  <testsuite name="void::perf::void::0" timestamp="2026-07-18T04:38:39Z" hostname="runnervm3jd5f" tests="2" skipped="0" failures="0" errors="0" time="60.274">
    <testcase time="60.273" classname="void_perf_void_0" name="simple_void_performance"/>
    <testcase time="0.000999999999976353" classname="void_perf_void_0" name="simple_void_performance"/>
  </testsuite>
  <testsuite name="void::perf::void::shutdown" timestamp="2026-07-18T04:39:39Z" hostname="runnervm3jd5f" tests="0" skipped="0" failures="0" errors="0" time="0"/>
  <testsuite name="void::perf::void::done" timestamp="2026-07-18T04:39:39Z" hostname="runnervm3jd5f" tests="0" skipped="0" failures="0" errors="0" time="0"/>
</testsuites>
