<?xml version="1.0" encoding="UTF-8"?>
<testsuites>
  <testsuite name="math-ds.mean" timestamp="2026-07-18T03:53:40Z" hostname="runnervm3jd5f" tests="96" skipped="0" failures="0" errors="0" time="77.511">
    <testcase time="11.443" classname="math_ds.mean" name="residual_deviation_tends_to_0"/>
    <testcase time="0.522" classname="math_ds.mean" name="residual_deviation_tends_to_0"/>
    <testcase time="0.415999999999999" classname="math_ds.mean" name="residual_deviation_tends_to_0"/>
    <testcase time="0.392000000000001" classname="math_ds.mean" name="residual_deviation_tends_to_0"/>
    <testcase time="0.434999999999999" classname="math_ds.mean" name="residual_deviation_tends_to_0"/>
    <testcase time="0.406000000000001" classname="math_ds.mean" name="residual_deviation_tends_to_0"/>
    <testcase time="0.388999999999999" classname="math_ds.mean" name="residual_deviation_tends_to_0"/>
    <testcase time="0.426000000000002" classname="math_ds.mean" name="residual_deviation_tends_to_0"/>
    <testcase time="0.413" classname="math_ds.mean" name="residual_deviation_tends_to_0"/>
    <testcase time="0.00199999999999889" classname="math_ds.mean" name="residual_deviation_tends_to_0"/>
    <testcase time="0.00199999999999889" classname="math_ds.mean" name="residual_deviation_tends_to_0"/>
    <testcase time="0.373000000000001" classname="math_ds.mean" name="residual_deviation_tends_to_0"/>
    <testcase time="0.00100000000000122" classname="math_ds.mean" name="residual_deviation_tends_to_0"/>
    <testcase time="0.00199999999999889" classname="math_ds.mean" name="residual_deviation_tends_to_0"/>
    <testcase time="0.402999999999999" classname="math_ds.mean" name="residual_deviation_tends_to_0"/>
    <testcase time="0.00200000000000244" classname="math_ds.mean" name="residual_deviation_tends_to_0"/>
    <testcase time="0.00199999999999889" classname="math_ds.mean" name="residual_deviation_tends_to_0"/>
    <testcase time="0.367999999999999" classname="math_ds.mean" name="residual_deviation_tends_to_0"/>
    <testcase time="0.00200000000000244" classname="math_ds.mean" name="residual_deviation_tends_to_0"/>
    <testcase time="0.00199999999999889" classname="math_ds.mean" name="residual_deviation_tends_to_0"/>
    <testcase time="0.414999999999999" classname="math_ds.mean" name="residual_deviation_tends_to_0"/>
    <testcase time="0.00199999999999889" classname="math_ds.mean" name="residual_deviation_tends_to_0"/>
    <testcase time="0.00100000000000122" classname="math_ds.mean" name="residual_deviation_tends_to_0"/>
    <testcase time="0.414999999999999" classname="math_ds.mean" name="residual_deviation_tends_to_0"/>
    <testcase time="0.00200000000000244" classname="math_ds.mean" name="residual_deviation_tends_to_0"/>
    <testcase time="0.000999999999997669" classname="math_ds.mean" name="residual_deviation_tends_to_0"/>
    <testcase time="0.407" classname="math_ds.mean" name="residual_deviation_tends_to_0"/>
    <testcase time="0.00200000000000244" classname="math_ds.mean" name="residual_deviation_tends_to_0"/>
    <testcase time="0.000999999999997669" classname="math_ds.mean" name="residual_deviation_tends_to_0"/>
    <testcase time="0.327999999999999" classname="math_ds.mean" name="residual_deviation_tends_to_0"/>
    <testcase time="0.00100000000000122" classname="math_ds.mean" name="residual_deviation_tends_to_0"/>
    <testcase time="0.00199999999999889" classname="math_ds.mean" name="residual_deviation_tends_to_0"/>
    <testcase time="6.875" classname="math_ds.mean" name="residual_deviation_tends_to_0"/>
    <testcase time="0.392000000000003" classname="math_ds.mean" name="residual_deviation_tends_to_0"/>
    <testcase time="0.369" classname="math_ds.mean" name="residual_deviation_tends_to_0"/>
    <testcase time="0.361999999999998" classname="math_ds.mean" name="residual_deviation_tends_to_0"/>
    <testcase time="0.382999999999999" classname="math_ds.mean" name="residual_deviation_tends_to_0"/>
    <testcase time="0.360000000000003" classname="math_ds.mean" name="residual_deviation_tends_to_0"/>
    <testcase time="0.285999999999998" classname="math_ds.mean" name="residual_deviation_tends_to_0"/>
    <testcase time="0.402000000000001" classname="math_ds.mean" name="residual_deviation_tends_to_0"/>
    <testcase time="0.407" classname="math_ds.mean" name="residual_deviation_tends_to_0"/>
    <testcase time="0.00199999999999889" classname="math_ds.mean" name="residual_deviation_tends_to_0"/>
    <testcase time="0.00100000000000122" classname="math_ds.mean" name="residual_deviation_tends_to_0"/>
    <testcase time="0.395" classname="math_ds.mean" name="residual_deviation_tends_to_0"/>
    <testcase time="0.00199999999999889" classname="math_ds.mean" name="residual_deviation_tends_to_0"/>
    <testcase time="0.00100000000000122" classname="math_ds.mean" name="residual_deviation_tends_to_0"/>
    <testcase time="0.346" classname="math_ds.mean" name="residual_deviation_tends_to_0"/>
    <testcase time="0.00199999999999889" classname="math_ds.mean" name="residual_deviation_tends_to_0"/>
    <testcase time="0.00100000000000122" classname="math_ds.mean" name="residual_deviation_tends_to_0"/>
    <testcase time="0.402000000000001" classname="math_ds.mean" name="residual_deviation_tends_to_0"/>
    <testcase time="0.00199999999999889" classname="math_ds.mean" name="residual_deviation_tends_to_0"/>
    <testcase time="0.00100000000000122" classname="math_ds.mean" name="residual_deviation_tends_to_0"/>
    <testcase time="0.357999999999997" classname="math_ds.mean" name="residual_deviation_tends_to_0"/>
    <testcase time="0.00100000000000122" classname="math_ds.mean" name="residual_deviation_tends_to_0"/>
    <testcase time="0.00199999999999889" classname="math_ds.mean" name="residual_deviation_tends_to_0"/>
    <testcase time="0.394000000000002" classname="math_ds.mean" name="residual_deviation_tends_to_0"/>
    <testcase time="0.00199999999999889" classname="math_ds.mean" name="residual_deviation_tends_to_0"/>
    <testcase time="0.00100000000000122" classname="math_ds.mean" name="residual_deviation_tends_to_0"/>
    <testcase time="0.317999999999998" classname="math_ds.mean" name="residual_deviation_tends_to_0"/>
    <testcase time="0.00200000000000244" classname="math_ds.mean" name="residual_deviation_tends_to_0"/>
    <testcase time="0.000999999999997669" classname="math_ds.mean" name="residual_deviation_tends_to_0"/>
    <testcase time="0.381000000000004" classname="math_ds.mean" name="residual_deviation_tends_to_0"/>
    <testcase time="0.000999999999997669" classname="math_ds.mean" name="residual_deviation_tends_to_0"/>
    <testcase time="0.000999999999997669" classname="math_ds.mean" name="residual_deviation_tends_to_0"/>
    <testcase time="3.085" classname="math_ds.mean" name="mean_X_a_mean_X_a"/>
    <testcase time="0.408999999999999" classname="math_ds.mean" name="mean_X_a_mean_X_a"/>
    <testcase time="0.441000000000003" classname="math_ds.mean" name="mean_X_a_mean_X_a"/>
    <testcase time="0.481000000000002" classname="math_ds.mean" name="mean_X_a_mean_X_a"/>
    <testcase time="0.400999999999996" classname="math_ds.mean" name="mean_X_a_mean_X_a"/>
    <testcase time="0.434000000000005" classname="math_ds.mean" name="mean_X_a_mean_X_a"/>
    <testcase time="0.481999999999999" classname="math_ds.mean" name="mean_X_a_mean_X_a"/>
    <testcase time="0.472999999999999" classname="math_ds.mean" name="mean_X_a_mean_X_a"/>
    <testcase time="7.759" classname="math_ds.mean" name="mean_X_a_mean_X_a"/>
    <testcase time="1.36" classname="math_ds.mean" name="mean_X_a_mean_X_a"/>
    <testcase time="1.35" classname="math_ds.mean" name="mean_X_a_mean_X_a"/>
    <testcase time="1.325" classname="math_ds.mean" name="mean_X_a_mean_X_a"/>
    <testcase time="1.41500000000001" classname="math_ds.mean" name="mean_X_a_mean_X_a"/>
    <testcase time="1.38399999999999" classname="math_ds.mean" name="mean_X_a_mean_X_a"/>
    <testcase time="1.378" classname="math_ds.mean" name="mean_X_a_mean_X_a"/>
    <testcase time="1.411" classname="math_ds.mean" name="mean_X_a_mean_X_a"/>
    <testcase time="7.953" classname="math_ds.mean" name="mean_X_a_mean_X_a"/>
    <testcase time="1.37199999999999" classname="math_ds.mean" name="mean_X_a_mean_X_a"/>
    <testcase time="1.40300000000001" classname="math_ds.mean" name="mean_X_a_mean_X_a"/>
    <testcase time="1.315" classname="math_ds.mean" name="mean_X_a_mean_X_a"/>
    <testcase time="1.245" classname="math_ds.mean" name="mean_X_a_mean_X_a"/>
    <testcase time="1.386" classname="math_ds.mean" name="mean_X_a_mean_X_a"/>
    <testcase time="1.367" classname="math_ds.mean" name="mean_X_a_mean_X_a"/>
    <testcase time="1.42" classname="math_ds.mean" name="mean_X_a_mean_X_a"/>
    <testcase time="3.2" classname="math_ds.mean" name="mean_X_a_mean_X_a"/>
    <testcase time="0.481999999999999" classname="math_ds.mean" name="mean_X_a_mean_X_a"/>
    <testcase time="0.48299999999999" classname="math_ds.mean" name="mean_X_a_mean_X_a"/>
    <testcase time="0.442000000000007" classname="math_ds.mean" name="mean_X_a_mean_X_a"/>
    <testcase time="0.433999999999997" classname="math_ds.mean" name="mean_X_a_mean_X_a"/>
    <testcase time="0.477000000000004" classname="math_ds.mean" name="mean_X_a_mean_X_a"/>
    <testcase time="0.435000000000002" classname="math_ds.mean" name="mean_X_a_mean_X_a"/>
    <testcase time="0.477999999999994" classname="math_ds.mean" name="mean_X_a_mean_X_a"/>
  </testsuite>
  <testsuite name="math-ds.var" timestamp="2026-07-18T03:54:57Z" hostname="runnervm3jd5f" tests="136" skipped="0" failures="0" errors="0" time="89.239">
    <testcase time="7.041" classname="math_ds.var" name="variance_0"/>
    <testcase time="0.501000000000005" classname="math_ds.var" name="variance_0"/>
    <testcase time="0.539999999999992" classname="math_ds.var" name="variance_0"/>
    <testcase time="0.544000000000011" classname="math_ds.var" name="variance_0"/>
    <testcase time="0.513999999999996" classname="math_ds.var" name="variance_0"/>
    <testcase time="0.579999999999998" classname="math_ds.var" name="variance_0"/>
    <testcase time="0.558000000000007" classname="math_ds.var" name="variance_0"/>
    <testcase time="0.516999999999996" classname="math_ds.var" name="variance_0"/>
    <testcase time="0.551999999999992" classname="math_ds.var" name="variance_0"/>
    <testcase time="0.00300000000000011" classname="math_ds.var" name="variance_0"/>
    <testcase time="0.00300000000000011" classname="math_ds.var" name="variance_0"/>
    <testcase time="0.559000000000012" classname="math_ds.var" name="variance_0"/>
    <testcase time="0.00300000000000011" classname="math_ds.var" name="variance_0"/>
    <testcase time="0.00300000000000011" classname="math_ds.var" name="variance_0"/>
    <testcase time="0.509" classname="math_ds.var" name="variance_0"/>
    <testcase time="0.0029999999999859" classname="math_ds.var" name="variance_0"/>
    <testcase time="0.00300000000000011" classname="math_ds.var" name="variance_0"/>
    <testcase time="0.549000000000007" classname="math_ds.var" name="variance_0"/>
    <testcase time="0.00300000000000011" classname="math_ds.var" name="variance_0"/>
    <testcase time="0.00300000000000011" classname="math_ds.var" name="variance_0"/>
    <testcase time="0.531000000000006" classname="math_ds.var" name="variance_0"/>
    <testcase time="0.00300000000000011" classname="math_ds.var" name="variance_0"/>
    <testcase time="0.00199999999999534" classname="math_ds.var" name="variance_0"/>
    <testcase time="0.554000000000002" classname="math_ds.var" name="variance_0"/>
    <testcase time="0.00300000000000011" classname="math_ds.var" name="variance_0"/>
    <testcase time="0.00300000000000011" classname="math_ds.var" name="variance_0"/>
    <testcase time="0.545999999999992" classname="math_ds.var" name="variance_0"/>
    <testcase time="0.00300000000000011" classname="math_ds.var" name="variance_0"/>
    <testcase time="0.00300000000000011" classname="math_ds.var" name="variance_0"/>
    <testcase time="0.551000000000002" classname="math_ds.var" name="variance_0"/>
    <testcase time="0.00300000000000011" classname="math_ds.var" name="variance_0"/>
    <testcase time="0.00300000000000011" classname="math_ds.var" name="variance_0"/>
    <testcase time="2.90600000000001" classname="math_ds.var" name="variance_0"/>
    <testcase time="0.185000000000002" classname="math_ds.var" name="variance_0"/>
    <testcase time="0.184999999999988" classname="math_ds.var" name="variance_0"/>
    <testcase time="0.192000000000007" classname="math_ds.var" name="variance_0"/>
    <testcase time="0.188999999999993" classname="math_ds.var" name="variance_0"/>
    <testcase time="0.187000000000012" classname="math_ds.var" name="variance_0"/>
    <testcase time="0.187999999999988" classname="math_ds.var" name="variance_0"/>
    <testcase time="0.188000000000002" classname="math_ds.var" name="variance_0"/>
    <testcase time="0.198999999999998" classname="math_ds.var" name="variance_0"/>
    <testcase time="0.00300000000000011" classname="math_ds.var" name="variance_0"/>
    <testcase time="0.00300000000000011" classname="math_ds.var" name="variance_0"/>
    <testcase time="0.192000000000007" classname="math_ds.var" name="variance_0"/>
    <testcase time="0.00399999999999068" classname="math_ds.var" name="variance_0"/>
    <testcase time="0.00400000000000489" classname="math_ds.var" name="variance_0"/>
    <testcase time="0.192000000000007" classname="math_ds.var" name="variance_0"/>
    <testcase time="0.00300000000000011" classname="math_ds.var" name="variance_0"/>
    <testcase time="0.00300000000000011" classname="math_ds.var" name="variance_0"/>
    <testcase time="0.183999999999997" classname="math_ds.var" name="variance_0"/>
    <testcase time="0.00300000000000011" classname="math_ds.var" name="variance_0"/>
    <testcase time="0.00300000000000011" classname="math_ds.var" name="variance_0"/>
    <testcase time="0.185999999999993" classname="math_ds.var" name="variance_0"/>
    <testcase time="0.00300000000000011" classname="math_ds.var" name="variance_0"/>
    <testcase time="0.00300000000000011" classname="math_ds.var" name="variance_0"/>
    <testcase time="0.186999999999998" classname="math_ds.var" name="variance_0"/>
    <testcase time="0.00300000000000011" classname="math_ds.var" name="variance_0"/>
    <testcase time="0.00300000000000011" classname="math_ds.var" name="variance_0"/>
    <testcase time="0.186000000000007" classname="math_ds.var" name="variance_0"/>
    <testcase time="0.00300000000000011" classname="math_ds.var" name="variance_0"/>
    <testcase time="0.00199999999999534" classname="math_ds.var" name="variance_0"/>
    <testcase time="0.186999999999998" classname="math_ds.var" name="variance_0"/>
    <testcase time="0.00200000000000955" classname="math_ds.var" name="variance_0"/>
    <testcase time="0.00300000000000011" classname="math_ds.var" name="variance_0"/>
    <testcase time="2.833" classname="math_ds.var" name="variance_is_to_the_power_of_2_of_the_standard_deviation"/>
    <testcase time="0.120000000000005" classname="math_ds.var" name="variance_is_to_the_power_of_2_of_the_standard_deviation"/>
    <testcase time="0.114999999999995" classname="math_ds.var" name="variance_is_to_the_power_of_2_of_the_standard_deviation"/>
    <testcase time="0.117999999999995" classname="math_ds.var" name="variance_is_to_the_power_of_2_of_the_standard_deviation"/>
    <testcase time="0.117000000000004" classname="math_ds.var" name="variance_is_to_the_power_of_2_of_the_standard_deviation"/>
    <testcase time="0.117000000000004" classname="math_ds.var" name="variance_is_to_the_power_of_2_of_the_standard_deviation"/>
    <testcase time="0.119" classname="math_ds.var" name="variance_is_to_the_power_of_2_of_the_standard_deviation"/>
    <testcase time="0.117999999999995" classname="math_ds.var" name="variance_is_to_the_power_of_2_of_the_standard_deviation"/>
    <testcase time="6.577" classname="math_ds.var" name="variance_is_to_the_power_of_2_of_the_standard_deviation"/>
    <testcase time="0.341999999999999" classname="math_ds.var" name="variance_is_to_the_power_of_2_of_the_standard_deviation"/>
    <testcase time="0.341000000000008" classname="math_ds.var" name="variance_is_to_the_power_of_2_of_the_standard_deviation"/>
    <testcase time="0.342999999999989" classname="math_ds.var" name="variance_is_to_the_power_of_2_of_the_standard_deviation"/>
    <testcase time="0.350999999999999" classname="math_ds.var" name="variance_is_to_the_power_of_2_of_the_standard_deviation"/>
    <testcase time="0.348000000000013" classname="math_ds.var" name="variance_is_to_the_power_of_2_of_the_standard_deviation"/>
    <testcase time="0.306999999999988" classname="math_ds.var" name="variance_is_to_the_power_of_2_of_the_standard_deviation"/>
    <testcase time="0.347999999999999" classname="math_ds.var" name="variance_is_to_the_power_of_2_of_the_standard_deviation"/>
    <testcase time="0.352000000000004" classname="math_ds.var" name="variance_is_to_the_power_of_2_of_the_standard_deviation"/>
    <testcase time="0.00199999999999534" classname="math_ds.var" name="variance_is_to_the_power_of_2_of_the_standard_deviation"/>
    <testcase time="0.00100000000000477" classname="math_ds.var" name="variance_is_to_the_power_of_2_of_the_standard_deviation"/>
    <testcase time="0.349000000000004" classname="math_ds.var" name="variance_is_to_the_power_of_2_of_the_standard_deviation"/>
    <testcase time="0.00199999999999534" classname="math_ds.var" name="variance_is_to_the_power_of_2_of_the_standard_deviation"/>
    <testcase time="0.00200000000000955" classname="math_ds.var" name="variance_is_to_the_power_of_2_of_the_standard_deviation"/>
    <testcase time="0.346999999999994" classname="math_ds.var" name="variance_is_to_the_power_of_2_of_the_standard_deviation"/>
    <testcase time="0.00300000000000011" classname="math_ds.var" name="variance_is_to_the_power_of_2_of_the_standard_deviation"/>
    <testcase time="0.00199999999999534" classname="math_ds.var" name="variance_is_to_the_power_of_2_of_the_standard_deviation"/>
    <testcase time="0.338000000000008" classname="math_ds.var" name="variance_is_to_the_power_of_2_of_the_standard_deviation"/>
    <testcase time="0.00199999999999534" classname="math_ds.var" name="variance_is_to_the_power_of_2_of_the_standard_deviation"/>
    <testcase time="0.00100000000000477" classname="math_ds.var" name="variance_is_to_the_power_of_2_of_the_standard_deviation"/>
    <testcase time="0.333999999999989" classname="math_ds.var" name="variance_is_to_the_power_of_2_of_the_standard_deviation"/>
    <testcase time="0.00200000000000955" classname="math_ds.var" name="variance_is_to_the_power_of_2_of_the_standard_deviation"/>
    <testcase time="0.000999999999990564" classname="math_ds.var" name="variance_is_to_the_power_of_2_of_the_standard_deviation"/>
    <testcase time="0.341000000000008" classname="math_ds.var" name="variance_is_to_the_power_of_2_of_the_standard_deviation"/>
    <testcase time="0.00199999999999534" classname="math_ds.var" name="variance_is_to_the_power_of_2_of_the_standard_deviation"/>
    <testcase time="0.00200000000000955" classname="math_ds.var" name="variance_is_to_the_power_of_2_of_the_standard_deviation"/>
    <testcase time="0.333999999999989" classname="math_ds.var" name="variance_is_to_the_power_of_2_of_the_standard_deviation"/>
    <testcase time="0.00200000000000955" classname="math_ds.var" name="variance_is_to_the_power_of_2_of_the_standard_deviation"/>
    <testcase time="0.000999999999990564" classname="math_ds.var" name="variance_is_to_the_power_of_2_of_the_standard_deviation"/>
    <testcase time="0.340000000000003" classname="math_ds.var" name="variance_is_to_the_power_of_2_of_the_standard_deviation"/>
    <testcase time="0.00199999999999534" classname="math_ds.var" name="variance_is_to_the_power_of_2_of_the_standard_deviation"/>
    <testcase time="0.00100000000000477" classname="math_ds.var" name="variance_is_to_the_power_of_2_of_the_standard_deviation"/>
    <testcase time="3.139" classname="math_ds.var" name="var_X_a_Var_X_"/>
    <testcase time="0.515000000000001" classname="math_ds.var" name="var_X_a_Var_X_"/>
    <testcase time="0.593000000000004" classname="math_ds.var" name="var_X_a_Var_X_"/>
    <testcase time="0.555000000000007" classname="math_ds.var" name="var_X_a_Var_X_"/>
    <testcase time="0.579999999999998" classname="math_ds.var" name="var_X_a_Var_X_"/>
    <testcase time="0.582999999999998" classname="math_ds.var" name="var_X_a_Var_X_"/>
    <testcase time="0.506999999999991" classname="math_ds.var" name="var_X_a_Var_X_"/>
    <testcase time="0.579000000000008" classname="math_ds.var" name="var_X_a_Var_X_"/>
    <testcase time="7.932" classname="math_ds.var" name="var_X_a_Var_X_"/>
    <testcase time="1.619" classname="math_ds.var" name="var_X_a_Var_X_"/>
    <testcase time="1.71199999999999" classname="math_ds.var" name="var_X_a_Var_X_"/>
    <testcase time="1.63900000000001" classname="math_ds.var" name="var_X_a_Var_X_"/>
    <testcase time="1.697" classname="math_ds.var" name="var_X_a_Var_X_"/>
    <testcase time="1.62199999999999" classname="math_ds.var" name="var_X_a_Var_X_"/>
    <testcase time="1.65900000000002" classname="math_ds.var" name="var_X_a_Var_X_"/>
    <testcase time="1.63" classname="math_ds.var" name="var_X_a_Var_X_"/>
    <testcase time="3.298" classname="math_ds.var" name="var_aX_a_2Var_X_"/>
    <testcase time="0.530000000000001" classname="math_ds.var" name="var_aX_a_2Var_X_"/>
    <testcase time="0.578000000000003" classname="math_ds.var" name="var_aX_a_2Var_X_"/>
    <testcase time="0.578000000000003" classname="math_ds.var" name="var_aX_a_2Var_X_"/>
    <testcase time="0.490999999999985" classname="math_ds.var" name="var_aX_a_2Var_X_"/>
    <testcase time="0.562999999999988" classname="math_ds.var" name="var_aX_a_2Var_X_"/>
    <testcase time="0.548000000000002" classname="math_ds.var" name="var_aX_a_2Var_X_"/>
    <testcase time="0.573000000000008" classname="math_ds.var" name="var_aX_a_2Var_X_"/>
    <testcase time="7.965" classname="math_ds.var" name="var_aX_a_2Var_X_"/>
    <testcase time="1.58600000000001" classname="math_ds.var" name="var_aX_a_2Var_X_"/>
    <testcase time="1.601" classname="math_ds.var" name="var_aX_a_2Var_X_"/>
    <testcase time="1.62099999999998" classname="math_ds.var" name="var_aX_a_2Var_X_"/>
    <testcase time="1.63500000000002" classname="math_ds.var" name="var_aX_a_2Var_X_"/>
    <testcase time="1.583" classname="math_ds.var" name="var_aX_a_2Var_X_"/>
    <testcase time="1.53899999999999" classname="math_ds.var" name="var_aX_a_2Var_X_"/>
    <testcase time="1.63800000000001" classname="math_ds.var" name="var_aX_a_2Var_X_"/>
  </testsuite>
</testsuites>
