<?xml version="1.0" encoding="UTF-8"?>
<testsuites>
  <testsuite name="_-vm-test" timestamp="2026-07-04T04:50:31Z" hostname="runnervmkkn4f" tests="0" skipped="0" failures="0" errors="0" time="0"/>
  <testsuite name="vm-test::_::setup" timestamp="2026-07-04T04:50:31Z" hostname="runnervmkkn4f" tests="0" skipped="0" failures="0" errors="0" time="0"/>
  <testsuite name="vm-test::_::tests::vm" timestamp="2026-07-04T04:50:32Z" hostname="runnervmkkn4f" tests="1" skipped="0" failures="0" errors="0" time="0.346">
    <testcase time="0.346" classname="vm_test___tests_vm" name="The_virtual_machine_is_loaded._"/>
  </testsuite>
  <testsuite name="vm-test::_::shutdown" timestamp="2026-07-04T04:50:32Z" hostname="runnervmkkn4f" tests="0" skipped="0" failures="0" errors="0" time="0"/>
  <testsuite name="vm-test::_::done" timestamp="2026-07-04T04:50:32Z" hostname="runnervmkkn4f" tests="0" skipped="0" failures="0" errors="0" time="0"/>
</testsuites>
