<?xml version="1.0" encoding="UTF-8"?>
<testsuites>
  <testsuite name="datachk-ANTHRO" timestamp="2026-09-26T05:06:00Z" hostname="runnervmtr4k5" tests="108" skipped="0" failures="2" errors="0" time="13.54">
    <testcase time="9.779" classname="datachk_ANTHRO" name="setup">
      <failure type="failure" message="Expected `study.current.variables$objects.found` to have the same values as `expected.variables`. ('test-datachk-ANTHRO.R:21:5')">Expected `study.current.variables$objects.found` to have the same values as `expected.variables`.
Actual: "D", "read_datashield_inst", "to_df"
Expected: "D"
Needs: "read_datashield_inst", "to_df"
Backtrace:
    x
 1. \-global ds_expect_variables(c("D")) at test-datachk-ANTHRO.R:21:5
 2.   \-testthat::expect_setequal(...)</failure>
    </testcase>
    <testcase time="0.0549999999999997" classname="datachk_ANTHRO" name="setup"/>
    <testcase time="0.00900000000000034" classname="datachk_ANTHRO" name="setup"/>
    <testcase time="0.369999999999999" classname="datachk_ANTHRO" name="Check_ANTHRO_dataset"/>
    <testcase time="0.00200000000000067" classname="datachk_ANTHRO" name="Check_ANTHRO_dataset"/>
    <testcase time="0.00300000000000011" classname="datachk_ANTHRO" name="Check_ANTHRO_dataset"/>
    <testcase time="0.00199999999999889" classname="datachk_ANTHRO" name="Check_ANTHRO_dataset"/>
    <testcase time="0.00300000000000011" classname="datachk_ANTHRO" name="Check_ANTHRO_dataset"/>
    <testcase time="0.000999999999999446" classname="datachk_ANTHRO" name="Check_ANTHRO_dataset"/>
    <testcase time="0.00300000000000011" classname="datachk_ANTHRO" name="Check_ANTHRO_dataset"/>
    <testcase time="0.231" classname="datachk_ANTHRO" name="Check_ANTHRO_dataset"/>
    <testcase time="0.00200000000000067" classname="datachk_ANTHRO" name="Check_ANTHRO_dataset"/>
    <testcase time="0.00200000000000067" classname="datachk_ANTHRO" name="Check_ANTHRO_dataset"/>
    <testcase time="0.000999999999999446" classname="datachk_ANTHRO" name="Check_ANTHRO_dataset"/>
    <testcase time="0.000999999999999446" classname="datachk_ANTHRO" name="Check_ANTHRO_dataset"/>
    <testcase time="0.00200000000000067" classname="datachk_ANTHRO" name="Check_ANTHRO_dataset"/>
    <testcase time="0.000999999999999446" classname="datachk_ANTHRO" name="Check_ANTHRO_dataset"/>
    <testcase time="0.00100000000000122" classname="datachk_ANTHRO" name="Check_ANTHRO_dataset"/>
    <testcase time="0.194999999999999" classname="datachk_ANTHRO" name="Check_ANTHRO_dataset"/>
    <testcase time="0.00100000000000122" classname="datachk_ANTHRO" name="Check_ANTHRO_dataset"/>
    <testcase time="0.00199999999999889" classname="datachk_ANTHRO" name="Check_ANTHRO_dataset"/>
    <testcase time="0.00100000000000122" classname="datachk_ANTHRO" name="Check_ANTHRO_dataset"/>
    <testcase time="0.00199999999999889" classname="datachk_ANTHRO" name="Check_ANTHRO_dataset"/>
    <testcase time="0.00100000000000122" classname="datachk_ANTHRO" name="Check_ANTHRO_dataset"/>
    <testcase time="0.000999999999999446" classname="datachk_ANTHRO" name="Check_ANTHRO_dataset"/>
    <testcase time="0.393000000000001" classname="datachk_ANTHRO" name="Check_ANTHRO_dataset"/>
    <testcase time="0.00199999999999889" classname="datachk_ANTHRO" name="Check_ANTHRO_dataset"/>
    <testcase time="0.000999999999999446" classname="datachk_ANTHRO" name="Check_ANTHRO_dataset"/>
    <testcase time="0.00200000000000067" classname="datachk_ANTHRO" name="Check_ANTHRO_dataset"/>
    <testcase time="0.000999999999999446" classname="datachk_ANTHRO" name="Check_ANTHRO_dataset"/>
    <testcase time="0.00100000000000122" classname="datachk_ANTHRO" name="Check_ANTHRO_dataset"/>
    <testcase time="0.000999999999999446" classname="datachk_ANTHRO" name="Check_ANTHRO_dataset"/>
    <testcase time="0.197000000000001" classname="datachk_ANTHRO" name="Check_ANTHRO_dataset"/>
    <testcase time="0.000999999999999446" classname="datachk_ANTHRO" name="Check_ANTHRO_dataset"/>
    <testcase time="0.00199999999999889" classname="datachk_ANTHRO" name="Check_ANTHRO_dataset"/>
    <testcase time="0.00100000000000122" classname="datachk_ANTHRO" name="Check_ANTHRO_dataset"/>
    <testcase time="0.00199999999999889" classname="datachk_ANTHRO" name="Check_ANTHRO_dataset"/>
    <testcase time="0.00100000000000122" classname="datachk_ANTHRO" name="Check_ANTHRO_dataset"/>
    <testcase time="0.000999999999999446" classname="datachk_ANTHRO" name="Check_ANTHRO_dataset"/>
    <testcase time="0.000999999999999446" classname="datachk_ANTHRO" name="Check_ANTHRO_dataset"/>
    <testcase time="0.00200000000000067" classname="datachk_ANTHRO" name="Check_ANTHRO_dataset"/>
    <testcase time="0.314" classname="datachk_ANTHRO" name="Check_ANTHRO_dataset"/>
    <testcase time="0.00300000000000011" classname="datachk_ANTHRO" name="Check_ANTHRO_dataset"/>
    <testcase time="0.00199999999999889" classname="datachk_ANTHRO" name="Check_ANTHRO_dataset"/>
    <testcase time="0.00200000000000067" classname="datachk_ANTHRO" name="Check_ANTHRO_dataset"/>
    <testcase time="0.00200000000000067" classname="datachk_ANTHRO" name="Check_ANTHRO_dataset"/>
    <testcase time="0.00199999999999889" classname="datachk_ANTHRO" name="Check_ANTHRO_dataset"/>
    <testcase time="0.00200000000000067" classname="datachk_ANTHRO" name="Check_ANTHRO_dataset"/>
    <testcase time="0.15" classname="datachk_ANTHRO" name="Check_ANTHRO_dataset"/>
    <testcase time="0.000999999999999446" classname="datachk_ANTHRO" name="Check_ANTHRO_dataset"/>
    <testcase time="0.00200000000000067" classname="datachk_ANTHRO" name="Check_ANTHRO_dataset"/>
    <testcase time="0.000999999999999446" classname="datachk_ANTHRO" name="Check_ANTHRO_dataset"/>
    <testcase time="0.000999999999999446" classname="datachk_ANTHRO" name="Check_ANTHRO_dataset"/>
    <testcase time="0.00200000000000067" classname="datachk_ANTHRO" name="Check_ANTHRO_dataset"/>
    <testcase time="0.000999999999999446" classname="datachk_ANTHRO" name="Check_ANTHRO_dataset"/>
    <testcase time="0.00100000000000122" classname="datachk_ANTHRO" name="Check_ANTHRO_dataset"/>
    <testcase time="0.00199999999999889" classname="datachk_ANTHRO" name="Check_ANTHRO_dataset"/>
    <testcase time="0.378" classname="datachk_ANTHRO" name="Check_ANTHRO_dataset"/>
    <testcase time="0.00200000000000067" classname="datachk_ANTHRO" name="Check_ANTHRO_dataset"/>
    <testcase time="0.000999999999999446" classname="datachk_ANTHRO" name="Check_ANTHRO_dataset"/>
    <testcase time="0.000999999999999446" classname="datachk_ANTHRO" name="Check_ANTHRO_dataset"/>
    <testcase time="0.00200000000000067" classname="datachk_ANTHRO" name="Check_ANTHRO_dataset"/>
    <testcase time="0.000999999999999446" classname="datachk_ANTHRO" name="Check_ANTHRO_dataset"/>
    <testcase time="0.00100000000000122" classname="datachk_ANTHRO" name="Check_ANTHRO_dataset"/>
    <testcase time="0.196" classname="datachk_ANTHRO" name="Check_ANTHRO_dataset"/>
    <testcase time="0.000999999999999446" classname="datachk_ANTHRO" name="Check_ANTHRO_dataset"/>
    <testcase time="0.00200000000000067" classname="datachk_ANTHRO" name="Check_ANTHRO_dataset"/>
    <testcase time="0.000999999999999446" classname="datachk_ANTHRO" name="Check_ANTHRO_dataset"/>
    <testcase time="0.000999999999999446" classname="datachk_ANTHRO" name="Check_ANTHRO_dataset"/>
    <testcase time="0.00200000000000067" classname="datachk_ANTHRO" name="Check_ANTHRO_dataset"/>
    <testcase time="0.000999999999999446" classname="datachk_ANTHRO" name="Check_ANTHRO_dataset"/>
    <testcase time="0.00100000000000122" classname="datachk_ANTHRO" name="Check_ANTHRO_dataset"/>
    <testcase time="0.00199999999999889" classname="datachk_ANTHRO" name="Check_ANTHRO_dataset"/>
    <testcase time="0.287000000000001" classname="datachk_ANTHRO" name="Check_ANTHRO_dataset"/>
    <testcase time="0.00199999999999889" classname="datachk_ANTHRO" name="Check_ANTHRO_dataset"/>
    <testcase time="0.00100000000000122" classname="datachk_ANTHRO" name="Check_ANTHRO_dataset"/>
    <testcase time="0.00199999999999889" classname="datachk_ANTHRO" name="Check_ANTHRO_dataset"/>
    <testcase time="0.00100000000000122" classname="datachk_ANTHRO" name="Check_ANTHRO_dataset"/>
    <testcase time="0.000999999999999446" classname="datachk_ANTHRO" name="Check_ANTHRO_dataset"/>
    <testcase time="0.00200000000000067" classname="datachk_ANTHRO" name="Check_ANTHRO_dataset"/>
    <testcase time="0.189" classname="datachk_ANTHRO" name="Check_ANTHRO_dataset"/>
    <testcase time="0.00199999999999889" classname="datachk_ANTHRO" name="Check_ANTHRO_dataset"/>
    <testcase time="0.00300000000000011" classname="datachk_ANTHRO" name="Check_ANTHRO_dataset"/>
    <testcase time="0.00200000000000067" classname="datachk_ANTHRO" name="Check_ANTHRO_dataset"/>
    <testcase time="0.00199999999999889" classname="datachk_ANTHRO" name="Check_ANTHRO_dataset"/>
    <testcase time="0.00100000000000122" classname="datachk_ANTHRO" name="Check_ANTHRO_dataset"/>
    <testcase time="0.00199999999999889" classname="datachk_ANTHRO" name="Check_ANTHRO_dataset"/>
    <testcase time="0.00100000000000122" classname="datachk_ANTHRO" name="Check_ANTHRO_dataset"/>
    <testcase time="0.000999999999999446" classname="datachk_ANTHRO" name="Check_ANTHRO_dataset"/>
    <testcase time="0.288" classname="datachk_ANTHRO" name="Check_ANTHRO_dataset"/>
    <testcase time="0.00199999999999889" classname="datachk_ANTHRO" name="Check_ANTHRO_dataset"/>
    <testcase time="0.00100000000000122" classname="datachk_ANTHRO" name="Check_ANTHRO_dataset"/>
    <testcase time="0.00199999999999889" classname="datachk_ANTHRO" name="Check_ANTHRO_dataset"/>
    <testcase time="0.00100000000000122" classname="datachk_ANTHRO" name="Check_ANTHRO_dataset"/>
    <testcase time="0.000999999999999446" classname="datachk_ANTHRO" name="Check_ANTHRO_dataset"/>
    <testcase time="0.000999999999999446" classname="datachk_ANTHRO" name="Check_ANTHRO_dataset"/>
    <testcase time="0.149000000000001" classname="datachk_ANTHRO" name="Check_ANTHRO_dataset"/>
    <testcase time="0.00199999999999889" classname="datachk_ANTHRO" name="Check_ANTHRO_dataset"/>
    <testcase time="0.00100000000000122" classname="datachk_ANTHRO" name="Check_ANTHRO_dataset"/>
    <testcase time="0.00199999999999889" classname="datachk_ANTHRO" name="Check_ANTHRO_dataset"/>
    <testcase time="0.00100000000000122" classname="datachk_ANTHRO" name="Check_ANTHRO_dataset"/>
    <testcase time="0.000999999999999446" classname="datachk_ANTHRO" name="Check_ANTHRO_dataset"/>
    <testcase time="0.00200000000000067" classname="datachk_ANTHRO" name="Check_ANTHRO_dataset"/>
    <testcase time="0.000999999999999446" classname="datachk_ANTHRO" name="Check_ANTHRO_dataset"/>
    <testcase time="0.00199999999999889" classname="datachk_ANTHRO" name="Check_ANTHRO_dataset"/>
    <testcase time="0.200000000000001" classname="datachk_ANTHRO" name="shutdown">
      <failure type="failure" message="Expected `study.current.variables$objects.found` to have the same values as `expected.variables`. ('test-datachk-ANTHRO.R:166:5')">Expected `study.current.variables$objects.found` to have the same values as `expected.variables`.
Actual: "D", "read_datashield_inst", "to_df"
Expected: "D"
Needs: "read_datashield_inst", "to_df"
Backtrace:
    x
 1. \-global ds_expect_variables(c("D")) at test-datachk-ANTHRO.R:166:5
 2.   \-testthat::expect_setequal(...)</failure>
    </testcase>
    <testcase time="0.0220000000000002" classname="datachk_ANTHRO" name="shutdown"/>
    <testcase time="0.000999999999999446" classname="datachk_ANTHRO" name="shutdown"/>
  </testsuite>
  <testsuite name="datachk-CLUSTER_INT" timestamp="2026-09-26T05:06:14Z" hostname="runnervmtr4k5" tests="236" skipped="0" failures="0" errors="0" time="14.033">
    <testcase time="6.271" classname="datachk_CLUSTER_INT" name="setup"/>
    <testcase time="0.00200000000000244" classname="datachk_CLUSTER_INT" name="setup"/>
    <testcase time="0.00199999999999889" classname="datachk_CLUSTER_INT" name="setup"/>
    <testcase time="0.327999999999999" classname="datachk_CLUSTER_INT" name="Check_CLUSTER_INT_dataset"/>
    <testcase time="0.00199999999999889" classname="datachk_CLUSTER_INT" name="Check_CLUSTER_INT_dataset"/>
    <testcase time="0.00300000000000011" classname="datachk_CLUSTER_INT" name="Check_CLUSTER_INT_dataset"/>
    <testcase time="0.00100000000000122" classname="datachk_CLUSTER_INT" name="Check_CLUSTER_INT_dataset"/>
    <testcase time="0.00300000000000011" classname="datachk_CLUSTER_INT" name="Check_CLUSTER_INT_dataset"/>
    <testcase time="0.00100000000000122" classname="datachk_CLUSTER_INT" name="Check_CLUSTER_INT_dataset"/>
    <testcase time="0.00300000000000011" classname="datachk_CLUSTER_INT" name="Check_CLUSTER_INT_dataset"/>
    <testcase time="0.138999999999999" classname="datachk_CLUSTER_INT" name="Check_CLUSTER_INT_dataset"/>
    <testcase time="0.00100000000000122" classname="datachk_CLUSTER_INT" name="Check_CLUSTER_INT_dataset"/>
    <testcase time="0.00199999999999889" classname="datachk_CLUSTER_INT" name="Check_CLUSTER_INT_dataset"/>
    <testcase time="0.000999999999997669" classname="datachk_CLUSTER_INT" name="Check_CLUSTER_INT_dataset"/>
    <testcase time="0.00200000000000244" classname="datachk_CLUSTER_INT" name="Check_CLUSTER_INT_dataset"/>
    <testcase time="0.000999999999997669" classname="datachk_CLUSTER_INT" name="Check_CLUSTER_INT_dataset"/>
    <testcase time="0.00100000000000122" classname="datachk_CLUSTER_INT" name="Check_CLUSTER_INT_dataset"/>
    <testcase time="0.00199999999999889" classname="datachk_CLUSTER_INT" name="Check_CLUSTER_INT_dataset"/>
    <testcase time="0.146000000000001" classname="datachk_CLUSTER_INT" name="Check_CLUSTER_INT_dataset"/>
    <testcase time="0.00200000000000244" classname="datachk_CLUSTER_INT" name="Check_CLUSTER_INT_dataset"/>
    <testcase time="0.00199999999999889" classname="datachk_CLUSTER_INT" name="Check_CLUSTER_INT_dataset"/>
    <testcase time="0.00199999999999889" classname="datachk_CLUSTER_INT" name="Check_CLUSTER_INT_dataset"/>
    <testcase time="0.00199999999999889" classname="datachk_CLUSTER_INT" name="Check_CLUSTER_INT_dataset"/>
    <testcase time="0.00200000000000244" classname="datachk_CLUSTER_INT" name="Check_CLUSTER_INT_dataset"/>
    <testcase time="0.00199999999999889" classname="datachk_CLUSTER_INT" name="Check_CLUSTER_INT_dataset"/>
    <testcase time="0.333000000000002" classname="datachk_CLUSTER_INT" name="Check_CLUSTER_INT_dataset"/>
    <testcase time="0.000999999999997669" classname="datachk_CLUSTER_INT" name="Check_CLUSTER_INT_dataset"/>
    <testcase time="0.00199999999999889" classname="datachk_CLUSTER_INT" name="Check_CLUSTER_INT_dataset"/>
    <testcase time="0.00100000000000122" classname="datachk_CLUSTER_INT" name="Check_CLUSTER_INT_dataset"/>
    <testcase time="0.00100000000000122" classname="datachk_CLUSTER_INT" name="Check_CLUSTER_INT_dataset"/>
    <testcase time="0.00199999999999889" classname="datachk_CLUSTER_INT" name="Check_CLUSTER_INT_dataset"/>
    <testcase time="0.00100000000000122" classname="datachk_CLUSTER_INT" name="Check_CLUSTER_INT_dataset"/>
    <testcase time="0.181999999999999" classname="datachk_CLUSTER_INT" name="Check_CLUSTER_INT_dataset"/>
    <testcase time="0.00199999999999889" classname="datachk_CLUSTER_INT" name="Check_CLUSTER_INT_dataset"/>
    <testcase time="0.00100000000000122" classname="datachk_CLUSTER_INT" name="Check_CLUSTER_INT_dataset"/>
    <testcase time="0.00199999999999889" classname="datachk_CLUSTER_INT" name="Check_CLUSTER_INT_dataset"/>
    <testcase time="0.00100000000000122" classname="datachk_CLUSTER_INT" name="Check_CLUSTER_INT_dataset"/>
    <testcase time="0.00100000000000122" classname="datachk_CLUSTER_INT" name="Check_CLUSTER_INT_dataset"/>
    <testcase time="0.00199999999999889" classname="datachk_CLUSTER_INT" name="Check_CLUSTER_INT_dataset"/>
    <testcase time="0.00100000000000122" classname="datachk_CLUSTER_INT" name="Check_CLUSTER_INT_dataset"/>
    <testcase time="0.000999999999997669" classname="datachk_CLUSTER_INT" name="Check_CLUSTER_INT_dataset"/>
    <testcase time="0.361000000000001" classname="datachk_CLUSTER_INT" name="Check_CLUSTER_INT_dataset"/>
    <testcase time="0.00200000000000244" classname="datachk_CLUSTER_INT" name="Check_CLUSTER_INT_dataset"/>
    <testcase time="0.000999999999997669" classname="datachk_CLUSTER_INT" name="Check_CLUSTER_INT_dataset"/>
    <testcase time="0.00100000000000122" classname="datachk_CLUSTER_INT" name="Check_CLUSTER_INT_dataset"/>
    <testcase time="0.00199999999999889" classname="datachk_CLUSTER_INT" name="Check_CLUSTER_INT_dataset"/>
    <testcase time="0.00100000000000122" classname="datachk_CLUSTER_INT" name="Check_CLUSTER_INT_dataset"/>
    <testcase time="0.000999999999997669" classname="datachk_CLUSTER_INT" name="Check_CLUSTER_INT_dataset"/>
    <testcase time="0.181000000000001" classname="datachk_CLUSTER_INT" name="Check_CLUSTER_INT_dataset"/>
    <testcase time="0.00100000000000122" classname="datachk_CLUSTER_INT" name="Check_CLUSTER_INT_dataset"/>
    <testcase time="0.00199999999999889" classname="datachk_CLUSTER_INT" name="Check_CLUSTER_INT_dataset"/>
    <testcase time="0.00100000000000122" classname="datachk_CLUSTER_INT" name="Check_CLUSTER_INT_dataset"/>
    <testcase time="0.000999999999997669" classname="datachk_CLUSTER_INT" name="Check_CLUSTER_INT_dataset"/>
    <testcase time="0.00100000000000122" classname="datachk_CLUSTER_INT" name="Check_CLUSTER_INT_dataset"/>
    <testcase time="0.00199999999999889" classname="datachk_CLUSTER_INT" name="Check_CLUSTER_INT_dataset"/>
    <testcase time="0.00100000000000122" classname="datachk_CLUSTER_INT" name="Check_CLUSTER_INT_dataset"/>
    <testcase time="0.00100000000000122" classname="datachk_CLUSTER_INT" name="Check_CLUSTER_INT_dataset"/>
    <testcase time="0.363" classname="datachk_CLUSTER_INT" name="Check_CLUSTER_INT_dataset"/>
    <testcase time="0.00100000000000122" classname="datachk_CLUSTER_INT" name="Check_CLUSTER_INT_dataset"/>
    <testcase time="0.00199999999999889" classname="datachk_CLUSTER_INT" name="Check_CLUSTER_INT_dataset"/>
    <testcase time="0.000999999999997669" classname="datachk_CLUSTER_INT" name="Check_CLUSTER_INT_dataset"/>
    <testcase time="0.00100000000000122" classname="datachk_CLUSTER_INT" name="Check_CLUSTER_INT_dataset"/>
    <testcase time="0.00199999999999889" classname="datachk_CLUSTER_INT" name="Check_CLUSTER_INT_dataset"/>
    <testcase time="0.00100000000000122" classname="datachk_CLUSTER_INT" name="Check_CLUSTER_INT_dataset"/>
    <testcase time="0.179000000000002" classname="datachk_CLUSTER_INT" name="Check_CLUSTER_INT_dataset"/>
    <testcase time="0.000999999999997669" classname="datachk_CLUSTER_INT" name="Check_CLUSTER_INT_dataset"/>
    <testcase time="0.00200000000000244" classname="datachk_CLUSTER_INT" name="Check_CLUSTER_INT_dataset"/>
    <testcase time="0.000999999999997669" classname="datachk_CLUSTER_INT" name="Check_CLUSTER_INT_dataset"/>
    <testcase time="0.00100000000000122" classname="datachk_CLUSTER_INT" name="Check_CLUSTER_INT_dataset"/>
    <testcase time="0.000999999999997669" classname="datachk_CLUSTER_INT" name="Check_CLUSTER_INT_dataset"/>
    <testcase time="0.00200000000000244" classname="datachk_CLUSTER_INT" name="Check_CLUSTER_INT_dataset"/>
    <testcase time="0.000999999999997669" classname="datachk_CLUSTER_INT" name="Check_CLUSTER_INT_dataset"/>
    <testcase time="0.00100000000000122" classname="datachk_CLUSTER_INT" name="Check_CLUSTER_INT_dataset"/>
    <testcase time="0.338000000000001" classname="datachk_CLUSTER_INT" name="Check_CLUSTER_INT_dataset"/>
    <testcase time="0.00199999999999889" classname="datachk_CLUSTER_INT" name="Check_CLUSTER_INT_dataset"/>
    <testcase time="0.00100000000000122" classname="datachk_CLUSTER_INT" name="Check_CLUSTER_INT_dataset"/>
    <testcase time="0.000999999999997669" classname="datachk_CLUSTER_INT" name="Check_CLUSTER_INT_dataset"/>
    <testcase time="0.00200000000000244" classname="datachk_CLUSTER_INT" name="Check_CLUSTER_INT_dataset"/>
    <testcase time="0.000999999999997669" classname="datachk_CLUSTER_INT" name="Check_CLUSTER_INT_dataset"/>
    <testcase time="0.00100000000000122" classname="datachk_CLUSTER_INT" name="Check_CLUSTER_INT_dataset"/>
    <testcase time="0.184000000000001" classname="datachk_CLUSTER_INT" name="Check_CLUSTER_INT_dataset"/>
    <testcase time="0.00199999999999889" classname="datachk_CLUSTER_INT" name="Check_CLUSTER_INT_dataset"/>
    <testcase time="0.00100000000000122" classname="datachk_CLUSTER_INT" name="Check_CLUSTER_INT_dataset"/>
    <testcase time="0.00199999999999889" classname="datachk_CLUSTER_INT" name="Check_CLUSTER_INT_dataset"/>
    <testcase time="0.00100000000000122" classname="datachk_CLUSTER_INT" name="Check_CLUSTER_INT_dataset"/>
    <testcase time="0.000999999999997669" classname="datachk_CLUSTER_INT" name="Check_CLUSTER_INT_dataset"/>
    <testcase time="0.00200000000000244" classname="datachk_CLUSTER_INT" name="Check_CLUSTER_INT_dataset"/>
    <testcase time="0.000999999999997669" classname="datachk_CLUSTER_INT" name="Check_CLUSTER_INT_dataset"/>
    <testcase time="0.00100000000000122" classname="datachk_CLUSTER_INT" name="Check_CLUSTER_INT_dataset"/>
    <testcase time="0.363" classname="datachk_CLUSTER_INT" name="Check_CLUSTER_INT_dataset"/>
    <testcase time="0.00199999999999889" classname="datachk_CLUSTER_INT" name="Check_CLUSTER_INT_dataset"/>
    <testcase time="0.00100000000000122" classname="datachk_CLUSTER_INT" name="Check_CLUSTER_INT_dataset"/>
    <testcase time="0.00100000000000122" classname="datachk_CLUSTER_INT" name="Check_CLUSTER_INT_dataset"/>
    <testcase time="0.00199999999999889" classname="datachk_CLUSTER_INT" name="Check_CLUSTER_INT_dataset"/>
    <testcase time="0.00100000000000122" classname="datachk_CLUSTER_INT" name="Check_CLUSTER_INT_dataset"/>
    <testcase time="0.000999999999997669" classname="datachk_CLUSTER_INT" name="Check_CLUSTER_INT_dataset"/>
    <testcase time="0.178999999999998" classname="datachk_CLUSTER_INT" name="Check_CLUSTER_INT_dataset"/>
    <testcase time="0.00100000000000122" classname="datachk_CLUSTER_INT" name="Check_CLUSTER_INT_dataset"/>
    <testcase time="0.00199999999999889" classname="datachk_CLUSTER_INT" name="Check_CLUSTER_INT_dataset"/>
    <testcase time="0.00100000000000122" classname="datachk_CLUSTER_INT" name="Check_CLUSTER_INT_dataset"/>
    <testcase time="0.00100000000000122" classname="datachk_CLUSTER_INT" name="Check_CLUSTER_INT_dataset"/>
    <testcase time="0.00199999999999889" classname="datachk_CLUSTER_INT" name="Check_CLUSTER_INT_dataset"/>
    <testcase time="0.00100000000000122" classname="datachk_CLUSTER_INT" name="Check_CLUSTER_INT_dataset"/>
    <testcase time="0.000999999999997669" classname="datachk_CLUSTER_INT" name="Check_CLUSTER_INT_dataset"/>
    <testcase time="0.00100000000000122" classname="datachk_CLUSTER_INT" name="Check_CLUSTER_INT_dataset"/>
    <testcase time="0.317" classname="datachk_CLUSTER_INT" name="Check_CLUSTER_INT_dataset"/>
    <testcase time="0.00199999999999889" classname="datachk_CLUSTER_INT" name="Check_CLUSTER_INT_dataset"/>
    <testcase time="0.00100000000000122" classname="datachk_CLUSTER_INT" name="Check_CLUSTER_INT_dataset"/>
    <testcase time="0.00100000000000122" classname="datachk_CLUSTER_INT" name="Check_CLUSTER_INT_dataset"/>
    <testcase time="0.00199999999999889" classname="datachk_CLUSTER_INT" name="Check_CLUSTER_INT_dataset"/>
    <testcase time="0.00100000000000122" classname="datachk_CLUSTER_INT" name="Check_CLUSTER_INT_dataset"/>
    <testcase time="0.000999999999997669" classname="datachk_CLUSTER_INT" name="Check_CLUSTER_INT_dataset"/>
    <testcase time="0.178000000000001" classname="datachk_CLUSTER_INT" name="Check_CLUSTER_INT_dataset"/>
    <testcase time="0.00199999999999889" classname="datachk_CLUSTER_INT" name="Check_CLUSTER_INT_dataset"/>
    <testcase time="0.00100000000000122" classname="datachk_CLUSTER_INT" name="Check_CLUSTER_INT_dataset"/>
    <testcase time="0.00199999999999889" classname="datachk_CLUSTER_INT" name="Check_CLUSTER_INT_dataset"/>
    <testcase time="0.00100000000000122" classname="datachk_CLUSTER_INT" name="Check_CLUSTER_INT_dataset"/>
    <testcase time="0.00100000000000122" classname="datachk_CLUSTER_INT" name="Check_CLUSTER_INT_dataset"/>
    <testcase time="0.00199999999999889" classname="datachk_CLUSTER_INT" name="Check_CLUSTER_INT_dataset"/>
    <testcase time="0.00100000000000122" classname="datachk_CLUSTER_INT" name="Check_CLUSTER_INT_dataset"/>
    <testcase time="0.000999999999997669" classname="datachk_CLUSTER_INT" name="Check_CLUSTER_INT_dataset"/>
    <testcase time="0.353000000000002" classname="datachk_CLUSTER_INT" name="Check_CLUSTER_INT_dataset"/>
    <testcase time="0.00199999999999889" classname="datachk_CLUSTER_INT" name="Check_CLUSTER_INT_dataset"/>
    <testcase time="0.00100000000000122" classname="datachk_CLUSTER_INT" name="Check_CLUSTER_INT_dataset"/>
    <testcase time="0.000999999999997669" classname="datachk_CLUSTER_INT" name="Check_CLUSTER_INT_dataset"/>
    <testcase time="0.00200000000000244" classname="datachk_CLUSTER_INT" name="Check_CLUSTER_INT_dataset"/>
    <testcase time="0.000999999999997669" classname="datachk_CLUSTER_INT" name="Check_CLUSTER_INT_dataset"/>
    <testcase time="0.00100000000000122" classname="datachk_CLUSTER_INT" name="Check_CLUSTER_INT_dataset"/>
    <testcase time="0.178000000000001" classname="datachk_CLUSTER_INT" name="Check_CLUSTER_INT_dataset"/>
    <testcase time="0.00199999999999889" classname="datachk_CLUSTER_INT" name="Check_CLUSTER_INT_dataset"/>
    <testcase time="0.00100000000000122" classname="datachk_CLUSTER_INT" name="Check_CLUSTER_INT_dataset"/>
    <testcase time="0.00199999999999889" classname="datachk_CLUSTER_INT" name="Check_CLUSTER_INT_dataset"/>
    <testcase time="0.00100000000000122" classname="datachk_CLUSTER_INT" name="Check_CLUSTER_INT_dataset"/>
    <testcase time="0.000999999999997669" classname="datachk_CLUSTER_INT" name="Check_CLUSTER_INT_dataset"/>
    <testcase time="0.00200000000000244" classname="datachk_CLUSTER_INT" name="Check_CLUSTER_INT_dataset"/>
    <testcase time="0.000999999999997669" classname="datachk_CLUSTER_INT" name="Check_CLUSTER_INT_dataset"/>
    <testcase time="0.00100000000000122" classname="datachk_CLUSTER_INT" name="Check_CLUSTER_INT_dataset"/>
    <testcase time="0.318000000000001" classname="datachk_CLUSTER_INT" name="Check_CLUSTER_INT_dataset"/>
    <testcase time="0.000999999999997669" classname="datachk_CLUSTER_INT" name="Check_CLUSTER_INT_dataset"/>
    <testcase time="0.00200000000000244" classname="datachk_CLUSTER_INT" name="Check_CLUSTER_INT_dataset"/>
    <testcase time="0.000999999999997669" classname="datachk_CLUSTER_INT" name="Check_CLUSTER_INT_dataset"/>
    <testcase time="0.00100000000000122" classname="datachk_CLUSTER_INT" name="Check_CLUSTER_INT_dataset"/>
    <testcase time="0.00100000000000122" classname="datachk_CLUSTER_INT" name="Check_CLUSTER_INT_dataset"/>
    <testcase time="0.00199999999999889" classname="datachk_CLUSTER_INT" name="Check_CLUSTER_INT_dataset"/>
    <testcase time="0.177" classname="datachk_CLUSTER_INT" name="Check_CLUSTER_INT_dataset"/>
    <testcase time="0.00199999999999889" classname="datachk_CLUSTER_INT" name="Check_CLUSTER_INT_dataset"/>
    <testcase time="0.00100000000000122" classname="datachk_CLUSTER_INT" name="Check_CLUSTER_INT_dataset"/>
    <testcase time="0.00100000000000122" classname="datachk_CLUSTER_INT" name="Check_CLUSTER_INT_dataset"/>
    <testcase time="0.00199999999999889" classname="datachk_CLUSTER_INT" name="Check_CLUSTER_INT_dataset"/>
    <testcase time="0.00100000000000122" classname="datachk_CLUSTER_INT" name="Check_CLUSTER_INT_dataset"/>
    <testcase time="0.000999999999997669" classname="datachk_CLUSTER_INT" name="Check_CLUSTER_INT_dataset"/>
    <testcase time="0.00200000000000244" classname="datachk_CLUSTER_INT" name="Check_CLUSTER_INT_dataset"/>
    <testcase time="0.000999999999997669" classname="datachk_CLUSTER_INT" name="Check_CLUSTER_INT_dataset"/>
    <testcase time="0.355" classname="datachk_CLUSTER_INT" name="Check_CLUSTER_INT_dataset"/>
    <testcase time="0.00199999999999889" classname="datachk_CLUSTER_INT" name="Check_CLUSTER_INT_dataset"/>
    <testcase time="0.00100000000000122" classname="datachk_CLUSTER_INT" name="Check_CLUSTER_INT_dataset"/>
    <testcase time="0.00100000000000122" classname="datachk_CLUSTER_INT" name="Check_CLUSTER_INT_dataset"/>
    <testcase time="0.00199999999999889" classname="datachk_CLUSTER_INT" name="Check_CLUSTER_INT_dataset"/>
    <testcase time="0.00100000000000122" classname="datachk_CLUSTER_INT" name="Check_CLUSTER_INT_dataset"/>
    <testcase time="0.000999999999997669" classname="datachk_CLUSTER_INT" name="Check_CLUSTER_INT_dataset"/>
    <testcase time="0.136000000000003" classname="datachk_CLUSTER_INT" name="Check_CLUSTER_INT_dataset"/>
    <testcase time="0.00199999999999889" classname="datachk_CLUSTER_INT" name="Check_CLUSTER_INT_dataset"/>
    <testcase time="0.00100000000000122" classname="datachk_CLUSTER_INT" name="Check_CLUSTER_INT_dataset"/>
    <testcase time="0.00199999999999889" classname="datachk_CLUSTER_INT" name="Check_CLUSTER_INT_dataset"/>
    <testcase time="0.000999999999997669" classname="datachk_CLUSTER_INT" name="Check_CLUSTER_INT_dataset"/>
    <testcase time="0.00100000000000122" classname="datachk_CLUSTER_INT" name="Check_CLUSTER_INT_dataset"/>
    <testcase time="0.00199999999999889" classname="datachk_CLUSTER_INT" name="Check_CLUSTER_INT_dataset"/>
    <testcase time="0.00100000000000122" classname="datachk_CLUSTER_INT" name="Check_CLUSTER_INT_dataset"/>
    <testcase time="0.00100000000000122" classname="datachk_CLUSTER_INT" name="Check_CLUSTER_INT_dataset"/>
    <testcase time="0.355999999999998" classname="datachk_CLUSTER_INT" name="Check_CLUSTER_INT_dataset"/>
    <testcase time="0.00100000000000122" classname="datachk_CLUSTER_INT" name="Check_CLUSTER_INT_dataset"/>
    <testcase time="0.00199999999999889" classname="datachk_CLUSTER_INT" name="Check_CLUSTER_INT_dataset"/>
    <testcase time="0.00100000000000122" classname="datachk_CLUSTER_INT" name="Check_CLUSTER_INT_dataset"/>
    <testcase time="0.00100000000000122" classname="datachk_CLUSTER_INT" name="Check_CLUSTER_INT_dataset"/>
    <testcase time="0.000999999999997669" classname="datachk_CLUSTER_INT" name="Check_CLUSTER_INT_dataset"/>
    <testcase time="0.00200000000000244" classname="datachk_CLUSTER_INT" name="Check_CLUSTER_INT_dataset"/>
    <testcase time="0.177999999999997" classname="datachk_CLUSTER_INT" name="Check_CLUSTER_INT_dataset"/>
    <testcase time="0.00100000000000122" classname="datachk_CLUSTER_INT" name="Check_CLUSTER_INT_dataset"/>
    <testcase time="0.00199999999999889" classname="datachk_CLUSTER_INT" name="Check_CLUSTER_INT_dataset"/>
    <testcase time="0.00100000000000122" classname="datachk_CLUSTER_INT" name="Check_CLUSTER_INT_dataset"/>
    <testcase time="0.00100000000000122" classname="datachk_CLUSTER_INT" name="Check_CLUSTER_INT_dataset"/>
    <testcase time="0.00199999999999889" classname="datachk_CLUSTER_INT" name="Check_CLUSTER_INT_dataset"/>
    <testcase time="0.00100000000000122" classname="datachk_CLUSTER_INT" name="Check_CLUSTER_INT_dataset"/>
    <testcase time="0.000999999999997669" classname="datachk_CLUSTER_INT" name="Check_CLUSTER_INT_dataset"/>
    <testcase time="0.00200000000000244" classname="datachk_CLUSTER_INT" name="Check_CLUSTER_INT_dataset"/>
    <testcase time="0.318999999999999" classname="datachk_CLUSTER_INT" name="Check_CLUSTER_INT_dataset"/>
    <testcase time="0.00199999999999889" classname="datachk_CLUSTER_INT" name="Check_CLUSTER_INT_dataset"/>
    <testcase time="0.00100000000000122" classname="datachk_CLUSTER_INT" name="Check_CLUSTER_INT_dataset"/>
    <testcase time="0.000999999999997669" classname="datachk_CLUSTER_INT" name="Check_CLUSTER_INT_dataset"/>
    <testcase time="0.00200000000000244" classname="datachk_CLUSTER_INT" name="Check_CLUSTER_INT_dataset"/>
    <testcase time="0.000999999999997669" classname="datachk_CLUSTER_INT" name="Check_CLUSTER_INT_dataset"/>
    <testcase time="0.00100000000000122" classname="datachk_CLUSTER_INT" name="Check_CLUSTER_INT_dataset"/>
    <testcase time="0.135000000000002" classname="datachk_CLUSTER_INT" name="Check_CLUSTER_INT_dataset"/>
    <testcase time="0.00199999999999889" classname="datachk_CLUSTER_INT" name="Check_CLUSTER_INT_dataset"/>
    <testcase time="0.00100000000000122" classname="datachk_CLUSTER_INT" name="Check_CLUSTER_INT_dataset"/>
    <testcase time="0.000999999999997669" classname="datachk_CLUSTER_INT" name="Check_CLUSTER_INT_dataset"/>
    <testcase time="0.00200000000000244" classname="datachk_CLUSTER_INT" name="Check_CLUSTER_INT_dataset"/>
    <testcase time="0.000999999999997669" classname="datachk_CLUSTER_INT" name="Check_CLUSTER_INT_dataset"/>
    <testcase time="0.00100000000000122" classname="datachk_CLUSTER_INT" name="Check_CLUSTER_INT_dataset"/>
    <testcase time="0.00199999999999889" classname="datachk_CLUSTER_INT" name="Check_CLUSTER_INT_dataset"/>
    <testcase time="0.00100000000000122" classname="datachk_CLUSTER_INT" name="Check_CLUSTER_INT_dataset"/>
    <testcase time="0.309999999999999" classname="datachk_CLUSTER_INT" name="Check_CLUSTER_INT_dataset"/>
    <testcase time="0.00199999999999889" classname="datachk_CLUSTER_INT" name="Check_CLUSTER_INT_dataset"/>
    <testcase time="0.00100000000000122" classname="datachk_CLUSTER_INT" name="Check_CLUSTER_INT_dataset"/>
    <testcase time="0.00199999999999889" classname="datachk_CLUSTER_INT" name="Check_CLUSTER_INT_dataset"/>
    <testcase time="0.00100000000000122" classname="datachk_CLUSTER_INT" name="Check_CLUSTER_INT_dataset"/>
    <testcase time="0.00100000000000122" classname="datachk_CLUSTER_INT" name="Check_CLUSTER_INT_dataset"/>
    <testcase time="0.000999999999997669" classname="datachk_CLUSTER_INT" name="Check_CLUSTER_INT_dataset"/>
    <testcase time="0.181000000000001" classname="datachk_CLUSTER_INT" name="Check_CLUSTER_INT_dataset"/>
    <testcase time="0.00199999999999889" classname="datachk_CLUSTER_INT" name="Check_CLUSTER_INT_dataset"/>
    <testcase time="0.00100000000000122" classname="datachk_CLUSTER_INT" name="Check_CLUSTER_INT_dataset"/>
    <testcase time="0.00100000000000122" classname="datachk_CLUSTER_INT" name="Check_CLUSTER_INT_dataset"/>
    <testcase time="0.00199999999999889" classname="datachk_CLUSTER_INT" name="Check_CLUSTER_INT_dataset"/>
    <testcase time="0.00100000000000122" classname="datachk_CLUSTER_INT" name="Check_CLUSTER_INT_dataset"/>
    <testcase time="0.000999999999997669" classname="datachk_CLUSTER_INT" name="Check_CLUSTER_INT_dataset"/>
    <testcase time="0.00200000000000244" classname="datachk_CLUSTER_INT" name="Check_CLUSTER_INT_dataset"/>
    <testcase time="0.000999999999997669" classname="datachk_CLUSTER_INT" name="Check_CLUSTER_INT_dataset"/>
    <testcase time="0.352" classname="datachk_CLUSTER_INT" name="Check_CLUSTER_INT_dataset"/>
    <testcase time="0.00200000000000244" classname="datachk_CLUSTER_INT" name="Check_CLUSTER_INT_dataset"/>
    <testcase time="0.000999999999997669" classname="datachk_CLUSTER_INT" name="Check_CLUSTER_INT_dataset"/>
    <testcase time="0.00200000000000244" classname="datachk_CLUSTER_INT" name="Check_CLUSTER_INT_dataset"/>
    <testcase time="0.000999999999997669" classname="datachk_CLUSTER_INT" name="Check_CLUSTER_INT_dataset"/>
    <testcase time="0.00100000000000122" classname="datachk_CLUSTER_INT" name="Check_CLUSTER_INT_dataset"/>
    <testcase time="0.00199999999999889" classname="datachk_CLUSTER_INT" name="Check_CLUSTER_INT_dataset"/>
    <testcase time="0.179000000000002" classname="datachk_CLUSTER_INT" name="Check_CLUSTER_INT_dataset"/>
    <testcase time="0.000999999999997669" classname="datachk_CLUSTER_INT" name="Check_CLUSTER_INT_dataset"/>
    <testcase time="0.00200000000000244" classname="datachk_CLUSTER_INT" name="Check_CLUSTER_INT_dataset"/>
    <testcase time="0.000999999999997669" classname="datachk_CLUSTER_INT" name="Check_CLUSTER_INT_dataset"/>
    <testcase time="0.00200000000000244" classname="datachk_CLUSTER_INT" name="Check_CLUSTER_INT_dataset"/>
    <testcase time="0.000999999999997669" classname="datachk_CLUSTER_INT" name="Check_CLUSTER_INT_dataset"/>
    <testcase time="0.00100000000000122" classname="datachk_CLUSTER_INT" name="Check_CLUSTER_INT_dataset"/>
    <testcase time="0.00100000000000122" classname="datachk_CLUSTER_INT" name="Check_CLUSTER_INT_dataset"/>
    <testcase time="0.00199999999999889" classname="datachk_CLUSTER_INT" name="Check_CLUSTER_INT_dataset"/>
    <testcase time="0.178000000000001" classname="datachk_CLUSTER_INT" name="shutdown"/>
    <testcase time="0.000999999999997669" classname="datachk_CLUSTER_INT" name="shutdown"/>
    <testcase time="0.00100000000000122" classname="datachk_CLUSTER_INT" name="shutdown"/>
  </testsuite>
  <testsuite name="datachk-CLUSTER_SLO" timestamp="2026-09-26T05:06:28Z" hostname="runnervmtr4k5" tests="236" skipped="0" failures="0" errors="0" time="13.91">
    <testcase time="6.188" classname="datachk_CLUSTER_SLO" name="setup"/>
    <testcase time="0.00200000000000244" classname="datachk_CLUSTER_SLO" name="setup"/>
    <testcase time="0.000999999999997669" classname="datachk_CLUSTER_SLO" name="setup"/>
    <testcase time="0.349000000000004" classname="datachk_CLUSTER_SLO" name="Check_CLUSTER_SLO_dataset"/>
    <testcase time="0.000999999999997669" classname="datachk_CLUSTER_SLO" name="Check_CLUSTER_SLO_dataset"/>
    <testcase time="0.00300000000000011" classname="datachk_CLUSTER_SLO" name="Check_CLUSTER_SLO_dataset"/>
    <testcase time="0.00200000000000244" classname="datachk_CLUSTER_SLO" name="Check_CLUSTER_SLO_dataset"/>
    <testcase time="0.00199999999999534" classname="datachk_CLUSTER_SLO" name="Check_CLUSTER_SLO_dataset"/>
    <testcase time="0.00200000000000244" classname="datachk_CLUSTER_SLO" name="Check_CLUSTER_SLO_dataset"/>
    <testcase time="0.00200000000000244" classname="datachk_CLUSTER_SLO" name="Check_CLUSTER_SLO_dataset"/>
    <testcase time="0.181999999999995" classname="datachk_CLUSTER_SLO" name="Check_CLUSTER_SLO_dataset"/>
    <testcase time="0.00100000000000477" classname="datachk_CLUSTER_SLO" name="Check_CLUSTER_SLO_dataset"/>
    <testcase time="0.00199999999999534" classname="datachk_CLUSTER_SLO" name="Check_CLUSTER_SLO_dataset"/>
    <testcase time="0.00100000000000477" classname="datachk_CLUSTER_SLO" name="Check_CLUSTER_SLO_dataset"/>
    <testcase time="0.000999999999997669" classname="datachk_CLUSTER_SLO" name="Check_CLUSTER_SLO_dataset"/>
    <testcase time="0.00200000000000244" classname="datachk_CLUSTER_SLO" name="Check_CLUSTER_SLO_dataset"/>
    <testcase time="0.000999999999997669" classname="datachk_CLUSTER_SLO" name="Check_CLUSTER_SLO_dataset"/>
    <testcase time="0.000999999999997669" classname="datachk_CLUSTER_SLO" name="Check_CLUSTER_SLO_dataset"/>
    <testcase time="0.179000000000002" classname="datachk_CLUSTER_SLO" name="Check_CLUSTER_SLO_dataset"/>
    <testcase time="0.000999999999997669" classname="datachk_CLUSTER_SLO" name="Check_CLUSTER_SLO_dataset"/>
    <testcase time="0.00200000000000244" classname="datachk_CLUSTER_SLO" name="Check_CLUSTER_SLO_dataset"/>
    <testcase time="0.000999999999997669" classname="datachk_CLUSTER_SLO" name="Check_CLUSTER_SLO_dataset"/>
    <testcase time="0.00100000000000477" classname="datachk_CLUSTER_SLO" name="Check_CLUSTER_SLO_dataset"/>
    <testcase time="0.00199999999999534" classname="datachk_CLUSTER_SLO" name="Check_CLUSTER_SLO_dataset"/>
    <testcase time="0.00100000000000477" classname="datachk_CLUSTER_SLO" name="Check_CLUSTER_SLO_dataset"/>
    <testcase time="0.361999999999995" classname="datachk_CLUSTER_SLO" name="Check_CLUSTER_SLO_dataset"/>
    <testcase time="0.00200000000000244" classname="datachk_CLUSTER_SLO" name="Check_CLUSTER_SLO_dataset"/>
    <testcase time="0.000999999999997669" classname="datachk_CLUSTER_SLO" name="Check_CLUSTER_SLO_dataset"/>
    <testcase time="0.00100000000000477" classname="datachk_CLUSTER_SLO" name="Check_CLUSTER_SLO_dataset"/>
    <testcase time="0.000999999999997669" classname="datachk_CLUSTER_SLO" name="Check_CLUSTER_SLO_dataset"/>
    <testcase time="0.00200000000000244" classname="datachk_CLUSTER_SLO" name="Check_CLUSTER_SLO_dataset"/>
    <testcase time="0.000999999999997669" classname="datachk_CLUSTER_SLO" name="Check_CLUSTER_SLO_dataset"/>
    <testcase time="0.174999999999997" classname="datachk_CLUSTER_SLO" name="Check_CLUSTER_SLO_dataset"/>
    <testcase time="0.00200000000000244" classname="datachk_CLUSTER_SLO" name="Check_CLUSTER_SLO_dataset"/>
    <testcase time="0.00200000000000244" classname="datachk_CLUSTER_SLO" name="Check_CLUSTER_SLO_dataset"/>
    <testcase time="0.00199999999999534" classname="datachk_CLUSTER_SLO" name="Check_CLUSTER_SLO_dataset"/>
    <testcase time="0.00200000000000244" classname="datachk_CLUSTER_SLO" name="Check_CLUSTER_SLO_dataset"/>
    <testcase time="0.000999999999997669" classname="datachk_CLUSTER_SLO" name="Check_CLUSTER_SLO_dataset"/>
    <testcase time="0.00100000000000477" classname="datachk_CLUSTER_SLO" name="Check_CLUSTER_SLO_dataset"/>
    <testcase time="0.000999999999997669" classname="datachk_CLUSTER_SLO" name="Check_CLUSTER_SLO_dataset"/>
    <testcase time="0.00200000000000244" classname="datachk_CLUSTER_SLO" name="Check_CLUSTER_SLO_dataset"/>
    <testcase time="0.302" classname="datachk_CLUSTER_SLO" name="Check_CLUSTER_SLO_dataset"/>
    <testcase time="0.000999999999997669" classname="datachk_CLUSTER_SLO" name="Check_CLUSTER_SLO_dataset"/>
    <testcase time="0.00200000000000244" classname="datachk_CLUSTER_SLO" name="Check_CLUSTER_SLO_dataset"/>
    <testcase time="0.000999999999997669" classname="datachk_CLUSTER_SLO" name="Check_CLUSTER_SLO_dataset"/>
    <testcase time="0.000999999999997669" classname="datachk_CLUSTER_SLO" name="Check_CLUSTER_SLO_dataset"/>
    <testcase time="0.00200000000000244" classname="datachk_CLUSTER_SLO" name="Check_CLUSTER_SLO_dataset"/>
    <testcase time="0.000999999999997669" classname="datachk_CLUSTER_SLO" name="Check_CLUSTER_SLO_dataset"/>
    <testcase time="0.179000000000002" classname="datachk_CLUSTER_SLO" name="Check_CLUSTER_SLO_dataset"/>
    <testcase time="0.000999999999997669" classname="datachk_CLUSTER_SLO" name="Check_CLUSTER_SLO_dataset"/>
    <testcase time="0.00200000000000244" classname="datachk_CLUSTER_SLO" name="Check_CLUSTER_SLO_dataset"/>
    <testcase time="0.000999999999997669" classname="datachk_CLUSTER_SLO" name="Check_CLUSTER_SLO_dataset"/>
    <testcase time="0.00100000000000477" classname="datachk_CLUSTER_SLO" name="Check_CLUSTER_SLO_dataset"/>
    <testcase time="0.00199999999999534" classname="datachk_CLUSTER_SLO" name="Check_CLUSTER_SLO_dataset"/>
    <testcase time="0.00100000000000477" classname="datachk_CLUSTER_SLO" name="Check_CLUSTER_SLO_dataset"/>
    <testcase time="0.000999999999997669" classname="datachk_CLUSTER_SLO" name="Check_CLUSTER_SLO_dataset"/>
    <testcase time="0.00200000000000244" classname="datachk_CLUSTER_SLO" name="Check_CLUSTER_SLO_dataset"/>
    <testcase time="0.354999999999997" classname="datachk_CLUSTER_SLO" name="Check_CLUSTER_SLO_dataset"/>
    <testcase time="0.00200000000000244" classname="datachk_CLUSTER_SLO" name="Check_CLUSTER_SLO_dataset"/>
    <testcase time="0.000999999999997669" classname="datachk_CLUSTER_SLO" name="Check_CLUSTER_SLO_dataset"/>
    <testcase time="0.000999999999997669" classname="datachk_CLUSTER_SLO" name="Check_CLUSTER_SLO_dataset"/>
    <testcase time="0.00200000000000244" classname="datachk_CLUSTER_SLO" name="Check_CLUSTER_SLO_dataset"/>
    <testcase time="0.000999999999997669" classname="datachk_CLUSTER_SLO" name="Check_CLUSTER_SLO_dataset"/>
    <testcase time="0.00100000000000477" classname="datachk_CLUSTER_SLO" name="Check_CLUSTER_SLO_dataset"/>
    <testcase time="0.137" classname="datachk_CLUSTER_SLO" name="Check_CLUSTER_SLO_dataset"/>
    <testcase time="0.00199999999999534" classname="datachk_CLUSTER_SLO" name="Check_CLUSTER_SLO_dataset"/>
    <testcase time="0.00100000000000477" classname="datachk_CLUSTER_SLO" name="Check_CLUSTER_SLO_dataset"/>
    <testcase time="0.00199999999999534" classname="datachk_CLUSTER_SLO" name="Check_CLUSTER_SLO_dataset"/>
    <testcase time="0.00100000000000477" classname="datachk_CLUSTER_SLO" name="Check_CLUSTER_SLO_dataset"/>
    <testcase time="0.000999999999997669" classname="datachk_CLUSTER_SLO" name="Check_CLUSTER_SLO_dataset"/>
    <testcase time="0.000999999999997669" classname="datachk_CLUSTER_SLO" name="Check_CLUSTER_SLO_dataset"/>
    <testcase time="0.00200000000000244" classname="datachk_CLUSTER_SLO" name="Check_CLUSTER_SLO_dataset"/>
    <testcase time="0.000999999999997669" classname="datachk_CLUSTER_SLO" name="Check_CLUSTER_SLO_dataset"/>
    <testcase time="0.350999999999999" classname="datachk_CLUSTER_SLO" name="Check_CLUSTER_SLO_dataset"/>
    <testcase time="0.00100000000000477" classname="datachk_CLUSTER_SLO" name="Check_CLUSTER_SLO_dataset"/>
    <testcase time="0.00199999999999534" classname="datachk_CLUSTER_SLO" name="Check_CLUSTER_SLO_dataset"/>
    <testcase time="0.00100000000000477" classname="datachk_CLUSTER_SLO" name="Check_CLUSTER_SLO_dataset"/>
    <testcase time="0.000999999999997669" classname="datachk_CLUSTER_SLO" name="Check_CLUSTER_SLO_dataset"/>
    <testcase time="0.00200000000000244" classname="datachk_CLUSTER_SLO" name="Check_CLUSTER_SLO_dataset"/>
    <testcase time="0.000999999999997669" classname="datachk_CLUSTER_SLO" name="Check_CLUSTER_SLO_dataset"/>
    <testcase time="0.183" classname="datachk_CLUSTER_SLO" name="Check_CLUSTER_SLO_dataset"/>
    <testcase time="0.00200000000000244" classname="datachk_CLUSTER_SLO" name="Check_CLUSTER_SLO_dataset"/>
    <testcase time="0.000999999999997669" classname="datachk_CLUSTER_SLO" name="Check_CLUSTER_SLO_dataset"/>
    <testcase time="0.000999999999997669" classname="datachk_CLUSTER_SLO" name="Check_CLUSTER_SLO_dataset"/>
    <testcase time="0.00200000000000244" classname="datachk_CLUSTER_SLO" name="Check_CLUSTER_SLO_dataset"/>
    <testcase time="0.000999999999997669" classname="datachk_CLUSTER_SLO" name="Check_CLUSTER_SLO_dataset"/>
    <testcase time="0.00100000000000477" classname="datachk_CLUSTER_SLO" name="Check_CLUSTER_SLO_dataset"/>
    <testcase time="0.00199999999999534" classname="datachk_CLUSTER_SLO" name="Check_CLUSTER_SLO_dataset"/>
    <testcase time="0.00100000000000477" classname="datachk_CLUSTER_SLO" name="Check_CLUSTER_SLO_dataset"/>
    <testcase time="0.346999999999994" classname="datachk_CLUSTER_SLO" name="Check_CLUSTER_SLO_dataset"/>
    <testcase time="0.00200000000000244" classname="datachk_CLUSTER_SLO" name="Check_CLUSTER_SLO_dataset"/>
    <testcase time="0.000999999999997669" classname="datachk_CLUSTER_SLO" name="Check_CLUSTER_SLO_dataset"/>
    <testcase time="0.00100000000000477" classname="datachk_CLUSTER_SLO" name="Check_CLUSTER_SLO_dataset"/>
    <testcase time="0.00199999999999534" classname="datachk_CLUSTER_SLO" name="Check_CLUSTER_SLO_dataset"/>
    <testcase time="0.00100000000000477" classname="datachk_CLUSTER_SLO" name="Check_CLUSTER_SLO_dataset"/>
    <testcase time="0.000999999999997669" classname="datachk_CLUSTER_SLO" name="Check_CLUSTER_SLO_dataset"/>
    <testcase time="0.18" classname="datachk_CLUSTER_SLO" name="Check_CLUSTER_SLO_dataset"/>
    <testcase time="0.00200000000000244" classname="datachk_CLUSTER_SLO" name="Check_CLUSTER_SLO_dataset"/>
    <testcase time="0.000999999999997669" classname="datachk_CLUSTER_SLO" name="Check_CLUSTER_SLO_dataset"/>
    <testcase time="0.00200000000000244" classname="datachk_CLUSTER_SLO" name="Check_CLUSTER_SLO_dataset"/>
    <testcase time="0.000999999999997669" classname="datachk_CLUSTER_SLO" name="Check_CLUSTER_SLO_dataset"/>
    <testcase time="0.00200000000000244" classname="datachk_CLUSTER_SLO" name="Check_CLUSTER_SLO_dataset"/>
    <testcase time="0.000999999999997669" classname="datachk_CLUSTER_SLO" name="Check_CLUSTER_SLO_dataset"/>
    <testcase time="0.000999999999997669" classname="datachk_CLUSTER_SLO" name="Check_CLUSTER_SLO_dataset"/>
    <testcase time="0.00200000000000244" classname="datachk_CLUSTER_SLO" name="Check_CLUSTER_SLO_dataset"/>
    <testcase time="0.348999999999997" classname="datachk_CLUSTER_SLO" name="Check_CLUSTER_SLO_dataset"/>
    <testcase time="0.00200000000000244" classname="datachk_CLUSTER_SLO" name="Check_CLUSTER_SLO_dataset"/>
    <testcase time="0.000999999999997669" classname="datachk_CLUSTER_SLO" name="Check_CLUSTER_SLO_dataset"/>
    <testcase time="0.00100000000000477" classname="datachk_CLUSTER_SLO" name="Check_CLUSTER_SLO_dataset"/>
    <testcase time="0.00199999999999534" classname="datachk_CLUSTER_SLO" name="Check_CLUSTER_SLO_dataset"/>
    <testcase time="0.00100000000000477" classname="datachk_CLUSTER_SLO" name="Check_CLUSTER_SLO_dataset"/>
    <testcase time="0.000999999999997669" classname="datachk_CLUSTER_SLO" name="Check_CLUSTER_SLO_dataset"/>
    <testcase time="0.174999999999997" classname="datachk_CLUSTER_SLO" name="Check_CLUSTER_SLO_dataset"/>
    <testcase time="0.00200000000000244" classname="datachk_CLUSTER_SLO" name="Check_CLUSTER_SLO_dataset"/>
    <testcase time="0.000999999999997669" classname="datachk_CLUSTER_SLO" name="Check_CLUSTER_SLO_dataset"/>
    <testcase time="0.00100000000000477" classname="datachk_CLUSTER_SLO" name="Check_CLUSTER_SLO_dataset"/>
    <testcase time="0.00199999999999534" classname="datachk_CLUSTER_SLO" name="Check_CLUSTER_SLO_dataset"/>
    <testcase time="0.00100000000000477" classname="datachk_CLUSTER_SLO" name="Check_CLUSTER_SLO_dataset"/>
    <testcase time="0.000999999999997669" classname="datachk_CLUSTER_SLO" name="Check_CLUSTER_SLO_dataset"/>
    <testcase time="0.00200000000000244" classname="datachk_CLUSTER_SLO" name="Check_CLUSTER_SLO_dataset"/>
    <testcase time="0.000999999999997669" classname="datachk_CLUSTER_SLO" name="Check_CLUSTER_SLO_dataset"/>
    <testcase time="0.343000000000004" classname="datachk_CLUSTER_SLO" name="Check_CLUSTER_SLO_dataset"/>
    <testcase time="0.00199999999999534" classname="datachk_CLUSTER_SLO" name="Check_CLUSTER_SLO_dataset"/>
    <testcase time="0.00100000000000477" classname="datachk_CLUSTER_SLO" name="Check_CLUSTER_SLO_dataset"/>
    <testcase time="0.000999999999997669" classname="datachk_CLUSTER_SLO" name="Check_CLUSTER_SLO_dataset"/>
    <testcase time="0.00200000000000244" classname="datachk_CLUSTER_SLO" name="Check_CLUSTER_SLO_dataset"/>
    <testcase time="0.000999999999997669" classname="datachk_CLUSTER_SLO" name="Check_CLUSTER_SLO_dataset"/>
    <testcase time="0.000999999999997669" classname="datachk_CLUSTER_SLO" name="Check_CLUSTER_SLO_dataset"/>
    <testcase time="0.178000000000004" classname="datachk_CLUSTER_SLO" name="Check_CLUSTER_SLO_dataset"/>
    <testcase time="0.00199999999999534" classname="datachk_CLUSTER_SLO" name="Check_CLUSTER_SLO_dataset"/>
    <testcase time="0.00100000000000477" classname="datachk_CLUSTER_SLO" name="Check_CLUSTER_SLO_dataset"/>
    <testcase time="0.000999999999997669" classname="datachk_CLUSTER_SLO" name="Check_CLUSTER_SLO_dataset"/>
    <testcase time="0.0069999999999979" classname="datachk_CLUSTER_SLO" name="Check_CLUSTER_SLO_dataset"/>
    <testcase time="0.00200000000000244" classname="datachk_CLUSTER_SLO" name="Check_CLUSTER_SLO_dataset"/>
    <testcase time="0.000999999999997669" classname="datachk_CLUSTER_SLO" name="Check_CLUSTER_SLO_dataset"/>
    <testcase time="0.000999999999997669" classname="datachk_CLUSTER_SLO" name="Check_CLUSTER_SLO_dataset"/>
    <testcase time="0.000999999999997669" classname="datachk_CLUSTER_SLO" name="Check_CLUSTER_SLO_dataset"/>
    <testcase time="0.347000000000001" classname="datachk_CLUSTER_SLO" name="Check_CLUSTER_SLO_dataset"/>
    <testcase time="0.00200000000000244" classname="datachk_CLUSTER_SLO" name="Check_CLUSTER_SLO_dataset"/>
    <testcase time="0.000999999999997669" classname="datachk_CLUSTER_SLO" name="Check_CLUSTER_SLO_dataset"/>
    <testcase time="0.000999999999997669" classname="datachk_CLUSTER_SLO" name="Check_CLUSTER_SLO_dataset"/>
    <testcase time="0.00200000000000244" classname="datachk_CLUSTER_SLO" name="Check_CLUSTER_SLO_dataset"/>
    <testcase time="0.000999999999997669" classname="datachk_CLUSTER_SLO" name="Check_CLUSTER_SLO_dataset"/>
    <testcase time="0.00100000000000477" classname="datachk_CLUSTER_SLO" name="Check_CLUSTER_SLO_dataset"/>
    <testcase time="0.172999999999995" classname="datachk_CLUSTER_SLO" name="Check_CLUSTER_SLO_dataset"/>
    <testcase time="0.00200000000000244" classname="datachk_CLUSTER_SLO" name="Check_CLUSTER_SLO_dataset"/>
    <testcase time="0.00200000000000244" classname="datachk_CLUSTER_SLO" name="Check_CLUSTER_SLO_dataset"/>
    <testcase time="0.000999999999997669" classname="datachk_CLUSTER_SLO" name="Check_CLUSTER_SLO_dataset"/>
    <testcase time="0.000999999999997669" classname="datachk_CLUSTER_SLO" name="Check_CLUSTER_SLO_dataset"/>
    <testcase time="0.00200000000000244" classname="datachk_CLUSTER_SLO" name="Check_CLUSTER_SLO_dataset"/>
    <testcase time="0.000999999999997669" classname="datachk_CLUSTER_SLO" name="Check_CLUSTER_SLO_dataset"/>
    <testcase time="0.00100000000000477" classname="datachk_CLUSTER_SLO" name="Check_CLUSTER_SLO_dataset"/>
    <testcase time="0.00199999999999534" classname="datachk_CLUSTER_SLO" name="Check_CLUSTER_SLO_dataset"/>
    <testcase time="0.341999999999999" classname="datachk_CLUSTER_SLO" name="Check_CLUSTER_SLO_dataset"/>
    <testcase time="0.00200000000000244" classname="datachk_CLUSTER_SLO" name="Check_CLUSTER_SLO_dataset"/>
    <testcase time="0.000999999999997669" classname="datachk_CLUSTER_SLO" name="Check_CLUSTER_SLO_dataset"/>
    <testcase time="0.00100000000000477" classname="datachk_CLUSTER_SLO" name="Check_CLUSTER_SLO_dataset"/>
    <testcase time="0.00199999999999534" classname="datachk_CLUSTER_SLO" name="Check_CLUSTER_SLO_dataset"/>
    <testcase time="0.00100000000000477" classname="datachk_CLUSTER_SLO" name="Check_CLUSTER_SLO_dataset"/>
    <testcase time="0.000999999999997669" classname="datachk_CLUSTER_SLO" name="Check_CLUSTER_SLO_dataset"/>
    <testcase time="0.173999999999999" classname="datachk_CLUSTER_SLO" name="Check_CLUSTER_SLO_dataset"/>
    <testcase time="0.00200000000000244" classname="datachk_CLUSTER_SLO" name="Check_CLUSTER_SLO_dataset"/>
    <testcase time="0.000999999999997669" classname="datachk_CLUSTER_SLO" name="Check_CLUSTER_SLO_dataset"/>
    <testcase time="0.00100000000000477" classname="datachk_CLUSTER_SLO" name="Check_CLUSTER_SLO_dataset"/>
    <testcase time="0.000999999999997669" classname="datachk_CLUSTER_SLO" name="Check_CLUSTER_SLO_dataset"/>
    <testcase time="0.000999999999997669" classname="datachk_CLUSTER_SLO" name="Check_CLUSTER_SLO_dataset"/>
    <testcase time="0.00200000000000244" classname="datachk_CLUSTER_SLO" name="Check_CLUSTER_SLO_dataset"/>
    <testcase time="0.000999999999997669" classname="datachk_CLUSTER_SLO" name="Check_CLUSTER_SLO_dataset"/>
    <testcase time="0.00100000000000477" classname="datachk_CLUSTER_SLO" name="Check_CLUSTER_SLO_dataset"/>
    <testcase time="0.306999999999995" classname="datachk_CLUSTER_SLO" name="Check_CLUSTER_SLO_dataset"/>
    <testcase time="0.00200000000000244" classname="datachk_CLUSTER_SLO" name="Check_CLUSTER_SLO_dataset"/>
    <testcase time="0.000999999999997669" classname="datachk_CLUSTER_SLO" name="Check_CLUSTER_SLO_dataset"/>
    <testcase time="0.00100000000000477" classname="datachk_CLUSTER_SLO" name="Check_CLUSTER_SLO_dataset"/>
    <testcase time="0.000999999999997669" classname="datachk_CLUSTER_SLO" name="Check_CLUSTER_SLO_dataset"/>
    <testcase time="0.00200000000000244" classname="datachk_CLUSTER_SLO" name="Check_CLUSTER_SLO_dataset"/>
    <testcase time="0.000999999999997669" classname="datachk_CLUSTER_SLO" name="Check_CLUSTER_SLO_dataset"/>
    <testcase time="0.174999999999997" classname="datachk_CLUSTER_SLO" name="Check_CLUSTER_SLO_dataset"/>
    <testcase time="0.00200000000000244" classname="datachk_CLUSTER_SLO" name="Check_CLUSTER_SLO_dataset"/>
    <testcase time="0.000999999999997669" classname="datachk_CLUSTER_SLO" name="Check_CLUSTER_SLO_dataset"/>
    <testcase time="0.00100000000000477" classname="datachk_CLUSTER_SLO" name="Check_CLUSTER_SLO_dataset"/>
    <testcase time="0.00199999999999534" classname="datachk_CLUSTER_SLO" name="Check_CLUSTER_SLO_dataset"/>
    <testcase time="0.00100000000000477" classname="datachk_CLUSTER_SLO" name="Check_CLUSTER_SLO_dataset"/>
    <testcase time="0.000999999999997669" classname="datachk_CLUSTER_SLO" name="Check_CLUSTER_SLO_dataset"/>
    <testcase time="0.000999999999997669" classname="datachk_CLUSTER_SLO" name="Check_CLUSTER_SLO_dataset"/>
    <testcase time="0.00200000000000244" classname="datachk_CLUSTER_SLO" name="Check_CLUSTER_SLO_dataset"/>
    <testcase time="0.350999999999999" classname="datachk_CLUSTER_SLO" name="Check_CLUSTER_SLO_dataset"/>
    <testcase time="0.00200000000000244" classname="datachk_CLUSTER_SLO" name="Check_CLUSTER_SLO_dataset"/>
    <testcase time="0.000999999999997669" classname="datachk_CLUSTER_SLO" name="Check_CLUSTER_SLO_dataset"/>
    <testcase time="0.00200000000000244" classname="datachk_CLUSTER_SLO" name="Check_CLUSTER_SLO_dataset"/>
    <testcase time="0.000999999999997669" classname="datachk_CLUSTER_SLO" name="Check_CLUSTER_SLO_dataset"/>
    <testcase time="0.00100000000000477" classname="datachk_CLUSTER_SLO" name="Check_CLUSTER_SLO_dataset"/>
    <testcase time="0.00199999999999534" classname="datachk_CLUSTER_SLO" name="Check_CLUSTER_SLO_dataset"/>
    <testcase time="0.0949999999999989" classname="datachk_CLUSTER_SLO" name="Check_CLUSTER_SLO_dataset"/>
    <testcase time="0.00200000000000244" classname="datachk_CLUSTER_SLO" name="Check_CLUSTER_SLO_dataset"/>
    <testcase time="0.000999999999997669" classname="datachk_CLUSTER_SLO" name="Check_CLUSTER_SLO_dataset"/>
    <testcase time="0.00100000000000477" classname="datachk_CLUSTER_SLO" name="Check_CLUSTER_SLO_dataset"/>
    <testcase time="0.00199999999999534" classname="datachk_CLUSTER_SLO" name="Check_CLUSTER_SLO_dataset"/>
    <testcase time="0.00100000000000477" classname="datachk_CLUSTER_SLO" name="Check_CLUSTER_SLO_dataset"/>
    <testcase time="0.000999999999997669" classname="datachk_CLUSTER_SLO" name="Check_CLUSTER_SLO_dataset"/>
    <testcase time="0.00200000000000244" classname="datachk_CLUSTER_SLO" name="Check_CLUSTER_SLO_dataset"/>
    <testcase time="0.000999999999997669" classname="datachk_CLUSTER_SLO" name="Check_CLUSTER_SLO_dataset"/>
    <testcase time="0.347000000000001" classname="datachk_CLUSTER_SLO" name="Check_CLUSTER_SLO_dataset"/>
    <testcase time="0.000999999999997669" classname="datachk_CLUSTER_SLO" name="Check_CLUSTER_SLO_dataset"/>
    <testcase time="0.00200000000000244" classname="datachk_CLUSTER_SLO" name="Check_CLUSTER_SLO_dataset"/>
    <testcase time="0.000999999999997669" classname="datachk_CLUSTER_SLO" name="Check_CLUSTER_SLO_dataset"/>
    <testcase time="0.00200000000000244" classname="datachk_CLUSTER_SLO" name="Check_CLUSTER_SLO_dataset"/>
    <testcase time="0.000999999999997669" classname="datachk_CLUSTER_SLO" name="Check_CLUSTER_SLO_dataset"/>
    <testcase time="0.000999999999997669" classname="datachk_CLUSTER_SLO" name="Check_CLUSTER_SLO_dataset"/>
    <testcase time="0.175000000000004" classname="datachk_CLUSTER_SLO" name="Check_CLUSTER_SLO_dataset"/>
    <testcase time="0.00199999999999534" classname="datachk_CLUSTER_SLO" name="Check_CLUSTER_SLO_dataset"/>
    <testcase time="0.00100000000000477" classname="datachk_CLUSTER_SLO" name="Check_CLUSTER_SLO_dataset"/>
    <testcase time="0.00199999999999534" classname="datachk_CLUSTER_SLO" name="Check_CLUSTER_SLO_dataset"/>
    <testcase time="0.00100000000000477" classname="datachk_CLUSTER_SLO" name="Check_CLUSTER_SLO_dataset"/>
    <testcase time="0.000999999999997669" classname="datachk_CLUSTER_SLO" name="Check_CLUSTER_SLO_dataset"/>
    <testcase time="0.00200000000000244" classname="datachk_CLUSTER_SLO" name="Check_CLUSTER_SLO_dataset"/>
    <testcase time="0.000999999999997669" classname="datachk_CLUSTER_SLO" name="Check_CLUSTER_SLO_dataset"/>
    <testcase time="0.000999999999997669" classname="datachk_CLUSTER_SLO" name="Check_CLUSTER_SLO_dataset"/>
    <testcase time="0.346000000000004" classname="datachk_CLUSTER_SLO" name="Check_CLUSTER_SLO_dataset"/>
    <testcase time="0.00200000000000244" classname="datachk_CLUSTER_SLO" name="Check_CLUSTER_SLO_dataset"/>
    <testcase time="0.000999999999997669" classname="datachk_CLUSTER_SLO" name="Check_CLUSTER_SLO_dataset"/>
    <testcase time="0.000999999999997669" classname="datachk_CLUSTER_SLO" name="Check_CLUSTER_SLO_dataset"/>
    <testcase time="0.00200000000000244" classname="datachk_CLUSTER_SLO" name="Check_CLUSTER_SLO_dataset"/>
    <testcase time="0.000999999999997669" classname="datachk_CLUSTER_SLO" name="Check_CLUSTER_SLO_dataset"/>
    <testcase time="0.00100000000000477" classname="datachk_CLUSTER_SLO" name="Check_CLUSTER_SLO_dataset"/>
    <testcase time="0.097999999999999" classname="datachk_CLUSTER_SLO" name="Check_CLUSTER_SLO_dataset"/>
    <testcase time="0.00199999999999534" classname="datachk_CLUSTER_SLO" name="Check_CLUSTER_SLO_dataset"/>
    <testcase time="0.00100000000000477" classname="datachk_CLUSTER_SLO" name="Check_CLUSTER_SLO_dataset"/>
    <testcase time="0.000999999999997669" classname="datachk_CLUSTER_SLO" name="Check_CLUSTER_SLO_dataset"/>
    <testcase time="0.00200000000000244" classname="datachk_CLUSTER_SLO" name="Check_CLUSTER_SLO_dataset"/>
    <testcase time="0.000999999999997669" classname="datachk_CLUSTER_SLO" name="Check_CLUSTER_SLO_dataset"/>
    <testcase time="0.000999999999997669" classname="datachk_CLUSTER_SLO" name="Check_CLUSTER_SLO_dataset"/>
    <testcase time="0.00100000000000477" classname="datachk_CLUSTER_SLO" name="Check_CLUSTER_SLO_dataset"/>
    <testcase time="0.00199999999999534" classname="datachk_CLUSTER_SLO" name="Check_CLUSTER_SLO_dataset"/>
    <testcase time="0.176000000000002" classname="datachk_CLUSTER_SLO" name="shutdown"/>
    <testcase time="0.000999999999997669" classname="datachk_CLUSTER_SLO" name="shutdown"/>
    <testcase time="0.00100000000000477" classname="datachk_CLUSTER_SLO" name="shutdown"/>
  </testsuite>
  <testsuite name="datachk-CNSIM" timestamp="2026-09-26T05:06:42Z" hostname="runnervmtr4k5" tests="281" skipped="0" failures="0" errors="0" time="16.928">
    <testcase time="6.05" classname="datachk_CNSIM" name="setup"/>
    <testcase time="0.00200000000000244" classname="datachk_CNSIM" name="setup"/>
    <testcase time="0.000999999999997669" classname="datachk_CNSIM" name="setup"/>
    <testcase time="0.350999999999999" classname="datachk_CNSIM" name="Check_CNSIM_dataset"/>
    <testcase time="0.00200000000000244" classname="datachk_CNSIM" name="Check_CNSIM_dataset"/>
    <testcase time="0.00199999999999534" classname="datachk_CNSIM" name="Check_CNSIM_dataset"/>
    <testcase time="0.00200000000000244" classname="datachk_CNSIM" name="Check_CNSIM_dataset"/>
    <testcase time="0.00200000000000244" classname="datachk_CNSIM" name="Check_CNSIM_dataset"/>
    <testcase time="0.00199999999999534" classname="datachk_CNSIM" name="Check_CNSIM_dataset"/>
    <testcase time="0.00200000000000244" classname="datachk_CNSIM" name="Check_CNSIM_dataset"/>
    <testcase time="0.173999999999999" classname="datachk_CNSIM" name="Check_CNSIM_dataset"/>
    <testcase time="0.00200000000000244" classname="datachk_CNSIM" name="Check_CNSIM_dataset"/>
    <testcase time="0.000999999999997669" classname="datachk_CNSIM" name="Check_CNSIM_dataset"/>
    <testcase time="0.00200000000000244" classname="datachk_CNSIM" name="Check_CNSIM_dataset"/>
    <testcase time="0.000999999999997669" classname="datachk_CNSIM" name="Check_CNSIM_dataset"/>
    <testcase time="0.000999999999997669" classname="datachk_CNSIM" name="Check_CNSIM_dataset"/>
    <testcase time="0.00200000000000244" classname="datachk_CNSIM" name="Check_CNSIM_dataset"/>
    <testcase time="0.000999999999997669" classname="datachk_CNSIM" name="Check_CNSIM_dataset"/>
    <testcase time="0.132000000000005" classname="datachk_CNSIM" name="Check_CNSIM_dataset"/>
    <testcase time="0.00199999999999534" classname="datachk_CNSIM" name="Check_CNSIM_dataset"/>
    <testcase time="0.00100000000000477" classname="datachk_CNSIM" name="Check_CNSIM_dataset"/>
    <testcase time="0.000999999999997669" classname="datachk_CNSIM" name="Check_CNSIM_dataset"/>
    <testcase time="0.00200000000000244" classname="datachk_CNSIM" name="Check_CNSIM_dataset"/>
    <testcase time="0.000999999999997669" classname="datachk_CNSIM" name="Check_CNSIM_dataset"/>
    <testcase time="0.000999999999997669" classname="datachk_CNSIM" name="Check_CNSIM_dataset"/>
    <testcase time="0.346000000000004" classname="datachk_CNSIM" name="Check_CNSIM_dataset"/>
    <testcase time="0.00200000000000244" classname="datachk_CNSIM" name="Check_CNSIM_dataset"/>
    <testcase time="0.000999999999997669" classname="datachk_CNSIM" name="Check_CNSIM_dataset"/>
    <testcase time="0.00200000000000244" classname="datachk_CNSIM" name="Check_CNSIM_dataset"/>
    <testcase time="0.000999999999997669" classname="datachk_CNSIM" name="Check_CNSIM_dataset"/>
    <testcase time="0.0069999999999979" classname="datachk_CNSIM" name="Check_CNSIM_dataset"/>
    <testcase time="0.000999999999997669" classname="datachk_CNSIM" name="Check_CNSIM_dataset"/>
    <testcase time="0.171000000000006" classname="datachk_CNSIM" name="Check_CNSIM_dataset"/>
    <testcase time="0.00199999999999534" classname="datachk_CNSIM" name="Check_CNSIM_dataset"/>
    <testcase time="0.00100000000000477" classname="datachk_CNSIM" name="Check_CNSIM_dataset"/>
    <testcase time="0.00199999999999534" classname="datachk_CNSIM" name="Check_CNSIM_dataset"/>
    <testcase time="0.00100000000000477" classname="datachk_CNSIM" name="Check_CNSIM_dataset"/>
    <testcase time="0.000999999999997669" classname="datachk_CNSIM" name="Check_CNSIM_dataset"/>
    <testcase time="0.00200000000000244" classname="datachk_CNSIM" name="Check_CNSIM_dataset"/>
    <testcase time="0.000999999999997669" classname="datachk_CNSIM" name="Check_CNSIM_dataset"/>
    <testcase time="0.000999999999997669" classname="datachk_CNSIM" name="Check_CNSIM_dataset"/>
    <testcase time="0.338000000000001" classname="datachk_CNSIM" name="Check_CNSIM_dataset"/>
    <testcase time="0.00200000000000244" classname="datachk_CNSIM" name="Check_CNSIM_dataset"/>
    <testcase time="0.000999999999997669" classname="datachk_CNSIM" name="Check_CNSIM_dataset"/>
    <testcase time="0.000999999999997669" classname="datachk_CNSIM" name="Check_CNSIM_dataset"/>
    <testcase time="0.00200000000000244" classname="datachk_CNSIM" name="Check_CNSIM_dataset"/>
    <testcase time="0.000999999999997669" classname="datachk_CNSIM" name="Check_CNSIM_dataset"/>
    <testcase time="0.00100000000000477" classname="datachk_CNSIM" name="Check_CNSIM_dataset"/>
    <testcase time="0.343999999999994" classname="datachk_CNSIM" name="Check_CNSIM_dataset"/>
    <testcase time="0.00200000000000244" classname="datachk_CNSIM" name="Check_CNSIM_dataset"/>
    <testcase time="0.000999999999997669" classname="datachk_CNSIM" name="Check_CNSIM_dataset"/>
    <testcase time="0.00200000000000244" classname="datachk_CNSIM" name="Check_CNSIM_dataset"/>
    <testcase time="0.000999999999997669" classname="datachk_CNSIM" name="Check_CNSIM_dataset"/>
    <testcase time="0.00100000000000477" classname="datachk_CNSIM" name="Check_CNSIM_dataset"/>
    <testcase time="0.00199999999999534" classname="datachk_CNSIM" name="Check_CNSIM_dataset"/>
    <testcase time="0.172000000000004" classname="datachk_CNSIM" name="Check_CNSIM_dataset"/>
    <testcase time="0.00200000000000244" classname="datachk_CNSIM" name="Check_CNSIM_dataset"/>
    <testcase time="0.000999999999997669" classname="datachk_CNSIM" name="Check_CNSIM_dataset"/>
    <testcase time="0.000999999999997669" classname="datachk_CNSIM" name="Check_CNSIM_dataset"/>
    <testcase time="0.00200000000000244" classname="datachk_CNSIM" name="Check_CNSIM_dataset"/>
    <testcase time="0.000999999999997669" classname="datachk_CNSIM" name="Check_CNSIM_dataset"/>
    <testcase time="0.00200000000000244" classname="datachk_CNSIM" name="Check_CNSIM_dataset"/>
    <testcase time="0.000999999999997669" classname="datachk_CNSIM" name="Check_CNSIM_dataset"/>
    <testcase time="0.000999999999997669" classname="datachk_CNSIM" name="Check_CNSIM_dataset"/>
    <testcase time="0.338000000000001" classname="datachk_CNSIM" name="Check_CNSIM_dataset"/>
    <testcase time="0.00200000000000244" classname="datachk_CNSIM" name="Check_CNSIM_dataset"/>
    <testcase time="0.00200000000000244" classname="datachk_CNSIM" name="Check_CNSIM_dataset"/>
    <testcase time="0.000999999999997669" classname="datachk_CNSIM" name="Check_CNSIM_dataset"/>
    <testcase time="0.000999999999997669" classname="datachk_CNSIM" name="Check_CNSIM_dataset"/>
    <testcase time="0.00200000000000244" classname="datachk_CNSIM" name="Check_CNSIM_dataset"/>
    <testcase time="0.000999999999997669" classname="datachk_CNSIM" name="Check_CNSIM_dataset"/>
    <testcase time="0.353000000000002" classname="datachk_CNSIM" name="Check_CNSIM_dataset"/>
    <testcase time="0.00300000000000011" classname="datachk_CNSIM" name="Check_CNSIM_dataset"/>
    <testcase time="0.00200000000000244" classname="datachk_CNSIM" name="Check_CNSIM_dataset"/>
    <testcase time="0.000999999999997669" classname="datachk_CNSIM" name="Check_CNSIM_dataset"/>
    <testcase time="0.000999999999997669" classname="datachk_CNSIM" name="Check_CNSIM_dataset"/>
    <testcase time="0.00200000000000244" classname="datachk_CNSIM" name="Check_CNSIM_dataset"/>
    <testcase time="0.000999999999997669" classname="datachk_CNSIM" name="Check_CNSIM_dataset"/>
    <testcase time="0.172000000000004" classname="datachk_CNSIM" name="Check_CNSIM_dataset"/>
    <testcase time="0.00199999999999534" classname="datachk_CNSIM" name="Check_CNSIM_dataset"/>
    <testcase time="0.00100000000000477" classname="datachk_CNSIM" name="Check_CNSIM_dataset"/>
    <testcase time="0.000999999999997669" classname="datachk_CNSIM" name="Check_CNSIM_dataset"/>
    <testcase time="0.00100000000000477" classname="datachk_CNSIM" name="Check_CNSIM_dataset"/>
    <testcase time="0.000999999999997669" classname="datachk_CNSIM" name="Check_CNSIM_dataset"/>
    <testcase time="0.000999999999997669" classname="datachk_CNSIM" name="Check_CNSIM_dataset"/>
    <testcase time="0.00200000000000244" classname="datachk_CNSIM" name="Check_CNSIM_dataset"/>
    <testcase time="0.000999999999997669" classname="datachk_CNSIM" name="Check_CNSIM_dataset"/>
    <testcase time="0.378" classname="datachk_CNSIM" name="Check_CNSIM_dataset"/>
    <testcase time="0.00100000000000477" classname="datachk_CNSIM" name="Check_CNSIM_dataset"/>
    <testcase time="0.00199999999999534" classname="datachk_CNSIM" name="Check_CNSIM_dataset"/>
    <testcase time="0.00100000000000477" classname="datachk_CNSIM" name="Check_CNSIM_dataset"/>
    <testcase time="0.000999999999997669" classname="datachk_CNSIM" name="Check_CNSIM_dataset"/>
    <testcase time="0.00200000000000244" classname="datachk_CNSIM" name="Check_CNSIM_dataset"/>
    <testcase time="0.000999999999997669" classname="datachk_CNSIM" name="Check_CNSIM_dataset"/>
    <testcase time="0.344999999999999" classname="datachk_CNSIM" name="Check_CNSIM_dataset"/>
    <testcase time="0.00200000000000244" classname="datachk_CNSIM" name="Check_CNSIM_dataset"/>
    <testcase time="0.000999999999997669" classname="datachk_CNSIM" name="Check_CNSIM_dataset"/>
    <testcase time="0.000999999999997669" classname="datachk_CNSIM" name="Check_CNSIM_dataset"/>
    <testcase time="0.00200000000000244" classname="datachk_CNSIM" name="Check_CNSIM_dataset"/>
    <testcase time="0.000999999999997669" classname="datachk_CNSIM" name="Check_CNSIM_dataset"/>
    <testcase time="0.00100000000000477" classname="datachk_CNSIM" name="Check_CNSIM_dataset"/>
    <testcase time="0.171999999999997" classname="datachk_CNSIM" name="Check_CNSIM_dataset"/>
    <testcase time="0.00200000000000244" classname="datachk_CNSIM" name="Check_CNSIM_dataset"/>
    <testcase time="0.000999999999997669" classname="datachk_CNSIM" name="Check_CNSIM_dataset"/>
    <testcase time="0.00200000000000244" classname="datachk_CNSIM" name="Check_CNSIM_dataset"/>
    <testcase time="0.000999999999997669" classname="datachk_CNSIM" name="Check_CNSIM_dataset"/>
    <testcase time="0.000999999999997669" classname="datachk_CNSIM" name="Check_CNSIM_dataset"/>
    <testcase time="0.00200000000000244" classname="datachk_CNSIM" name="Check_CNSIM_dataset"/>
    <testcase time="0.000999999999997669" classname="datachk_CNSIM" name="Check_CNSIM_dataset"/>
    <testcase time="0.00100000000000477" classname="datachk_CNSIM" name="Check_CNSIM_dataset"/>
    <testcase time="0.388999999999996" classname="datachk_CNSIM" name="Check_CNSIM_dataset"/>
    <testcase time="0.00100000000000477" classname="datachk_CNSIM" name="Check_CNSIM_dataset"/>
    <testcase time="0.00199999999999534" classname="datachk_CNSIM" name="Check_CNSIM_dataset"/>
    <testcase time="0.00100000000000477" classname="datachk_CNSIM" name="Check_CNSIM_dataset"/>
    <testcase time="0.000999999999997669" classname="datachk_CNSIM" name="Check_CNSIM_dataset"/>
    <testcase time="0.00100000000000477" classname="datachk_CNSIM" name="Check_CNSIM_dataset"/>
    <testcase time="0.000999999999997669" classname="datachk_CNSIM" name="Check_CNSIM_dataset"/>
    <testcase time="0.347999999999999" classname="datachk_CNSIM" name="Check_CNSIM_dataset"/>
    <testcase time="0.00200000000000244" classname="datachk_CNSIM" name="Check_CNSIM_dataset"/>
    <testcase time="0.000999999999997669" classname="datachk_CNSIM" name="Check_CNSIM_dataset"/>
    <testcase time="0.000999999999997669" classname="datachk_CNSIM" name="Check_CNSIM_dataset"/>
    <testcase time="0.00200000000000244" classname="datachk_CNSIM" name="Check_CNSIM_dataset"/>
    <testcase time="0.000999999999997669" classname="datachk_CNSIM" name="Check_CNSIM_dataset"/>
    <testcase time="0.00100000000000477" classname="datachk_CNSIM" name="Check_CNSIM_dataset"/>
    <testcase time="0.173000000000002" classname="datachk_CNSIM" name="Check_CNSIM_dataset"/>
    <testcase time="0.00199999999999534" classname="datachk_CNSIM" name="Check_CNSIM_dataset"/>
    <testcase time="0.000999999999997669" classname="datachk_CNSIM" name="Check_CNSIM_dataset"/>
    <testcase time="0.00100000000000477" classname="datachk_CNSIM" name="Check_CNSIM_dataset"/>
    <testcase time="0.00199999999999534" classname="datachk_CNSIM" name="Check_CNSIM_dataset"/>
    <testcase time="0.00100000000000477" classname="datachk_CNSIM" name="Check_CNSIM_dataset"/>
    <testcase time="0.000999999999997669" classname="datachk_CNSIM" name="Check_CNSIM_dataset"/>
    <testcase time="0.000999999999997669" classname="datachk_CNSIM" name="Check_CNSIM_dataset"/>
    <testcase time="0.000999999999997669" classname="datachk_CNSIM" name="Check_CNSIM_dataset"/>
    <testcase time="0.374000000000002" classname="datachk_CNSIM" name="Check_CNSIM_dataset"/>
    <testcase time="0.000999999999997669" classname="datachk_CNSIM" name="Check_CNSIM_dataset"/>
    <testcase time="0.00200000000000244" classname="datachk_CNSIM" name="Check_CNSIM_dataset"/>
    <testcase time="0.000999999999997669" classname="datachk_CNSIM" name="Check_CNSIM_dataset"/>
    <testcase time="0.00200000000000244" classname="datachk_CNSIM" name="Check_CNSIM_dataset"/>
    <testcase time="0.000999999999997669" classname="datachk_CNSIM" name="Check_CNSIM_dataset"/>
    <testcase time="0.000999999999997669" classname="datachk_CNSIM" name="Check_CNSIM_dataset"/>
    <testcase time="0.300000000000004" classname="datachk_CNSIM" name="Check_CNSIM_dataset"/>
    <testcase time="0.00199999999999534" classname="datachk_CNSIM" name="Check_CNSIM_dataset"/>
    <testcase time="0.00100000000000477" classname="datachk_CNSIM" name="Check_CNSIM_dataset"/>
    <testcase time="0.00199999999999534" classname="datachk_CNSIM" name="Check_CNSIM_dataset"/>
    <testcase time="0.00100000000000477" classname="datachk_CNSIM" name="Check_CNSIM_dataset"/>
    <testcase time="0.000999999999997669" classname="datachk_CNSIM" name="Check_CNSIM_dataset"/>
    <testcase time="0.000999999999997669" classname="datachk_CNSIM" name="Check_CNSIM_dataset"/>
    <testcase time="0.173000000000002" classname="datachk_CNSIM" name="Check_CNSIM_dataset"/>
    <testcase time="0.00200000000000244" classname="datachk_CNSIM" name="Check_CNSIM_dataset"/>
    <testcase time="0.000999999999997669" classname="datachk_CNSIM" name="Check_CNSIM_dataset"/>
    <testcase time="0.000999999999997669" classname="datachk_CNSIM" name="Check_CNSIM_dataset"/>
    <testcase time="0.00200000000000244" classname="datachk_CNSIM" name="Check_CNSIM_dataset"/>
    <testcase time="0.000999999999997669" classname="datachk_CNSIM" name="Check_CNSIM_dataset"/>
    <testcase time="0.00100000000000477" classname="datachk_CNSIM" name="Check_CNSIM_dataset"/>
    <testcase time="0.00199999999999534" classname="datachk_CNSIM" name="Check_CNSIM_dataset"/>
    <testcase time="0.00100000000000477" classname="datachk_CNSIM" name="Check_CNSIM_dataset"/>
    <testcase time="0.375999999999998" classname="datachk_CNSIM" name="Check_CNSIM_dataset"/>
    <testcase time="0.0069999999999979" classname="datachk_CNSIM" name="Check_CNSIM_dataset"/>
    <testcase time="0.00100000000000477" classname="datachk_CNSIM" name="Check_CNSIM_dataset"/>
    <testcase time="0.000999999999997669" classname="datachk_CNSIM" name="Check_CNSIM_dataset"/>
    <testcase time="0.00200000000000244" classname="datachk_CNSIM" name="Check_CNSIM_dataset"/>
    <testcase time="0.000999999999997669" classname="datachk_CNSIM" name="Check_CNSIM_dataset"/>
    <testcase time="0.000999999999997669" classname="datachk_CNSIM" name="Check_CNSIM_dataset"/>
    <testcase time="0.345000000000006" classname="datachk_CNSIM" name="Check_CNSIM_dataset"/>
    <testcase time="0.00199999999999534" classname="datachk_CNSIM" name="Check_CNSIM_dataset"/>
    <testcase time="0.00100000000000477" classname="datachk_CNSIM" name="Check_CNSIM_dataset"/>
    <testcase time="0.000999999999997669" classname="datachk_CNSIM" name="Check_CNSIM_dataset"/>
    <testcase time="0.000999999999997669" classname="datachk_CNSIM" name="Check_CNSIM_dataset"/>
    <testcase time="0.00200000000000244" classname="datachk_CNSIM" name="Check_CNSIM_dataset"/>
    <testcase time="0.000999999999997669" classname="datachk_CNSIM" name="Check_CNSIM_dataset"/>
    <testcase time="0.170999999999999" classname="datachk_CNSIM" name="Check_CNSIM_dataset"/>
    <testcase time="0.00200000000000244" classname="datachk_CNSIM" name="Check_CNSIM_dataset"/>
    <testcase time="0.000999999999997669" classname="datachk_CNSIM" name="Check_CNSIM_dataset"/>
    <testcase time="0.00200000000000244" classname="datachk_CNSIM" name="Check_CNSIM_dataset"/>
    <testcase time="0.000999999999997669" classname="datachk_CNSIM" name="Check_CNSIM_dataset"/>
    <testcase time="0.00100000000000477" classname="datachk_CNSIM" name="Check_CNSIM_dataset"/>
    <testcase time="0.00199999999999534" classname="datachk_CNSIM" name="Check_CNSIM_dataset"/>
    <testcase time="0.00100000000000477" classname="datachk_CNSIM" name="Check_CNSIM_dataset"/>
    <testcase time="0.000999999999997669" classname="datachk_CNSIM" name="Check_CNSIM_dataset"/>
[...]
    <testcase time="0.00100000000000477" classname="datachk_TESTING" name="Check_TESTING_dataset"/>
    <testcase time="0.00199999999999534" classname="datachk_TESTING" name="Check_TESTING_dataset"/>
    <testcase time="0.00100000000000477" classname="datachk_TESTING" name="Check_TESTING_dataset"/>
    <testcase time="0.000999999999990564" classname="datachk_TESTING" name="Check_TESTING_dataset"/>
    <testcase time="0.00200000000000955" classname="datachk_TESTING" name="Check_TESTING_dataset"/>
    <testcase time="0.336999999999989" classname="datachk_TESTING" name="Check_TESTING_dataset"/>
    <testcase time="0.00100000000000477" classname="datachk_TESTING" name="Check_TESTING_dataset"/>
    <testcase time="0.00199999999999534" classname="datachk_TESTING" name="Check_TESTING_dataset"/>
    <testcase time="0.00100000000000477" classname="datachk_TESTING" name="Check_TESTING_dataset"/>
    <testcase time="0.00100000000000477" classname="datachk_TESTING" name="Check_TESTING_dataset"/>
    <testcase time="0.00199999999999534" classname="datachk_TESTING" name="Check_TESTING_dataset"/>
    <testcase time="0.00100000000000477" classname="datachk_TESTING" name="Check_TESTING_dataset"/>
    <testcase time="0.173999999999992" classname="datachk_TESTING" name="Check_TESTING_dataset"/>
    <testcase time="0.00100000000000477" classname="datachk_TESTING" name="Check_TESTING_dataset"/>
    <testcase time="0.00199999999999534" classname="datachk_TESTING" name="Check_TESTING_dataset"/>
    <testcase time="0.00100000000000477" classname="datachk_TESTING" name="Check_TESTING_dataset"/>
    <testcase time="0.000999999999990564" classname="datachk_TESTING" name="Check_TESTING_dataset"/>
    <testcase time="0.00200000000000955" classname="datachk_TESTING" name="Check_TESTING_dataset"/>
    <testcase time="0.000999999999990564" classname="datachk_TESTING" name="Check_TESTING_dataset"/>
    <testcase time="0.00100000000000477" classname="datachk_TESTING" name="Check_TESTING_dataset"/>
    <testcase time="0.00199999999999534" classname="datachk_TESTING" name="Check_TESTING_dataset"/>
    <testcase time="0.346000000000004" classname="datachk_TESTING" name="Check_TESTING_dataset"/>
    <testcase time="0.00200000000000955" classname="datachk_TESTING" name="Check_TESTING_dataset"/>
    <testcase time="0.000999999999990564" classname="datachk_TESTING" name="Check_TESTING_dataset"/>
    <testcase time="0.00200000000000955" classname="datachk_TESTING" name="Check_TESTING_dataset"/>
    <testcase time="0.000999999999990564" classname="datachk_TESTING" name="Check_TESTING_dataset"/>
    <testcase time="0.00100000000000477" classname="datachk_TESTING" name="Check_TESTING_dataset"/>
    <testcase time="0.000999999999990564" classname="datachk_TESTING" name="Check_TESTING_dataset"/>
    <testcase time="0.171000000000006" classname="datachk_TESTING" name="Check_TESTING_dataset"/>
    <testcase time="0.00199999999999534" classname="datachk_TESTING" name="Check_TESTING_dataset"/>
    <testcase time="0.00100000000000477" classname="datachk_TESTING" name="Check_TESTING_dataset"/>
    <testcase time="0.00100000000000477" classname="datachk_TESTING" name="Check_TESTING_dataset"/>
    <testcase time="0.00199999999999534" classname="datachk_TESTING" name="Check_TESTING_dataset"/>
    <testcase time="0.00100000000000477" classname="datachk_TESTING" name="Check_TESTING_dataset"/>
    <testcase time="0.000999999999990564" classname="datachk_TESTING" name="Check_TESTING_dataset"/>
    <testcase time="0.00200000000000955" classname="datachk_TESTING" name="Check_TESTING_dataset"/>
    <testcase time="0.000999999999990564" classname="datachk_TESTING" name="Check_TESTING_dataset"/>
    <testcase time="0.341999999999999" classname="datachk_TESTING" name="Check_TESTING_dataset"/>
    <testcase time="0.00200000000000955" classname="datachk_TESTING" name="Check_TESTING_dataset"/>
    <testcase time="0.000999999999990564" classname="datachk_TESTING" name="Check_TESTING_dataset"/>
    <testcase time="0.00100000000000477" classname="datachk_TESTING" name="Check_TESTING_dataset"/>
    <testcase time="0.00199999999999534" classname="datachk_TESTING" name="Check_TESTING_dataset"/>
    <testcase time="0.00100000000000477" classname="datachk_TESTING" name="Check_TESTING_dataset"/>
    <testcase time="0.00100000000000477" classname="datachk_TESTING" name="Check_TESTING_dataset"/>
    <testcase time="0.173999999999992" classname="datachk_TESTING" name="Check_TESTING_dataset"/>
    <testcase time="0.00100000000000477" classname="datachk_TESTING" name="Check_TESTING_dataset"/>
    <testcase time="0.00199999999999534" classname="datachk_TESTING" name="Check_TESTING_dataset"/>
    <testcase time="0.00100000000000477" classname="datachk_TESTING" name="Check_TESTING_dataset"/>
    <testcase time="0.00199999999999534" classname="datachk_TESTING" name="Check_TESTING_dataset"/>
    <testcase time="0.00100000000000477" classname="datachk_TESTING" name="Check_TESTING_dataset"/>
    <testcase time="0.00100000000000477" classname="datachk_TESTING" name="Check_TESTING_dataset"/>
    <testcase time="0.00199999999999534" classname="datachk_TESTING" name="Check_TESTING_dataset"/>
    <testcase time="0.00100000000000477" classname="datachk_TESTING" name="Check_TESTING_dataset"/>
    <testcase time="0.310999999999993" classname="datachk_TESTING" name="Check_TESTING_dataset"/>
    <testcase time="0.00100000000000477" classname="datachk_TESTING" name="Check_TESTING_dataset"/>
    <testcase time="0.00199999999999534" classname="datachk_TESTING" name="Check_TESTING_dataset"/>
    <testcase time="0.00100000000000477" classname="datachk_TESTING" name="Check_TESTING_dataset"/>
    <testcase time="0.000999999999990564" classname="datachk_TESTING" name="Check_TESTING_dataset"/>
    <testcase time="0.00200000000000955" classname="datachk_TESTING" name="Check_TESTING_dataset"/>
    <testcase time="0.000999999999990564" classname="datachk_TESTING" name="Check_TESTING_dataset"/>
    <testcase time="0.172000000000011" classname="datachk_TESTING" name="Check_TESTING_dataset"/>
    <testcase time="0.000999999999990564" classname="datachk_TESTING" name="Check_TESTING_dataset"/>
    <testcase time="0.00200000000000955" classname="datachk_TESTING" name="Check_TESTING_dataset"/>
    <testcase time="0.000999999999990564" classname="datachk_TESTING" name="Check_TESTING_dataset"/>
    <testcase time="0.00100000000000477" classname="datachk_TESTING" name="Check_TESTING_dataset"/>
    <testcase time="0.00199999999999534" classname="datachk_TESTING" name="Check_TESTING_dataset"/>
    <testcase time="0.00100000000000477" classname="datachk_TESTING" name="Check_TESTING_dataset"/>
    <testcase time="0.00100000000000477" classname="datachk_TESTING" name="Check_TESTING_dataset"/>
    <testcase time="0.00199999999999534" classname="datachk_TESTING" name="Check_TESTING_dataset"/>
    <testcase time="0.338999999999999" classname="datachk_TESTING" name="Check_TESTING_dataset"/>
    <testcase time="0.00199999999999534" classname="datachk_TESTING" name="Check_TESTING_dataset"/>
    <testcase time="0.00100000000000477" classname="datachk_TESTING" name="Check_TESTING_dataset"/>
    <testcase time="0.00100000000000477" classname="datachk_TESTING" name="Check_TESTING_dataset"/>
    <testcase time="0.00199999999999534" classname="datachk_TESTING" name="Check_TESTING_dataset"/>
    <testcase time="0.00100000000000477" classname="datachk_TESTING" name="Check_TESTING_dataset"/>
    <testcase time="0.000999999999990564" classname="datachk_TESTING" name="Check_TESTING_dataset"/>
    <testcase time="0.177000000000007" classname="datachk_TESTING" name="Check_TESTING_dataset"/>
    <testcase time="0.00100000000000477" classname="datachk_TESTING" name="Check_TESTING_dataset"/>
    <testcase time="0.00199999999999534" classname="datachk_TESTING" name="Check_TESTING_dataset"/>
    <testcase time="0.00100000000000477" classname="datachk_TESTING" name="Check_TESTING_dataset"/>
    <testcase time="0.00199999999999534" classname="datachk_TESTING" name="Check_TESTING_dataset"/>
    <testcase time="0.00100000000000477" classname="datachk_TESTING" name="Check_TESTING_dataset"/>
    <testcase time="0.000999999999990564" classname="datachk_TESTING" name="Check_TESTING_dataset"/>
    <testcase time="0.00199999999999534" classname="datachk_TESTING" name="Check_TESTING_dataset"/>
    <testcase time="0.00100000000000477" classname="datachk_TESTING" name="Check_TESTING_dataset"/>
    <testcase time="0.341000000000008" classname="datachk_TESTING" name="Check_TESTING_dataset"/>
    <testcase time="0.00199999999999534" classname="datachk_TESTING" name="Check_TESTING_dataset"/>
    <testcase time="0.00199999999999534" classname="datachk_TESTING" name="Check_TESTING_dataset"/>
    <testcase time="0.00100000000000477" classname="datachk_TESTING" name="Check_TESTING_dataset"/>
    <testcase time="0.00100000000000477" classname="datachk_TESTING" name="Check_TESTING_dataset"/>
    <testcase time="0.000999999999990564" classname="datachk_TESTING" name="Check_TESTING_dataset"/>
    <testcase time="0.00200000000000955" classname="datachk_TESTING" name="Check_TESTING_dataset"/>
    <testcase time="0.170999999999992" classname="datachk_TESTING" name="Check_TESTING_dataset"/>
    <testcase time="0.00100000000000477" classname="datachk_TESTING" name="Check_TESTING_dataset"/>
    <testcase time="0.00199999999999534" classname="datachk_TESTING" name="Check_TESTING_dataset"/>
    <testcase time="0.00100000000000477" classname="datachk_TESTING" name="Check_TESTING_dataset"/>
    <testcase time="0.000999999999990564" classname="datachk_TESTING" name="Check_TESTING_dataset"/>
    <testcase time="0.00200000000000955" classname="datachk_TESTING" name="Check_TESTING_dataset"/>
    <testcase time="0.000999999999990564" classname="datachk_TESTING" name="Check_TESTING_dataset"/>
    <testcase time="0.00100000000000477" classname="datachk_TESTING" name="Check_TESTING_dataset"/>
    <testcase time="0.00199999999999534" classname="datachk_TESTING" name="Check_TESTING_dataset"/>
    <testcase time="0.341999999999999" classname="datachk_TESTING" name="Check_TESTING_dataset"/>
    <testcase time="0.00200000000000955" classname="datachk_TESTING" name="Check_TESTING_dataset"/>
    <testcase time="0.000999999999990564" classname="datachk_TESTING" name="Check_TESTING_dataset"/>
    <testcase time="0.00100000000000477" classname="datachk_TESTING" name="Check_TESTING_dataset"/>
    <testcase time="0.00199999999999534" classname="datachk_TESTING" name="Check_TESTING_dataset"/>
    <testcase time="0.00100000000000477" classname="datachk_TESTING" name="Check_TESTING_dataset"/>
    <testcase time="0.00100000000000477" classname="datachk_TESTING" name="Check_TESTING_dataset"/>
    <testcase time="0.129999999999995" classname="datachk_TESTING" name="Check_TESTING_dataset"/>
    <testcase time="0.00199999999999534" classname="datachk_TESTING" name="Check_TESTING_dataset"/>
    <testcase time="0.00100000000000477" classname="datachk_TESTING" name="Check_TESTING_dataset"/>
    <testcase time="0.00199999999999534" classname="datachk_TESTING" name="Check_TESTING_dataset"/>
    <testcase time="0.00100000000000477" classname="datachk_TESTING" name="Check_TESTING_dataset"/>
    <testcase time="0.00100000000000477" classname="datachk_TESTING" name="Check_TESTING_dataset"/>
    <testcase time="0.00199999999999534" classname="datachk_TESTING" name="Check_TESTING_dataset"/>
    <testcase time="0.00100000000000477" classname="datachk_TESTING" name="Check_TESTING_dataset"/>
    <testcase time="0.00199999999999534" classname="datachk_TESTING" name="Check_TESTING_dataset"/>
    <testcase time="0.299000000000007" classname="datachk_TESTING" name="Check_TESTING_dataset"/>
    <testcase time="0.00199999999999534" classname="datachk_TESTING" name="Check_TESTING_dataset"/>
    <testcase time="0.00100000000000477" classname="datachk_TESTING" name="Check_TESTING_dataset"/>
    <testcase time="0.00199999999999534" classname="datachk_TESTING" name="Check_TESTING_dataset"/>
    <testcase time="0.00100000000000477" classname="datachk_TESTING" name="Check_TESTING_dataset"/>
    <testcase time="0.000999999999990564" classname="datachk_TESTING" name="Check_TESTING_dataset"/>
    <testcase time="0.00200000000000955" classname="datachk_TESTING" name="Check_TESTING_dataset"/>
    <testcase time="0.140999999999991" classname="datachk_TESTING" name="Check_TESTING_dataset"/>
    <testcase time="0.00200000000000955" classname="datachk_TESTING" name="Check_TESTING_dataset"/>
    <testcase time="0.000999999999990564" classname="datachk_TESTING" name="Check_TESTING_dataset"/>
    <testcase time="0.00200000000000955" classname="datachk_TESTING" name="Check_TESTING_dataset"/>
    <testcase time="0.000999999999990564" classname="datachk_TESTING" name="Check_TESTING_dataset"/>
    <testcase time="0.00100000000000477" classname="datachk_TESTING" name="Check_TESTING_dataset"/>
    <testcase time="0.00199999999999534" classname="datachk_TESTING" name="Check_TESTING_dataset"/>
    <testcase time="0.00100000000000477" classname="datachk_TESTING" name="Check_TESTING_dataset"/>
    <testcase time="0.00100000000000477" classname="datachk_TESTING" name="Check_TESTING_dataset"/>
    <testcase time="0.344999999999999" classname="datachk_TESTING" name="Check_TESTING_dataset"/>
    <testcase time="0.00199999999999534" classname="datachk_TESTING" name="Check_TESTING_dataset"/>
    <testcase time="0.00100000000000477" classname="datachk_TESTING" name="Check_TESTING_dataset"/>
    <testcase time="0.000999999999990564" classname="datachk_TESTING" name="Check_TESTING_dataset"/>
    <testcase time="0.00200000000000955" classname="datachk_TESTING" name="Check_TESTING_dataset"/>
    <testcase time="0.000999999999990564" classname="datachk_TESTING" name="Check_TESTING_dataset"/>
    <testcase time="0.00100000000000477" classname="datachk_TESTING" name="Check_TESTING_dataset"/>
    <testcase time="0.171999999999997" classname="datachk_TESTING" name="Check_TESTING_dataset"/>
    <testcase time="0.00100000000000477" classname="datachk_TESTING" name="Check_TESTING_dataset"/>
    <testcase time="0.00199999999999534" classname="datachk_TESTING" name="Check_TESTING_dataset"/>
    <testcase time="0.00100000000000477" classname="datachk_TESTING" name="Check_TESTING_dataset"/>
    <testcase time="0.00199999999999534" classname="datachk_TESTING" name="Check_TESTING_dataset"/>
    <testcase time="0.00100000000000477" classname="datachk_TESTING" name="Check_TESTING_dataset"/>
    <testcase time="0.000999999999990564" classname="datachk_TESTING" name="Check_TESTING_dataset"/>
    <testcase time="0.00200000000000955" classname="datachk_TESTING" name="Check_TESTING_dataset"/>
    <testcase time="0.000999999999990564" classname="datachk_TESTING" name="Check_TESTING_dataset"/>
    <testcase time="0.339000000000013" classname="datachk_TESTING" name="Check_TESTING_dataset"/>
    <testcase time="0.000999999999990564" classname="datachk_TESTING" name="Check_TESTING_dataset"/>
    <testcase time="0.00200000000000955" classname="datachk_TESTING" name="Check_TESTING_dataset"/>
    <testcase time="0.000999999999990564" classname="datachk_TESTING" name="Check_TESTING_dataset"/>
    <testcase time="0.00100000000000477" classname="datachk_TESTING" name="Check_TESTING_dataset"/>
    <testcase time="0.00199999999999534" classname="datachk_TESTING" name="Check_TESTING_dataset"/>
    <testcase time="0.00100000000000477" classname="datachk_TESTING" name="Check_TESTING_dataset"/>
    <testcase time="0.170999999999992" classname="datachk_TESTING" name="Check_TESTING_dataset"/>
    <testcase time="0.00200000000000955" classname="datachk_TESTING" name="Check_TESTING_dataset"/>
    <testcase time="0.000999999999990564" classname="datachk_TESTING" name="Check_TESTING_dataset"/>
    <testcase time="0.00100000000000477" classname="datachk_TESTING" name="Check_TESTING_dataset"/>
    <testcase time="0.00199999999999534" classname="datachk_TESTING" name="Check_TESTING_dataset"/>
    <testcase time="0.00100000000000477" classname="datachk_TESTING" name="Check_TESTING_dataset"/>
    <testcase time="0.00100000000000477" classname="datachk_TESTING" name="Check_TESTING_dataset"/>
    <testcase time="0.00199999999999534" classname="datachk_TESTING" name="Check_TESTING_dataset"/>
    <testcase time="0.00100000000000477" classname="datachk_TESTING" name="Check_TESTING_dataset"/>
    <testcase time="0.301000000000002" classname="datachk_TESTING" name="Check_TESTING_dataset"/>
    <testcase time="0.000999999999990564" classname="datachk_TESTING" name="Check_TESTING_dataset"/>
    <testcase time="0.00100000000000477" classname="datachk_TESTING" name="Check_TESTING_dataset"/>
    <testcase time="0.000999999999990564" classname="datachk_TESTING" name="Check_TESTING_dataset"/>
    <testcase time="0.00200000000000955" classname="datachk_TESTING" name="Check_TESTING_dataset"/>
    <testcase time="0.000999999999990564" classname="datachk_TESTING" name="Check_TESTING_dataset"/>
    <testcase time="0.00100000000000477" classname="datachk_TESTING" name="Check_TESTING_dataset"/>
    <testcase time="0.170999999999992" classname="datachk_TESTING" name="Check_TESTING_dataset"/>
    <testcase time="0.00200000000000955" classname="datachk_TESTING" name="Check_TESTING_dataset"/>
    <testcase time="0.000999999999990564" classname="datachk_TESTING" name="Check_TESTING_dataset"/>
    <testcase time="0.00100000000000477" classname="datachk_TESTING" name="Check_TESTING_dataset"/>
    <testcase time="0.00199999999999534" classname="datachk_TESTING" name="Check_TESTING_dataset"/>
    <testcase time="0.00100000000000477" classname="datachk_TESTING" name="Check_TESTING_dataset"/>
    <testcase time="0.00100000000000477" classname="datachk_TESTING" name="Check_TESTING_dataset"/>
    <testcase time="0.00199999999999534" classname="datachk_TESTING" name="Check_TESTING_dataset"/>
    <testcase time="0.00100000000000477" classname="datachk_TESTING" name="Check_TESTING_dataset"/>
    <testcase time="0.344999999999999" classname="datachk_TESTING" name="Check_TESTING_dataset"/>
    <testcase time="0.000999999999990564" classname="datachk_TESTING" name="Check_TESTING_dataset"/>
    <testcase time="0.00200000000000955" classname="datachk_TESTING" name="Check_TESTING_dataset"/>
    <testcase time="0.000999999999990564" classname="datachk_TESTING" name="Check_TESTING_dataset"/>
    <testcase time="0.00100000000000477" classname="datachk_TESTING" name="Check_TESTING_dataset"/>
    <testcase time="0.00199999999999534" classname="datachk_TESTING" name="Check_TESTING_dataset"/>
    <testcase time="0.00100000000000477" classname="datachk_TESTING" name="Check_TESTING_dataset"/>
    <testcase time="0.173000000000002" classname="datachk_TESTING" name="Check_TESTING_dataset"/>
    <testcase time="0.00100000000000477" classname="datachk_TESTING" name="Check_TESTING_dataset"/>
    <testcase time="0.00199999999999534" classname="datachk_TESTING" name="Check_TESTING_dataset"/>
    <testcase time="0.00100000000000477" classname="datachk_TESTING" name="Check_TESTING_dataset"/>
    <testcase time="0.000999999999990564" classname="datachk_TESTING" name="Check_TESTING_dataset"/>
    <testcase time="0.00100000000000477" classname="datachk_TESTING" name="Check_TESTING_dataset"/>
    <testcase time="0.00199999999999534" classname="datachk_TESTING" name="Check_TESTING_dataset"/>
    <testcase time="0.00100000000000477" classname="datachk_TESTING" name="Check_TESTING_dataset"/>
    <testcase time="0.00100000000000477" classname="datachk_TESTING" name="Check_TESTING_dataset"/>
    <testcase time="0.171999999999997" classname="datachk_TESTING" name="shutdown"/>
    <testcase time="0.00199999999999534" classname="datachk_TESTING" name="shutdown"/>
    <testcase time="0.00100000000000477" classname="datachk_TESTING" name="shutdown"/>
  </testsuite>
</testsuites>
