<?xml version="1.0" encoding="UTF-8"?>
<testsuites>
  <testsuite name="disc-ds.cor" timestamp="2026-05-23T04:23:47Z" hostname="runnervmg397c" tests="27" skipped="2" failures="2" errors="0" time="15.411">
    <testcase time="9.937" classname="disc_ds.cor" name="setup">
      <failure type="failure" message="Expected `study.current.variables$objects.found` to have the same values as `expected.variables`. ('test-disc-ds.cor.R:21:5')">Expected `study.current.variables$objects.found` to have the same values as `expected.variables`.
Actual: "D", "read_datashield_inst", "to_df"
Expected: "D"
Needs: "read_datashield_inst", "to_df"
Backtrace:
    x
 1. \-global ds_expect_variables(c("D")) at test-disc-ds.cor.R:21:5
 2.   \-testthat::expect_setequal(...)</failure>
    </testcase>
    <testcase time="0.0600000000000005" classname="disc_ds.cor" name="setup"/>
    <testcase time="0.00899999999999856" classname="disc_ds.cor" name="setup"/>
    <testcase time="4.17" classname="disc_ds.cor" name="simple_D3_setup"/>
    <testcase time="0.00100000000000122" classname="disc_ds.cor" name="simple_D3_setup"/>
    <testcase time="0.00199999999999889" classname="disc_ds.cor" name="simple_D3_setup"/>
    <testcase time="0.00200000000000244" classname="disc_ds.cor" name="simple_D3_setup"/>
    <testcase time="0.000999999999997669" classname="disc_ds.cor" name="simple_D3_setup"/>
    <testcase time="0.00200000000000244" classname="disc_ds.cor" name="simple_D3_setup"/>
    <testcase time="0.000999999999997669" classname="disc_ds.cor" name="simple_D3_setup"/>
    <testcase time="0.00100000000000122" classname="disc_ds.cor" name="simple_D3_setup"/>
    <testcase time="0.00199999999999889" classname="disc_ds.cor" name="simple_D3_setup"/>
    <testcase time="0.00100000000000122" classname="disc_ds.cor" name="simple_D3_setup"/>
    <testcase time="0.00100000000000122" classname="disc_ds.cor" name="simple_D3_setup"/>
    <testcase time="0.00199999999999889" classname="disc_ds.cor" name="simple_D3_setup"/>
    <testcase time="0.00100000000000122" classname="disc_ds.cor" name="simple_D3_setup"/>
    <testcase time="0.498999999999999" classname="disc_ds.cor" name="simple_disc_test_type_split_"/>
    <testcase time="0.0120000000000005" classname="disc_ds.cor" name="simple_disc_test_type_split_"/>
    <testcase time="0.00199999999999889" classname="disc_ds.cor" name="simple_disc_test_type_split_"/>
    <testcase time="0.00300000000000011" classname="disc_ds.cor" name="simple_disc_test_naAction_pairwise.complete_type_split_">
      <skipped message="Reason: empty test ('test-disc-ds.cor.R:60:1')"/>
    </testcase>
    <testcase time="0.48" classname="disc_ds.cor" name="simple_disc_test_type_combine_"/>
    <testcase time="0.00199999999999889" classname="disc_ds.cor" name="simple_disc_test_type_combine_"/>
    <testcase time="0.00100000000000122" classname="disc_ds.cor" name="simple_disc_test_type_combine_"/>
    <testcase time="0.00400000000000134" classname="disc_ds.cor" name="simple_disc_test_naAction_pairwise.complete_type_combine_">
      <skipped message="Reason: empty test ('test-disc-ds.cor.R:94:1')"/>
    </testcase>
    <testcase time="0.197999999999997" classname="disc_ds.cor" name="shutdown">
      <failure type="failure" message="Expected `study.current.variables$objects.found` to have the same values as `expected.variables`. ('test-disc-ds.cor.R:114:5')">Expected `study.current.variables$objects.found` to have the same values as `expected.variables`.
Actual: "D", "D1", "D2", "D3", "read_datashield_inst", "to_df"
Expected: "D", "D1", "D2", "D3"
Needs: "read_datashield_inst", "to_df"
Backtrace:
    x
 1. \-global ds_expect_variables(c("D", "D1", "D2", "D3")) at test-disc-ds.cor.R:114:5
 2.   \-testthat::expect_setequal(...)</failure>
    </testcase>
    <testcase time="0.0160000000000018" classname="disc_ds.cor" name="shutdown"/>
    <testcase time="0.00100000000000122" classname="disc_ds.cor" name="shutdown"/>
  </testsuite>
  <testsuite name="disc-ds.cov" timestamp="2026-05-23T04:24:02Z" hostname="runnervmg397c" tests="39" skipped="2" failures="0" errors="0" time="11.358">
    <testcase time="6.461" classname="disc_ds.cov" name="setup"/>
    <testcase time="0.000999999999997669" classname="disc_ds.cov" name="setup"/>
    <testcase time="0.00100000000000122" classname="disc_ds.cov" name="setup"/>
    <testcase time="3.846" classname="disc_ds.cov" name="simple_D3_setup"/>
    <testcase time="0.00199999999999889" classname="disc_ds.cov" name="simple_D3_setup"/>
    <testcase time="0.00100000000000122" classname="disc_ds.cov" name="simple_D3_setup"/>
    <testcase time="0.00199999999999889" classname="disc_ds.cov" name="simple_D3_setup"/>
    <testcase time="0.00100000000000122" classname="disc_ds.cov" name="simple_D3_setup"/>
    <testcase time="0.00100000000000122" classname="disc_ds.cov" name="simple_D3_setup"/>
    <testcase time="0.00199999999999889" classname="disc_ds.cov" name="simple_D3_setup"/>
    <testcase time="0.00100000000000122" classname="disc_ds.cov" name="simple_D3_setup"/>
    <testcase time="0.000999999999997669" classname="disc_ds.cov" name="simple_D3_setup"/>
    <testcase time="0.00200000000000244" classname="disc_ds.cov" name="simple_D3_setup"/>
    <testcase time="0.000999999999997669" classname="disc_ds.cov" name="simple_D3_setup"/>
    <testcase time="0.00100000000000122" classname="disc_ds.cov" name="simple_D3_setup"/>
    <testcase time="0.00199999999999889" classname="disc_ds.cov" name="simple_D3_setup"/>
    <testcase time="0.405000000000001" classname="disc_ds.cov" name="simple_disc_test_naAction_casewise.complete_type_split_"/>
    <testcase time="0.00100000000000122" classname="disc_ds.cov" name="simple_disc_test_naAction_casewise.complete_type_split_"/>
    <testcase time="0.00199999999999889" classname="disc_ds.cov" name="simple_disc_test_naAction_casewise.complete_type_split_"/>
    <testcase time="0.00300000000000011" classname="disc_ds.cov" name="simple_disc_test_naAction_casewise.complete_type_split_"/>
    <testcase time="0.000999999999997669" classname="disc_ds.cov" name="simple_disc_test_naAction_casewise.complete_type_split_"/>
    <testcase time="0.00100000000000122" classname="disc_ds.cov" name="simple_disc_test_naAction_casewise.complete_type_split_"/>
    <testcase time="0.00199999999999889" classname="disc_ds.cov" name="simple_disc_test_naAction_casewise.complete_type_split_"/>
    <testcase time="0.00100000000000122" classname="disc_ds.cov" name="simple_disc_test_naAction_casewise.complete_type_split_"/>
    <testcase time="0.00100000000000122" classname="disc_ds.cov" name="simple_disc_test_naAction_casewise.complete_type_split_"/>
    <testcase time="0.00300000000000011" classname="disc_ds.cov" name="simple_disc_test_naAction_casewise.complete_type_split_"/>
    <testcase time="0.00300000000000011" classname="disc_ds.cov" name="simple_disc_test_naAction_pairwise.complete_type_split_">
      <skipped message="Reason: empty test ('test-disc-ds.cov.R:65:1')"/>
    </testcase>
    <testcase time="0.405999999999999" classname="disc_ds.cov" name="simple_disc_test_naAction_casewise.complete_type_combine_"/>
    <testcase time="0.00100000000000122" classname="disc_ds.cov" name="simple_disc_test_naAction_casewise.complete_type_combine_"/>
    <testcase time="0.00199999999999889" classname="disc_ds.cov" name="simple_disc_test_naAction_casewise.complete_type_combine_"/>
    <testcase time="0.00300000000000011" classname="disc_ds.cov" name="simple_disc_test_naAction_casewise.complete_type_combine_"/>
    <testcase time="0.00100000000000122" classname="disc_ds.cov" name="simple_disc_test_naAction_casewise.complete_type_combine_"/>
    <testcase time="0.000999999999997669" classname="disc_ds.cov" name="simple_disc_test_naAction_casewise.complete_type_combine_"/>
    <testcase time="0.00200000000000244" classname="disc_ds.cov" name="simple_disc_test_naAction_casewise.complete_type_combine_"/>
    <testcase time="0.00199999999999889" classname="disc_ds.cov" name="simple_disc_test_naAction_casewise.complete_type_combine_"/>
    <testcase time="0.00300000000000011" classname="disc_ds.cov" name="simple_disc_test_naAction_pairwise.complete_type_combine_">
      <skipped message="Reason: empty test ('test-disc-ds.cov.R:93:1')"/>
    </testcase>
    <testcase time="0.184999999999999" classname="disc_ds.cov" name="shutdown"/>
    <testcase time="0.00200000000000244" classname="disc_ds.cov" name="shutdown"/>
    <testcase time="0.000999999999997669" classname="disc_ds.cov" name="shutdown"/>
  </testsuite>
  <testsuite name="disc-ds.levels" timestamp="2026-05-23T04:24:14Z" hostname="runnervmg397c" tests="7" skipped="1" failures="0" errors="0" time="6.287">
    <testcase time="6.136" classname="disc_ds.levels" name="setup"/>
    <testcase time="0.00199999999999534" classname="disc_ds.levels" name="setup"/>
    <testcase time="0.00100000000000477" classname="disc_ds.levels" name="setup"/>
    <testcase time="0.00300000000000011" classname="disc_ds.levels" name="simple_levels">
      <skipped message="Reason: empty test ('test-disc-ds.levels.R:28:1')"/>
    </testcase>
    <testcase time="0.143000000000001" classname="disc_ds.levels" name="shutdown"/>
    <testcase time="0.000999999999997669" classname="disc_ds.levels" name="shutdown"/>
    <testcase time="0.000999999999997669" classname="disc_ds.levels" name="shutdown"/>
  </testsuite>
  <testsuite name="disc-ds.mean" timestamp="2026-05-23T04:24:20Z" hostname="runnervmg397c" tests="1" skipped="1" failures="0" errors="0" time="5.982">
    <testcase time="5.982" classname="disc_ds.mean" name="mean_values_both_">
      <skipped message="Reason: empty test ('test-disc-ds.mean.R:23:1')"/>
    </testcase>
  </testsuite>
  <testsuite name="disc-ds.meanByClass" timestamp="2026-05-23T04:24:26Z" hostname="runnervmg397c" tests="1" skipped="1" failures="0" errors="0" time="5.907">
    <testcase time="5.907" classname="disc_ds.meanByClass" name="meanByClass_erros">
      <skipped message="Reason: empty test ('test-disc-ds.meanByClass.R:25:1')"/>
    </testcase>
  </testsuite>
  <testsuite name="disc-ds.sample" timestamp="2026-05-23T04:24:32Z" hostname="runnervmg397c" tests="22" skipped="0" failures="0" errors="0" time="8.638">
    <testcase time="6.379" classname="disc_ds.sample" name="cov_erros"/>
    <testcase time="0.00200000000000244" classname="disc_ds.sample" name="cov_erros"/>
    <testcase time="0.000999999999997669" classname="disc_ds.sample" name="cov_erros"/>
    <testcase time="0.00100000000000477" classname="disc_ds.sample" name="cov_erros"/>
    <testcase time="0.00199999999999534" classname="disc_ds.sample" name="cov_erros"/>
    <testcase time="0.502000000000002" classname="disc_ds.sample" name="cov_erros"/>
    <testcase time="0.00199999999999534" classname="disc_ds.sample" name="cov_erros"/>
    <testcase time="0.00100000000000477" classname="disc_ds.sample" name="cov_erros"/>
    <testcase time="0.00199999999999534" classname="disc_ds.sample" name="cov_erros"/>
    <testcase time="0.00100000000000477" classname="disc_ds.sample" name="cov_erros"/>
    <testcase time="0.494999999999997" classname="disc_ds.sample" name="cov_erros"/>
    <testcase time="0.0069999999999979" classname="disc_ds.sample" name="cov_erros"/>
    <testcase time="0.00100000000000477" classname="disc_ds.sample" name="cov_erros"/>
    <testcase time="0.00199999999999534" classname="disc_ds.sample" name="cov_erros"/>
    <testcase time="0.00100000000000477" classname="disc_ds.sample" name="cov_erros"/>
    <testcase time="0.814" classname="disc_ds.sample" name="cov_erros"/>
    <testcase time="0.00199999999999534" classname="disc_ds.sample" name="cov_erros"/>
    <testcase time="0.00100000000000477" classname="disc_ds.sample" name="cov_erros"/>
    <testcase time="0.417999999999999" classname="disc_ds.sample" name="cov_erros"/>
    <testcase time="0.000999999999997669" classname="disc_ds.sample" name="cov_erros"/>
    <testcase time="0.00200000000000244" classname="disc_ds.sample" name="cov_erros"/>
    <testcase time="0.000999999999997669" classname="disc_ds.sample" name="cov_erros"/>
  </testsuite>
  <testsuite name="disc-ds.table" timestamp="2026-05-23T04:24:41Z" hostname="runnervmg397c" tests="33" skipped="0" failures="0" errors="0" time="22.105">
    <testcase time="6.716" classname="disc_ds.table" name="setup"/>
    <testcase time="0.00200000000000244" classname="disc_ds.table" name="setup"/>
    <testcase time="0.000999999999997669" classname="disc_ds.table" name="setup"/>
    <testcase time="3.09500000000001" classname="disc_ds.table" name="table_disclosure_table.assign_FALSE"/>
    <testcase time="0.000999999999990564" classname="disc_ds.table" name="table_disclosure_table.assign_FALSE"/>
    <testcase time="0.00200000000000955" classname="disc_ds.table" name="table_disclosure_table.assign_FALSE"/>
    <testcase time="0.000999999999990564" classname="disc_ds.table" name="table_disclosure_table.assign_FALSE"/>
    <testcase time="0.00100000000000477" classname="disc_ds.table" name="table_disclosure_table.assign_FALSE"/>
    <testcase time="0.00100000000000477" classname="disc_ds.table" name="table_disclosure_table.assign_FALSE"/>
    <testcase time="0.00199999999999534" classname="disc_ds.table" name="table_disclosure_table.assign_FALSE"/>
    <testcase time="3.33799999999999" classname="disc_ds.table" name="table_disclosure_table.assign_TRUE"/>
    <testcase time="0.456000000000003" classname="disc_ds.table" name="table_rvar_is_big_numeric"/>
    <testcase time="0.00100000000000477" classname="disc_ds.table" name="table_rvar_is_big_numeric"/>
    <testcase time="0.00199999999999534" classname="disc_ds.table" name="table_rvar_is_big_numeric"/>
    <testcase time="0.00100000000000477" classname="disc_ds.table" name="table_rvar_is_big_numeric"/>
    <testcase time="0.000999999999990564" classname="disc_ds.table" name="table_rvar_is_big_numeric"/>
    <testcase time="0.176000000000002" classname="disc_ds.table" name="setup"/>
    <testcase time="0.00100000000000477" classname="disc_ds.table" name="setup"/>
    <testcase time="0.00199999999999534" classname="disc_ds.table" name="setup"/>
    <testcase time="6.193" classname="disc_ds.table" name="setup"/>
    <testcase time="0.00200000000000955" classname="disc_ds.table" name="setup"/>
    <testcase time="0.000999999999990564" classname="disc_ds.table" name="setup"/>
    <testcase time="0.790000000000006" classname="disc_ds.table" name="table_disclosure_table.assign_FALSE"/>
    <testcase time="0.00199999999999534" classname="disc_ds.table" name="table_disclosure_table.assign_FALSE"/>
    <testcase time="0.00100000000000477" classname="disc_ds.table" name="table_disclosure_table.assign_FALSE"/>
    <testcase time="0.00199999999999534" classname="disc_ds.table" name="table_disclosure_table.assign_FALSE"/>
    <testcase time="0.00100000000000477" classname="disc_ds.table" name="table_disclosure_table.assign_FALSE"/>
    <testcase time="0.00100000000000477" classname="disc_ds.table" name="table_disclosure_table.assign_FALSE"/>
    <testcase time="0.00199999999999534" classname="disc_ds.table" name="table_disclosure_table.assign_FALSE"/>
    <testcase time="1.139" classname="disc_ds.table" name="table_disclosure_table.assign_TRUE"/>
    <testcase time="0.168000000000006" classname="disc_ds.table" name="setup"/>
    <testcase time="0.00199999999999534" classname="disc_ds.table" name="setup"/>
    <testcase time="0.00100000000000477" classname="disc_ds.table" name="setup"/>
  </testsuite>
  <testsuite name="disc-ds.var" timestamp="2026-05-23T04:25:03Z" hostname="runnervmg397c" tests="1" skipped="1" failures="0" errors="0" time="5.817">
    <testcase time="5.81699999999999" classname="disc_ds.var" name="var_values_both_">
      <skipped message="Reason: empty test ('test-disc-ds.var.R:23:1')"/>
    </testcase>
  </testsuite>
</testsuites>
